{"recorder_version":"20","session":"ba0d40c5c531","build":"192.5728.98","bucket":"213","time":1584059148123,"group":{"id":"settings","version":"4"},"event":{"state":true,"data":{"component":"NotRoamableUiSettings","created":1584059148674},"id":"invoked"}}
{"recorder_version":"20","session":"ba0d40c5c531","build":"192.5728.98","bucket":"213","time":1584059148127,"group":{"id":"system.java","version":"1"},"event":{"state":true,"data":{"created":1584059148676,"version":"validation.undefined_rule"},"id":"validation.undefined_rule"}}
{"recorder_version":"20","session":"ba0d40c5c531","build":"192.5728.98","bucket":"213","time":1584059148127,"group":{"id":"system.java","version":"1"},"event":{"state":true,"data":{"created":1584059148696},"id":"invoked"}}
{"recorder_version":"20","session":"ba0d40c5c531","build":"192.5728.98","bucket":"213","time":1584059148194,"group":{"id":"system.os","version":"3"},"event":{"state":true,"data":{"created":1584059148698,"version":"10.14"},"id":"Mac"}}
{"recorder_version":"20","session":"ba0d40c5c531","build":"192.5728.98","bucket":"213","time":1584059148194,"group":{"id":"system.os","version":"3"},"event":{"state":true,"data":{"created":1584059148699,"name":"Mac","version":"10.14"},"id":"os.name"}}
{"recorder_version":"20","session":"ba0d40c5c531","build":"192.5728.98","bucket":"213","time":1584059148194,"group":{"id":"system.os","version":"3"},"event":{"state":true,"data":{"created":1584059148700,"value":"-05_00"},"id":"os.timezone"}}
{"recorder_version":"20","session":"ba0d40c5c531","build":"192.5728.98","bucket":"213","time":1584059148194,"group":{"id":"system.os","version":"3"},"event":{"state":true,"data":{"created":1584059148701},"id":"invoked"}}
{"recorder_version":"20","session":"ba0d40c5c531","build":"192.5728.98","bucket":"213","time":1584059148224,"group":{"id":"settings","version":"4"},"event":{"state":true,"data":{"component":"UISettings","created":1584059148702},"id":"invoked"}}
{"recorder_version":"20","session":"ba0d40c5c531","build":"192.5728.98","bucket":"213","time":1584059148674,"group":{"id":"event.log","version":"20"},"event":{"count":1,"data":{"created":1584059148704,"version":"1156.0"},"id":"whitelist.loaded"}}
{"recorder_version":"20","session":"ba0d40c5c531","build":"192.5728.98","bucket":"213","time":1584059152158,"group":{"id":"settings","version":"4"},"event":{"state":true,"data":{"component":"UpdatesConfigurable","created":1584059152158,"name":"checkNeeded","type":"bool","value":false},"id":"not.default"}}
{"recorder_version":"20","session":"ba0d40c5c531","build":"192.5728.98","bucket":"213","time":1584059152158,"group":{"id":"settings","version":"4"},"event":{"state":true,"data":{"component":"UpdatesConfigurable","created":1584059152159},"id":"invoked"}}
{"recorder_version":"20","session":"ba0d40c5c531","build":"192.5728.98","bucket":"213","time":1584059152762,"group":{"id":"settings","version":"4"},"event":{"state":true,"data":{"component":"GeneralSettings","created":1584059152762,"name":"showTipsOnStartup","type":"bool","value":false},"id":"not.default"}}
{"recorder_version":"20","session":"ba0d40c5c531","build":"192.5728.98","bucket":"213","time":1584059152763,"group":{"id":"settings","version":"4"},"event":{"state":true,"data":{"component":"GeneralSettings","created":1584059152764},"id":"invoked"}}
{"recorder_version":"20","session":"ba0d40c5c531","build":"192.5728.98","bucket":"213","time":1584059152774,"group":{"id":"lifecycle","version":"20"},"event":{"count":1,"data":{"internal":true,"eap":false,"created":1584059152775},"id":"ide.start"}}
{"recorder_version":"20","session":"ba0d40c5c531","build":"192.5728.98","bucket":"213","time":1584059153662,"group":{"id":"performance","version":"20"},"event":{"count":1,"data":{"duration_ms":1544,"created":1584059153662},"id":"ui.latency"}}
{"recorder_version":"20","session":"ba0d40c5c531","build":"192.5728.98","bucket":"213","time":1584059153662,"group":{"id":"performance","version":"20"},"event":{"count":1,"data":{"duration_ms":1544,"created":1584059153663},"id":"ui.lagging"}}
{"recorder_version":"20","session":"ba0d40c5c531","build":"192.5728.98","bucket":"213","time":1584059153848,"group":{"id":"performance","version":"20"},"event":{"count":1,"data":{"duration_ms":728,"created":1584059153849},"id":"ui.lagging"}}
{"recorder_version":"20","session":"ba0d40c5c531","build":"192.5728.98","bucket":"213","time":1584059154347,"group":{"id":"ui.dialogs","version":"20"},"event":{"count":1,"data":{"created":1584059154350,"plugin_type":"PLATFORM","type":"show"},"id":"com.intellij.openapi.progress.util.ProgressDialog$MyDialogWrapper"}}
{"recorder_version":"20","session":"ba0d40c5c531","build":"192.5728.98","bucket":"213","time":1584059158468,"group":{"id":"lifecycle","version":"20"},"event":{"count":1,"data":{"created":1584059158468,"project":"3ac4613ba6df8205a6772f403ddea29cb4b8e6dd420a4b1106d504d4a525f0ed"},"id":"project.opened"}}
{"recorder_version":"20","session":"ba0d40c5c531","build":"192.5728.98","bucket":"213","time":1584059160427,"group":{"id":"performance","version":"20"},"event":{"count":1,"data":{"duration_ms":1290,"created":1584059160428},"id":"ui.lagging"}}
{"recorder_version":"20","session":"ba0d40c5c531","build":"192.5728.98","bucket":"213","time":1584059160428,"group":{"id":"performance","version":"20"},"event":{"count":1,"data":{"duration_ms":290,"created":1584059160428},"id":"ui.lagging"}}
{"recorder_version":"20","session":"ba0d40c5c531","build":"192.5728.98","bucket":"213","time":1584059162947,"group":{"id":"settings","version":"4"},"event":{"state":true,"data":{"component":"XmlEditorOptions","created":1584059162947},"id":"invoked"}}
{"recorder_version":"20","session":"ba0d40c5c531","build":"192.5728.98","bucket":"213","time":1584059163090,"group":{"id":"performance","version":"20"},"event":{"count":1,"data":{"duration_ms":1943,"created":1584059163091},"id":"ui.lagging"}}
{"recorder_version":"20","session":"ba0d40c5c531","build":"192.5728.98","bucket":"213","time":1584059163128,"group":{"id":"performance","version":"20"},"event":{"count":1,"data":{"duration_ms":986,"created":1584059163128},"id":"ui.lagging"}}
{"recorder_version":"20","session":"ba0d40c5c531","build":"192.5728.98","bucket":"213","time":1584059164415,"group":{"id":"performance","version":"20"},"event":{"count":1,"data":{"duration_ms":272,"created":1584059164415},"id":"ui.lagging"}}
{"recorder_version":"20","session":"ba0d40c5c531","build":"192.5728.98","bucket":"213","time":1584059165454,"group":{"id":"toolwindow","version":"20"},"event":{"count":1,"data":{"os":"Mac","created":1584059165459,"plugin_type":"NOT_LISTED"},"id":"third.party"}}
{"recorder_version":"20","session":"ba0d40c5c531","build":"192.5728.98","bucket":"213","time":1584059166846,"group":{"id":"lifecycle","version":"20"},"event":{"count":1,"data":{"created":1584059166847,"project":"3ac4613ba6df8205a6772f403ddea29cb4b8e6dd420a4b1106d504d4a525f0ed"},"id":"frame.activated"}}
{"recorder_version":"20","session":"ba0d40c5c531","build":"192.5728.98","bucket":"213","time":1584059167058,"group":{"id":"performance","version":"20"},"event":{"count":1,"data":{"duration_ms":1914,"created":1584059167058},"id":"ui.lagging"}}
{"recorder_version":"20","session":"ba0d40c5c531","build":"192.5728.98","bucket":"213","time":1584059167064,"group":{"id":"performance","version":"20"},"event":{"count":1,"data":{"duration_ms":914,"created":1584059167065},"id":"ui.lagging"}}
{"recorder_version":"20","session":"ba0d40c5c531","build":"192.5728.98","bucket":"213","time":1584059168152,"group":{"id":"lifecycle","version":"20"},"event":{"count":1,"data":{"created":1584059168152,"project":"3ac4613ba6df8205a6772f403ddea29cb4b8e6dd420a4b1106d504d4a525f0ed"},"id":"frame.deactivated"}}
{"recorder_version":"20","session":"ba0d40c5c531","build":"192.5728.98","bucket":"213","time":1584059168587,"group":{"id":"performance","version":"20"},"event":{"count":1,"data":{"duration_ms":1435,"created":1584059168587},"id":"ui.lagging"}}
{"recorder_version":"20","session":"ba0d40c5c531","build":"192.5728.98","bucket":"213","time":1584059168863,"group":{"id":"performance","version":"20"},"event":{"count":1,"data":{"duration_ms":711,"created":1584059168863},"id":"ui.lagging"}}
{"recorder_version":"20","session":"ba0d40c5c531","build":"192.5728.98","bucket":"213","time":1584059172121,"group":{"id":"project.fs","version":"1"},"event":{"state":true,"data":{"os":"Mac","cs-project":false,"created":1584059172121,"project":"3ac4613ba6df8205a6772f403ddea29cb4b8e6dd420a4b1106d504d4a525f0ed","cs-implicit":true,"cs-system":false},"id":"case-sensitivity"}}
{"recorder_version":"20","session":"ba0d40c5c531","build":"192.5728.98","bucket":"213","time":1584059172121,"group":{"id":"project.fs","version":"1"},"event":{"state":true,"data":{"created":1584059172123},"id":"invoked"}}
{"recorder_version":"20","session":"ba0d40c5c531","build":"192.5728.98","bucket":"213","time":1584059172122,"group":{"id":"project.fs","version":"1"},"event":{"state":true,"data":{"pct-non-watched":0,"created":1584059172124,"project":"3ac4613ba6df8205a6772f403ddea29cb4b8e6dd420a4b1106d504d4a525f0ed"},"id":"roots-watched"}}
{"recorder_version":"20","session":"ba0d40c5c531","build":"192.5728.98","bucket":"213","time":1584059172122,"group":{"id":"project.fs","version":"1"},"event":{"state":true,"data":{"created":1584059172124},"id":"invoked"}}
{"recorder_version":"20","session":"ba0d40c5c531","build":"192.5728.98","bucket":"213","time":1584059172496,"group":{"id":"lifecycle","version":"20"},"event":{"count":1,"data":{"created":1584059172496,"project":"3ac4613ba6df8205a6772f403ddea29cb4b8e6dd420a4b1106d504d4a525f0ed"},"id":"frame.activated"}}
{"recorder_version":"20","session":"ba0d40c5c531","build":"192.5728.98","bucket":"213","time":1584059172526,"group":{"id":"ui.dialogs","version":"20"},"event":{"count":1,"data":{"code":1,"created":1584059172527,"plugin_type":"PLATFORM","type":"close"},"id":"com.intellij.openapi.progress.util.ProgressDialog$MyDialogWrapper"}}
{"recorder_version":"20","session":"ba0d40c5c531","build":"192.5728.98","bucket":"213","time":1584059173122,"group":{"id":"lifecycle","version":"20"},"event":{"count":1,"data":{"duration_ms":19028,"created":1584059173122,"project":"3ac4613ba6df8205a6772f403ddea29cb4b8e6dd420a4b1106d504d4a525f0ed"},"id":"project.opening.finished"}}
{"recorder_version":"20","session":"ba0d40c5c531","build":"192.5728.98","bucket":"213","time":1584059173722,"group":{"id":"performance","version":"20"},"event":{"count":1,"data":{"duration_ms":499,"created":1584059173722},"id":"ui.lagging"}}
{"recorder_version":"20","session":"ba0d40c5c531","build":"192.5728.98","bucket":"213","time":1584059174337,"group":{"id":"performance","version":"20"},"event":{"count":1,"data":{"duration_ms":114,"created":1584059174337},"id":"ui.lagging"}}
{"recorder_version":"20","session":"ba0d40c5c531","build":"192.5728.98","bucket":"213","time":1584059189444,"group":{"id":"lifecycle","version":"20"},"event":{"count":1,"data":{"created":1584059189444,"project":"3ac4613ba6df8205a6772f403ddea29cb4b8e6dd420a4b1106d504d4a525f0ed"},"id":"frame.deactivated"}}
{"recorder_version":"20","session":"ba0d40c5c531","build":"192.5728.98","bucket":"213","time":1584059230088,"group":{"id":"lifecycle","version":"20"},"event":{"count":1,"data":{"created":1584059230089,"project":"3ac4613ba6df8205a6772f403ddea29cb4b8e6dd420a4b1106d504d4a525f0ed"},"id":"frame.activated"}}
{"recorder_version":"20","session":"ba0d40c5c531","build":"192.5728.98","bucket":"213","time":1584059234182,"group":{"id":"lifecycle","version":"20"},"event":{"count":1,"data":{"created":1584059234183,"project":"3ac4613ba6df8205a6772f403ddea29cb4b8e6dd420a4b1106d504d4a525f0ed"},"id":"frame.deactivated"}}
{"recorder_version":"20","session":"ba0d40c5c531","build":"192.5728.98","bucket":"213","time":1584059235434,"group":{"id":"lifecycle","version":"20"},"event":{"count":1,"data":{"created":1584059235436,"project":"3ac4613ba6df8205a6772f403ddea29cb4b8e6dd420a4b1106d504d4a525f0ed"},"id":"frame.activated"}}
{"recorder_version":"20","session":"ba0d40c5c531","build":"192.5728.98","bucket":"213","time":1584059236807,"group":{"id":"lifecycle","version":"20"},"event":{"count":1,"data":{"created":1584059236809,"project":"3ac4613ba6df8205a6772f403ddea29cb4b8e6dd420a4b1106d504d4a525f0ed"},"id":"frame.deactivated"}}
{"recorder_version":"20","session":"ba0d40c5c531","build":"192.5728.98","bucket":"213","time":1584059254461,"group":{"id":"performance","version":"20"},"event":{"count":1,"data":{"duration_ms":1,"created":1584059254461},"id":"ui.latency"}}
{"recorder_version":"20","session":"ba0d40c5c531","build":"192.5728.98","bucket":"213","time":1584059261840,"group":{"id":"lifecycle","version":"20"},"event":{"count":1,"data":{"created":1584059261840,"project":"3ac4613ba6df8205a6772f403ddea29cb4b8e6dd420a4b1106d504d4a525f0ed"},"id":"frame.activated"}}
{"recorder_version":"20","session":"ba0d40c5c531","build":"192.5728.98","bucket":"213","time":1584059263727,"group":{"id":"lifecycle","version":"20"},"event":{"count":1,"data":{"created":1584059263727,"project":"3ac4613ba6df8205a6772f403ddea29cb4b8e6dd420a4b1106d504d4a525f0ed"},"id":"frame.deactivated"}}
{"recorder_version":"20","session":"ba0d40c5c531","build":"192.5728.98","bucket":"213","time":1584059264595,"group":{"id":"lifecycle","version":"20"},"event":{"count":1,"data":{"created":1584059264598,"project":"3ac4613ba6df8205a6772f403ddea29cb4b8e6dd420a4b1106d504d4a525f0ed"},"id":"frame.activated"}}
{"recorder_version":"20","session":"ba0d40c5c531","build":"192.5728.98","bucket":"213","time":1584059283032,"group":{"id":"lifecycle","version":"20"},"event":{"count":1,"data":{"created":1584059283034,"project":"3ac4613ba6df8205a6772f403ddea29cb4b8e6dd420a4b1106d504d4a525f0ed"},"id":"frame.deactivated"}}
{"recorder_version":"20","session":"ba0d40c5c531","build":"192.5728.98","bucket":"213","time":1584059345700,"group":{"id":"lifecycle","version":"20"},"event":{"count":1,"data":{"created":1584059345703,"project":"3ac4613ba6df8205a6772f403ddea29cb4b8e6dd420a4b1106d504d4a525f0ed"},"id":"frame.activated"}}
{"recorder_version":"20","session":"ba0d40c5c531","build":"192.5728.98","bucket":"213","time":1584059349563,"group":{"id":"lifecycle","version":"20"},"event":{"count":1,"data":{"created":1584059349563,"project":"3ac4613ba6df8205a6772f403ddea29cb4b8e6dd420a4b1106d504d4a525f0ed"},"id":"frame.deactivated"}}
