{"recorder_version":"20","session":"c3ed43935faa","build":"192.5728.98","bucket":"213","time":1584057138125,"group":{"id":"settings","version":"4"},"event":{"state":true,"data":{"component":"NotRoamableUiSettings","created":1584057138459},"id":"invoked"}}
{"recorder_version":"20","session":"c3ed43935faa","build":"192.5728.98","bucket":"213","time":1584057138128,"group":{"id":"system.java","version":"1"},"event":{"state":true,"data":{"created":1584057138464,"version":"validation.undefined_rule"},"id":"validation.undefined_rule"}}
{"recorder_version":"20","session":"c3ed43935faa","build":"192.5728.98","bucket":"213","time":1584057138128,"group":{"id":"system.java","version":"1"},"event":{"state":true,"data":{"created":1584057138484},"id":"invoked"}}
{"recorder_version":"20","session":"c3ed43935faa","build":"192.5728.98","bucket":"213","time":1584057138135,"group":{"id":"settings","version":"4"},"event":{"state":true,"data":{"component":"UISettings","created":1584057138485},"id":"invoked"}}
{"recorder_version":"20","session":"c3ed43935faa","build":"192.5728.98","bucket":"213","time":1584057138176,"group":{"id":"system.os","version":"3"},"event":{"state":true,"data":{"created":1584057138487,"version":"10.14"},"id":"Mac"}}
{"recorder_version":"20","session":"c3ed43935faa","build":"192.5728.98","bucket":"213","time":1584057138176,"group":{"id":"system.os","version":"3"},"event":{"state":true,"data":{"created":1584057138489,"name":"Mac","version":"10.14"},"id":"os.name"}}
{"recorder_version":"20","session":"c3ed43935faa","build":"192.5728.98","bucket":"213","time":1584057138176,"group":{"id":"system.os","version":"3"},"event":{"state":true,"data":{"created":1584057138490,"value":"-05_00"},"id":"os.timezone"}}
{"recorder_version":"20","session":"c3ed43935faa","build":"192.5728.98","bucket":"213","time":1584057138176,"group":{"id":"system.os","version":"3"},"event":{"state":true,"data":{"created":1584057138491},"id":"invoked"}}
{"recorder_version":"20","session":"c3ed43935faa","build":"192.5728.98","bucket":"213","time":1584057138459,"group":{"id":"event.log","version":"20"},"event":{"count":1,"data":{"created":1584057138493,"version":"1156.0"},"id":"whitelist.loaded"}}
{"recorder_version":"20","session":"c3ed43935faa","build":"192.5728.98","bucket":"213","time":1584057141716,"group":{"id":"settings","version":"4"},"event":{"state":true,"data":{"component":"UpdatesConfigurable","created":1584057141716,"name":"checkNeeded","type":"bool","value":false},"id":"not.default"}}
{"recorder_version":"20","session":"c3ed43935faa","build":"192.5728.98","bucket":"213","time":1584057141716,"group":{"id":"settings","version":"4"},"event":{"state":true,"data":{"component":"UpdatesConfigurable","created":1584057141717},"id":"invoked"}}
{"recorder_version":"20","session":"c3ed43935faa","build":"192.5728.98","bucket":"213","time":1584057142003,"group":{"id":"settings","version":"4"},"event":{"state":true,"data":{"component":"GeneralSettings","created":1584057142004,"name":"showTipsOnStartup","type":"bool","value":false},"id":"not.default"}}
{"recorder_version":"20","session":"c3ed43935faa","build":"192.5728.98","bucket":"213","time":1584057142004,"group":{"id":"settings","version":"4"},"event":{"state":true,"data":{"component":"GeneralSettings","created":1584057142007},"id":"invoked"}}
{"recorder_version":"20","session":"c3ed43935faa","build":"192.5728.98","bucket":"213","time":1584057142014,"group":{"id":"lifecycle","version":"20"},"event":{"count":1,"data":{"internal":true,"eap":false,"created":1584057142014},"id":"ide.start"}}
{"recorder_version":"20","session":"c3ed43935faa","build":"192.5728.98","bucket":"213","time":1584057142767,"group":{"id":"lifecycle","version":"20"},"event":{"count":1,"data":{"created":1584057142768},"id":"frame.activated"}}
{"recorder_version":"20","session":"c3ed43935faa","build":"192.5728.98","bucket":"213","time":1584057142955,"group":{"id":"performance","version":"20"},"event":{"count":1,"data":{"duration_ms":1118,"created":1584057142955},"id":"ui.latency"}}
{"recorder_version":"20","session":"c3ed43935faa","build":"192.5728.98","bucket":"213","time":1584057142955,"group":{"id":"performance","version":"20"},"event":{"count":1,"data":{"duration_ms":1118,"created":1584057142956},"id":"ui.lagging"}}
{"recorder_version":"20","session":"c3ed43935faa","build":"192.5728.98","bucket":"213","time":1584057143035,"group":{"id":"performance","version":"20"},"event":{"count":1,"data":{"duration_ms":195,"created":1584057143036},"id":"ui.lagging"}}
{"recorder_version":"20","session":"c3ed43935faa","build":"192.5728.98","bucket":"213","time":1584057143388,"group":{"id":"ui.dialogs","version":"20"},"event":{"count":1,"data":{"created":1584057143391,"plugin_type":"PLATFORM","type":"show"},"id":"com.intellij.openapi.progress.util.ProgressDialog$MyDialogWrapper"}}
{"recorder_version":"20","session":"c3ed43935faa","build":"192.5728.98","bucket":"213","time":1584057146093,"group":{"id":"lifecycle","version":"20"},"event":{"count":1,"data":{"created":1584057146093,"project":"3ac4613ba6df8205a6772f403ddea29cb4b8e6dd420a4b1106d504d4a525f0ed"},"id":"project.opened"}}
{"recorder_version":"20","session":"c3ed43935faa","build":"192.5728.98","bucket":"213","time":1584057147322,"group":{"id":"performance","version":"20"},"event":{"count":1,"data":{"duration_ms":474,"created":1584057147322},"id":"ui.lagging"}}
{"recorder_version":"20","session":"c3ed43935faa","build":"192.5728.98","bucket":"213","time":1584057149119,"group":{"id":"settings","version":"4"},"event":{"state":true,"data":{"component":"XmlEditorOptions","created":1584057149119},"id":"invoked"}}
{"recorder_version":"20","session":"c3ed43935faa","build":"192.5728.98","bucket":"213","time":1584057149182,"group":{"id":"performance","version":"20"},"event":{"count":1,"data":{"duration_ms":331,"created":1584057149182},"id":"ui.lagging"}}
{"recorder_version":"20","session":"c3ed43935faa","build":"192.5728.98","bucket":"213","time":1584057151167,"group":{"id":"toolwindow","version":"20"},"event":{"count":1,"data":{"os":"Mac","created":1584057151172,"plugin_type":"NOT_LISTED"},"id":"third.party"}}
{"recorder_version":"20","session":"c3ed43935faa","build":"192.5728.98","bucket":"213","time":1584057152052,"group":{"id":"performance","version":"20"},"event":{"count":1,"data":{"duration_ms":1189,"created":1584057152053},"id":"ui.lagging"}}
{"recorder_version":"20","session":"c3ed43935faa","build":"192.5728.98","bucket":"213","time":1584057152072,"group":{"id":"performance","version":"20"},"event":{"count":1,"data":{"duration_ms":217,"created":1584057152072},"id":"ui.lagging"}}
{"recorder_version":"20","session":"c3ed43935faa","build":"192.5728.98","bucket":"213","time":1584057153128,"group":{"id":"performance","version":"20"},"event":{"count":1,"data":{"duration_ms":271,"created":1584057153128},"id":"ui.lagging"}}
{"recorder_version":"20","session":"c3ed43935faa","build":"192.5728.98","bucket":"213","time":1584057156759,"group":{"id":"project.fs","version":"1"},"event":{"state":true,"data":{"os":"Mac","cs-project":false,"created":1584057156759,"project":"3ac4613ba6df8205a6772f403ddea29cb4b8e6dd420a4b1106d504d4a525f0ed","cs-implicit":true,"cs-system":false},"id":"case-sensitivity"}}
{"recorder_version":"20","session":"c3ed43935faa","build":"192.5728.98","bucket":"213","time":1584057156759,"group":{"id":"project.fs","version":"1"},"event":{"state":true,"data":{"created":1584057156760},"id":"invoked"}}
{"recorder_version":"20","session":"c3ed43935faa","build":"192.5728.98","bucket":"213","time":1584057156760,"group":{"id":"project.fs","version":"1"},"event":{"state":true,"data":{"pct-non-watched":0,"created":1584057156760,"project":"3ac4613ba6df8205a6772f403ddea29cb4b8e6dd420a4b1106d504d4a525f0ed"},"id":"roots-watched"}}
{"recorder_version":"20","session":"c3ed43935faa","build":"192.5728.98","bucket":"213","time":1584057156761,"group":{"id":"project.fs","version":"1"},"event":{"state":true,"data":{"created":1584057156761},"id":"invoked"}}
{"recorder_version":"20","session":"c3ed43935faa","build":"192.5728.98","bucket":"213","time":1584057156901,"group":{"id":"ui.dialogs","version":"20"},"event":{"count":1,"data":{"code":1,"created":1584057156902,"plugin_type":"PLATFORM","type":"close"},"id":"com.intellij.openapi.progress.util.ProgressDialog$MyDialogWrapper"}}
{"recorder_version":"20","session":"c3ed43935faa","build":"192.5728.98","bucket":"213","time":1584057157362,"group":{"id":"lifecycle","version":"20"},"event":{"count":1,"data":{"duration_ms":14164,"created":1584057157363,"project":"3ac4613ba6df8205a6772f403ddea29cb4b8e6dd420a4b1106d504d4a525f0ed"},"id":"project.opening.finished"}}
{"recorder_version":"20","session":"c3ed43935faa","build":"192.5728.98","bucket":"213","time":1584057158018,"group":{"id":"performance","version":"20"},"event":{"count":1,"data":{"duration_ms":153,"created":1584057158018},"id":"ui.lagging"}}
{"recorder_version":"20","session":"c3ed43935faa","build":"192.5728.98","bucket":"213","time":1584057159011,"group":{"id":"performance","version":"20"},"event":{"count":1,"data":{"duration_ms":142,"created":1584057159012},"id":"ui.lagging"}}
{"recorder_version":"20","session":"c3ed43935faa","build":"192.5728.98","bucket":"213","time":1584057195342,"group":{"id":"lifecycle","version":"20"},"event":{"count":1,"data":{"created":1584057195342,"project":"3ac4613ba6df8205a6772f403ddea29cb4b8e6dd420a4b1106d504d4a525f0ed"},"id":"frame.deactivated"}}
{"recorder_version":"20","session":"c3ed43935faa","build":"192.5728.98","bucket":"213","time":1584057206924,"group":{"id":"lifecycle","version":"20"},"event":{"count":1,"data":{"created":1584057206926,"project":"3ac4613ba6df8205a6772f403ddea29cb4b8e6dd420a4b1106d504d4a525f0ed"},"id":"frame.activated"}}
{"recorder_version":"20","session":"c3ed43935faa","build":"192.5728.98","bucket":"213","time":1584057208431,"group":{"id":"lifecycle","version":"20"},"event":{"count":1,"data":{"created":1584057208431,"project":"3ac4613ba6df8205a6772f403ddea29cb4b8e6dd420a4b1106d504d4a525f0ed"},"id":"frame.deactivated"}}
{"recorder_version":"20","session":"c3ed43935faa","build":"192.5728.98","bucket":"213","time":1584057232759,"group":{"id":"lifecycle","version":"20"},"event":{"count":1,"data":{"created":1584057232763,"project":"3ac4613ba6df8205a6772f403ddea29cb4b8e6dd420a4b1106d504d4a525f0ed"},"id":"frame.activated"}}
{"recorder_version":"20","session":"c3ed43935faa","build":"192.5728.98","bucket":"213","time":1584057235840,"group":{"id":"lifecycle","version":"20"},"event":{"count":1,"data":{"created":1584057235841,"project":"3ac4613ba6df8205a6772f403ddea29cb4b8e6dd420a4b1106d504d4a525f0ed"},"id":"frame.deactivated"}}
