{"recorder_version":"20","session":"2834501d1063","build":"192.5728.98","bucket":"213","time":1585471642126,"group":{"id":"settings","version":"4"},"event":{"state":true,"data":{"component":"NotRoamableUiSettings","created":1585471642495},"id":"invoked"}}
{"recorder_version":"20","session":"2834501d1063","build":"192.5728.98","bucket":"213","time":1585471642170,"group":{"id":"system.java","version":"1"},"event":{"state":true,"data":{"created":1585471642497,"version":"validation.undefined_rule"},"id":"validation.undefined_rule"}}
{"recorder_version":"20","session":"2834501d1063","build":"192.5728.98","bucket":"213","time":1585471642170,"group":{"id":"system.java","version":"1"},"event":{"state":true,"data":{"created":1585471642507},"id":"invoked"}}
{"recorder_version":"20","session":"2834501d1063","build":"192.5728.98","bucket":"213","time":1585471642179,"group":{"id":"settings","version":"4"},"event":{"state":true,"data":{"component":"UISettings","created":1585471642508},"id":"invoked"}}
{"recorder_version":"20","session":"2834501d1063","build":"192.5728.98","bucket":"213","time":1585471642217,"group":{"id":"system.os","version":"3"},"event":{"state":true,"data":{"created":1585471642510,"version":"10.14"},"id":"Mac"}}
{"recorder_version":"20","session":"2834501d1063","build":"192.5728.98","bucket":"213","time":1585471642217,"group":{"id":"system.os","version":"3"},"event":{"state":true,"data":{"created":1585471642511,"name":"Mac","version":"10.14"},"id":"os.name"}}
{"recorder_version":"20","session":"2834501d1063","build":"192.5728.98","bucket":"213","time":1585471642217,"group":{"id":"system.os","version":"3"},"event":{"state":true,"data":{"created":1585471642513,"value":"-05_00"},"id":"os.timezone"}}
{"recorder_version":"20","session":"2834501d1063","build":"192.5728.98","bucket":"213","time":1585471642217,"group":{"id":"system.os","version":"3"},"event":{"state":true,"data":{"created":1585471642514},"id":"invoked"}}
{"recorder_version":"20","session":"2834501d1063","build":"192.5728.98","bucket":"213","time":1585471642495,"group":{"id":"event.log","version":"20"},"event":{"count":1,"data":{"created":1585471642515,"version":"1194.0"},"id":"whitelist.loaded"}}
{"recorder_version":"20","session":"2834501d1063","build":"192.5728.98","bucket":"213","time":1585471645940,"group":{"id":"settings","version":"4"},"event":{"state":true,"data":{"component":"UpdatesConfigurable","created":1585471645940,"name":"checkNeeded","type":"bool","value":false},"id":"not.default"}}
{"recorder_version":"20","session":"2834501d1063","build":"192.5728.98","bucket":"213","time":1585471645940,"group":{"id":"settings","version":"4"},"event":{"state":true,"data":{"component":"UpdatesConfigurable","created":1585471645942},"id":"invoked"}}
{"recorder_version":"20","session":"2834501d1063","build":"192.5728.98","bucket":"213","time":1585471646221,"group":{"id":"settings","version":"4"},"event":{"state":true,"data":{"component":"GeneralSettings","created":1585471646221,"name":"showTipsOnStartup","type":"bool","value":false},"id":"not.default"}}
{"recorder_version":"20","session":"2834501d1063","build":"192.5728.98","bucket":"213","time":1585471646221,"group":{"id":"settings","version":"4"},"event":{"state":true,"data":{"component":"GeneralSettings","created":1585471646222},"id":"invoked"}}
{"recorder_version":"20","session":"2834501d1063","build":"192.5728.98","bucket":"213","time":1585471646234,"group":{"id":"lifecycle","version":"20"},"event":{"count":1,"data":{"internal":true,"eap":false,"created":1585471646234},"id":"ide.start"}}
{"recorder_version":"20","session":"2834501d1063","build":"192.5728.98","bucket":"213","time":1585471647008,"group":{"id":"lifecycle","version":"20"},"event":{"count":1,"data":{"created":1585471647008},"id":"frame.activated"}}
{"recorder_version":"20","session":"2834501d1063","build":"192.5728.98","bucket":"213","time":1585471647021,"group":{"id":"performance","version":"20"},"event":{"count":1,"data":{"duration_ms":1132,"created":1585471647022},"id":"ui.latency"}}
{"recorder_version":"20","session":"2834501d1063","build":"192.5728.98","bucket":"213","time":1585471647023,"group":{"id":"performance","version":"20"},"event":{"count":1,"data":{"duration_ms":1132,"created":1585471647024},"id":"ui.lagging"}}
{"recorder_version":"20","session":"2834501d1063","build":"192.5728.98","bucket":"213","time":1585471647317,"group":{"id":"performance","version":"20"},"event":{"count":1,"data":{"duration_ms":421,"created":1585471647318},"id":"ui.lagging"}}
{"recorder_version":"20","session":"2834501d1063","build":"192.5728.98","bucket":"213","time":1585471647693,"group":{"id":"ui.dialogs","version":"20"},"event":{"count":1,"data":{"created":1585471647696,"plugin_type":"PLATFORM","type":"show"},"id":"com.intellij.openapi.progress.util.ProgressDialog$MyDialogWrapper"}}
{"recorder_version":"20","session":"2834501d1063","build":"192.5728.98","bucket":"213","time":1585471651323,"group":{"id":"lifecycle","version":"20"},"event":{"count":1,"data":{"created":1585471651323,"project":"fa09d435d547edfd66141b651db8246df381e314010b0042c3de4331f7e93804"},"id":"project.opened"}}
{"recorder_version":"20","session":"2834501d1063","build":"192.5728.98","bucket":"213","time":1585471652781,"group":{"id":"performance","version":"20"},"event":{"count":1,"data":{"duration_ms":875,"created":1585471652781},"id":"ui.lagging"}}
{"recorder_version":"20","session":"2834501d1063","build":"192.5728.98","bucket":"213","time":1585471654514,"group":{"id":"settings","version":"4"},"event":{"state":true,"data":{"component":"XmlEditorOptions","created":1585471654514},"id":"invoked"}}
{"recorder_version":"20","session":"2834501d1063","build":"192.5728.98","bucket":"213","time":1585471654589,"group":{"id":"performance","version":"20"},"event":{"count":1,"data":{"duration_ms":678,"created":1585471654589},"id":"ui.lagging"}}
{"recorder_version":"20","session":"2834501d1063","build":"192.5728.98","bucket":"213","time":1585471655079,"group":{"id":"toolwindow","version":"20"},"event":{"count":1,"data":{"os":"Mac","created":1585471655079,"plugin_type":"PLATFORM"},"id":"Project"}}
{"recorder_version":"20","session":"2834501d1063","build":"192.5728.98","bucket":"213","time":1585471657024,"group":{"id":"performance","version":"20"},"event":{"count":1,"data":{"duration_ms":1112,"created":1585471657024},"id":"ui.lagging"}}
{"recorder_version":"20","session":"2834501d1063","build":"192.5728.98","bucket":"213","time":1585471657313,"group":{"id":"performance","version":"20"},"event":{"count":1,"data":{"duration_ms":398,"created":1585471657313},"id":"ui.lagging"}}
{"recorder_version":"20","session":"2834501d1063","build":"192.5728.98","bucket":"213","time":1585471658082,"group":{"id":"performance","version":"20"},"event":{"count":1,"data":{"duration_ms":167,"created":1585471658082},"id":"ui.lagging"}}
{"recorder_version":"20","session":"2834501d1063","build":"192.5728.98","bucket":"213","time":1585471661227,"group":{"id":"project.fs","version":"1"},"event":{"state":true,"data":{"os":"Mac","cs-project":false,"created":1585471661228,"project":"fa09d435d547edfd66141b651db8246df381e314010b0042c3de4331f7e93804","cs-implicit":true,"cs-system":false},"id":"case-sensitivity"}}
{"recorder_version":"20","session":"2834501d1063","build":"192.5728.98","bucket":"213","time":1585471661227,"group":{"id":"project.fs","version":"1"},"event":{"state":true,"data":{"created":1585471661228},"id":"invoked"}}
{"recorder_version":"20","session":"2834501d1063","build":"192.5728.98","bucket":"213","time":1585471661228,"group":{"id":"project.fs","version":"1"},"event":{"state":true,"data":{"pct-non-watched":0,"created":1585471661229,"project":"fa09d435d547edfd66141b651db8246df381e314010b0042c3de4331f7e93804"},"id":"roots-watched"}}
{"recorder_version":"20","session":"2834501d1063","build":"192.5728.98","bucket":"213","time":1585471661228,"group":{"id":"project.fs","version":"1"},"event":{"state":true,"data":{"created":1585471661230},"id":"invoked"}}
{"recorder_version":"20","session":"2834501d1063","build":"192.5728.98","bucket":"213","time":1585471661378,"group":{"id":"ui.dialogs","version":"20"},"event":{"count":1,"data":{"code":1,"created":1585471661378,"plugin_type":"PLATFORM","type":"close"},"id":"com.intellij.openapi.progress.util.ProgressDialog$MyDialogWrapper"}}
{"recorder_version":"20","session":"2834501d1063","build":"192.5728.98","bucket":"213","time":1585471661719,"group":{"id":"lifecycle","version":"20"},"event":{"count":1,"data":{"duration_ms":13926,"created":1585471661719,"project":"fa09d435d547edfd66141b651db8246df381e314010b0042c3de4331f7e93804"},"id":"project.opening.finished"}}
{"recorder_version":"20","session":"2834501d1063","build":"192.5728.98","bucket":"213","time":1585471662919,"group":{"id":"performance","version":"20"},"event":{"count":1,"data":{"duration_ms":989,"created":1585471662919},"id":"ui.lagging"}}
{"recorder_version":"20","session":"2834501d1063","build":"192.5728.98","bucket":"213","time":1585471664507,"group":{"id":"lifecycle","version":"20"},"event":{"count":1,"data":{"created":1585471664507,"project":"fa09d435d547edfd66141b651db8246df381e314010b0042c3de4331f7e93804"},"id":"frame.deactivated"}}
{"recorder_version":"20","session":"2834501d1063","build":"192.5728.98","bucket":"213","time":1585471666255,"group":{"id":"performance","version":"20"},"event":{"count":1,"data":{"duration_ms":316,"created":1585471666256},"id":"ui.lagging"}}
{"recorder_version":"20","session":"2834501d1063","build":"192.5728.98","bucket":"213","time":1585471747164,"group":{"id":"performance","version":"20"},"event":{"count":1,"data":{"duration_ms":0,"created":1585471747165},"id":"ui.latency"}}
{"recorder_version":"20","session":"2834501d1063","build":"192.5728.98","bucket":"213","time":1585471761818,"group":{"id":"lifecycle","version":"20"},"event":{"count":1,"data":{"created":1585471761822,"project":"fa09d435d547edfd66141b651db8246df381e314010b0042c3de4331f7e93804"},"id":"frame.activated"}}
{"recorder_version":"20","session":"2834501d1063","build":"192.5728.98","bucket":"213","time":1585471764510,"group":{"id":"lifecycle","version":"20"},"event":{"count":1,"data":{"created":1585471764511,"project":"fa09d435d547edfd66141b651db8246df381e314010b0042c3de4331f7e93804"},"id":"frame.deactivated"}}
{"recorder_version":"20","session":"2834501d1063","build":"192.5728.98","bucket":"213","time":1585471788222,"group":{"id":"lifecycle","version":"20"},"event":{"count":1,"data":{"created":1585471788227,"project":"fa09d435d547edfd66141b651db8246df381e314010b0042c3de4331f7e93804"},"id":"frame.activated"}}
{"recorder_version":"20","session":"2834501d1063","build":"192.5728.98","bucket":"213","time":1585471792518,"group":{"id":"lifecycle","version":"20"},"event":{"count":1,"data":{"created":1585471792519,"project":"fa09d435d547edfd66141b651db8246df381e314010b0042c3de4331f7e93804"},"id":"frame.deactivated"}}
{"recorder_version":"20","session":"2834501d1063","build":"192.5728.98","bucket":"213","time":1585471847486,"group":{"id":"performance","version":"20"},"event":{"count":1,"data":{"duration_ms":0,"created":1585471847487},"id":"ui.latency"}}
{"recorder_version":"20","session":"2834501d1063","build":"192.5728.98","bucket":"213","time":1585471934116,"group":{"id":"lifecycle","version":"20"},"event":{"count":1,"data":{"created":1585471934117,"project":"fa09d435d547edfd66141b651db8246df381e314010b0042c3de4331f7e93804"},"id":"frame.activated"}}
{"recorder_version":"20","session":"2834501d1063","build":"192.5728.98","bucket":"213","time":1585471946252,"group":{"id":"build.tools.actions","version":"1"},"event":{"count":1,"data":{"created":1585471946253},"id":"registered"}}
{"recorder_version":"20","session":"2834501d1063","build":"192.5728.98","bucket":"213","time":1585471946252,"group":{"id":"file.types.usage","version":"20"},"event":{"count":1,"data":{"created":1585471946254},"id":"registered"}}
{"recorder_version":"20","session":"2834501d1063","build":"192.5728.98","bucket":"213","time":1585471946252,"group":{"id":"ide.script.engine","version":"1"},"event":{"count":1,"data":{"created":1585471946254},"id":"registered"}}
{"recorder_version":"20","session":"2834501d1063","build":"192.5728.98","bucket":"213","time":1585471946252,"group":{"id":"actions.runAnything","version":"1"},"event":{"count":1,"data":{"created":1585471946254},"id":"registered"}}
{"recorder_version":"20","session":"2834501d1063","build":"192.5728.98","bucket":"213","time":1585471946252,"group":{"id":"toolwindow","version":"20"},"event":{"count":1,"data":{"created":1585471946255},"id":"registered"}}
{"recorder_version":"20","session":"2834501d1063","build":"192.5728.98","bucket":"213","time":1585471946252,"group":{"id":"kotlin.ide.newFileTempl","version":"1"},"event":{"count":1,"data":{"created":1585471946255},"id":"registered"}}
{"recorder_version":"20","session":"2834501d1063","build":"192.5728.98","bucket":"213","time":1585471946252,"group":{"id":"live.templates","version":"20"},"event":{"count":1,"data":{"created":1585471946255},"id":"registered"}}
{"recorder_version":"20","session":"2834501d1063","build":"192.5728.98","bucket":"213","time":1585471946252,"group":{"id":"ide.self.update","version":"2"},"event":{"count":1,"data":{"created":1585471946255},"id":"registered"}}
{"recorder_version":"20","session":"2834501d1063","build":"192.5728.98","bucket":"213","time":1585471946253,"group":{"id":"ui.settings","version":"20"},"event":{"count":1,"data":{"created":1585471946255},"id":"registered"}}
{"recorder_version":"20","session":"2834501d1063","build":"192.5728.98","bucket":"213","time":1585471946253,"group":{"id":"lifecycle","version":"20"},"event":{"count":1,"data":{"created":1585471946255},"id":"registered"}}
{"recorder_version":"20","session":"2834501d1063","build":"192.5728.98","bucket":"213","time":1585471946253,"group":{"id":"vcs.diff.trigger","version":"1"},"event":{"count":1,"data":{"created":1585471946256},"id":"registered"}}
{"recorder_version":"20","session":"2834501d1063","build":"192.5728.98","bucket":"213","time":1585471946253,"group":{"id":"vcs.log.trigger","version":"2"},"event":{"count":1,"data":{"created":1585471946256},"id":"registered"}}
{"recorder_version":"20","session":"2834501d1063","build":"192.5728.98","bucket":"213","time":1585471946253,"group":{"id":"productivity","version":"20"},"event":{"count":1,"data":{"created":1585471946256},"id":"registered"}}
{"recorder_version":"20","session":"2834501d1063","build":"192.5728.98","bucket":"213","time":1585471946253,"group":{"id":"debugger.breakpoints.usage","version":"2"},"event":{"count":1,"data":{"created":1585471946256},"id":"registered"}}
{"recorder_version":"20","session":"2834501d1063","build":"192.5728.98","bucket":"213","time":1585471946253,"group":{"id":"kotlin.gradle.library","version":"1"},"event":{"count":1,"data":{"created":1585471946256},"id":"registered"}}
{"recorder_version":"20","session":"2834501d1063","build":"192.5728.98","bucket":"213","time":1585471946253,"group":{"id":"find","version":"1"},"event":{"count":1,"data":{"created":1585471946256},"id":"registered"}}
{"recorder_version":"20","session":"2834501d1063","build":"192.5728.98","bucket":"213","time":1585471946253,"group":{"id":"kotlin.gradle.target","version":"1"},"event":{"count":1,"data":{"created":1585471946256},"id":"registered"}}
{"recorder_version":"20","session":"2834501d1063","build":"192.5728.98","bucket":"213","time":1585471946253,"group":{"id":"gutter.icon.click","version":"1"},"event":{"count":1,"data":{"created":1585471946256},"id":"registered"}}
{"recorder_version":"20","session":"2834501d1063","build":"192.5728.98","bucket":"213","time":1585471946253,"group":{"id":"shell.script","version":"1"},"event":{"count":1,"data":{"created":1585471946257},"id":"registered"}}
{"recorder_version":"20","session":"2834501d1063","build":"192.5728.98","bucket":"213","time":1585471946253,"group":{"id":"kotlin.ide.debugger.eval","version":"1"},"event":{"count":1,"data":{"created":1585471946257},"id":"registered"}}
{"recorder_version":"20","session":"2834501d1063","build":"192.5728.98","bucket":"213","time":1585471946253,"group":{"id":"build.maven.actions","version":"1"},"event":{"count":1,"data":{"created":1585471946257},"id":"registered"}}
{"recorder_version":"20","session":"2834501d1063","build":"192.5728.98","bucket":"213","time":1585471946253,"group":{"id":"ui.event","version":"1"},"event":{"count":1,"data":{"created":1585471946258},"id":"registered"}}
{"recorder_version":"20","session":"2834501d1063","build":"192.5728.98","bucket":"213","time":1585471946253,"group":{"id":"new.project.wizard","version":"1"},"event":{"count":1,"data":{"created":1585471946258},"id":"registered"}}
{"recorder_version":"20","session":"2834501d1063","build":"192.5728.98","bucket":"213","time":1585471946253,"group":{"id":"kotlin.ide.npwizards","version":"1"},"event":{"count":1,"data":{"created":1585471946258},"id":"registered"}}
{"recorder_version":"20","session":"2834501d1063","build":"192.5728.98","bucket":"213","time":1585471946253,"group":{"id":"intentions","version":"20"},"event":{"count":1,"data":{"created":1585471946258},"id":"registered"}}
{"recorder_version":"20","session":"2834501d1063","build":"192.5728.98","bucket":"213","time":1585471946253,"group":{"id":"ui.dialogs","version":"20"},"event":{"count":1,"data":{"created":1585471946258},"id":"registered"}}
{"recorder_version":"20","session":"2834501d1063","build":"192.5728.98","bucket":"213","time":1585471946253,"group":{"id":"vcs.back.forward.trigger","version":"1"},"event":{"count":1,"data":{"created":1585471946259},"id":"registered"}}
{"recorder_version":"20","session":"2834501d1063","build":"192.5728.98","bucket":"213","time":1585471946253,"group":{"id":"vcs.change.reminder","version":"1"},"event":{"count":1,"data":{"created":1585471946259},"id":"registered"}}
{"recorder_version":"20","session":"2834501d1063","build":"192.5728.98","bucket":"213","time":1585471946253,"group":{"id":"toolbar","version":"20"},"event":{"count":1,"data":{"created":1585471946259},"id":"registered"}}
{"recorder_version":"20","session":"2834501d1063","build":"192.5728.98","bucket":"213","time":1585471946253,"group":{"id":"build.gradle.actions","version":"1"},"event":{"count":1,"data":{"created":1585471946259},"id":"registered"}}
{"recorder_version":"20","session":"2834501d1063","build":"192.5728.98","bucket":"213","time":1585471946253,"group":{"id":"kotlin.maven.target","version":"1"},"event":{"count":1,"data":{"created":1585471946259},"id":"registered"}}
{"recorder_version":"20","session":"2834501d1063","build":"192.5728.98","bucket":"213","time":1585471946253,"group":{"id":"performance","version":"20"},"event":{"count":1,"data":{"created":1585471946260},"id":"registered"}}
{"recorder_version":"20","session":"2834501d1063","build":"192.5728.98","bucket":"213","time":1585471946253,"group":{"id":"searchEverywhere","version":"1"},"event":{"count":1,"data":{"created":1585471946260},"id":"registered"}}
{"recorder_version":"20","session":"2834501d1063","build":"192.5728.98","bucket":"213","time":1585471946253,"group":{"id":"kotlin.ide.action.refactoring","version":"1"},"event":{"count":1,"data":{"created":1585471946260},"id":"registered"}}
{"recorder_version":"20","session":"2834501d1063","build":"192.5728.98","bucket":"213","time":1585471946253,"group":{"id":"ui.tips","version":"2"},"event":{"count":1,"data":{"created":1585471946261},"id":"registered"}}
{"recorder_version":"20","session":"2834501d1063","build":"192.5728.98","bucket":"213","time":1585471946253,"group":{"id":"surround.with","version":"1"},"event":{"count":1,"data":{"created":1585471946261},"id":"registered"}}
{"recorder_version":"20","session":"2834501d1063","build":"192.5728.98","bucket":"213","time":1585471946253,"group":{"id":"import.old.config","version":"1"},"event":{"count":1,"data":{"created":1585471946262},"id":"registered"}}
{"recorder_version":"20","session":"2834501d1063","build":"192.5728.98","bucket":"213","time":1585471946253,"group":{"id":"json.schema","version":"1"},"event":{"count":1,"data":{"created":1585471946262},"id":"registered"}}
{"recorder_version":"20","session":"2834501d1063","build":"192.5728.98","bucket":"213","time":1585471946253,"group":{"id":"kotlin.jps.target","version":"1"},"event":{"count":1,"data":{"created":1585471946262},"id":"registered"}}
{"recorder_version":"20","session":"2834501d1063","build":"192.5728.98","bucket":"213","time":1585471946253,"group":{"id":"terminalShell","version":"1"},"event":{"count":1,"data":{"created":1585471946262},"id":"registered"}}
{"recorder_version":"20","session":"2834501d1063","build":"192.5728.98","bucket":"213","time":1585471946253,"group":{"id":"completion.postfix","version":"20"},"event":{"count":1,"data":{"created":1585471946263},"id":"registered"}}
{"recorder_version":"20","session":"2834501d1063","build":"192.5728.98","bucket":"213","time":1585471946253,"group":{"id":"build.ant.actions","version":"1"},"event":{"count":1,"data":{"created":1585471946263},"id":"registered"}}
{"recorder_version":"20","session":"2834501d1063","build":"192.5728.98","bucket":"213","time":1585471946253,"group":{"id":"actions","version":"20"},"event":{"count":1,"data":{"created":1585471946263},"id":"registered"}}
{"recorder_version":"20","session":"2834501d1063","build":"192.5728.98","bucket":"213","time":1585471946253,"group":{"id":"event.log","version":"20"},"event":{"count":1,"data":{"created":1585471946264},"id":"registered"}}
{"recorder_version":"20","session":"2834501d1063","build":"192.5728.98","bucket":"213","time":1585471946253,"group":{"id":"run.configuration.exec","version":"20"},"event":{"count":1,"data":{"created":1585471946264},"id":"registered"}}
{"recorder_version":"20","session":"2834501d1063","build":"192.5728.98","bucket":"213","time":1585471946253,"group":{"id":"build.maven.packagesearch","version":"2"},"event":{"count":1,"data":{"created":1585471946264},"id":"registered"}}
{"recorder_version":"20","session":"2834501d1063","build":"192.5728.98","bucket":"213","time":1585471947789,"group":{"id":"performance","version":"20"},"event":{"count":1,"data":{"duration_ms":0,"created":1585471947789},"id":"ui.latency"}}
{"recorder_version":"20","session":"2834501d1063","build":"192.5728.98","bucket":"213","time":1585471950587,"group":{"id":"lifecycle","version":"20"},"event":{"count":1,"data":{"created":1585471950588,"project":"fa09d435d547edfd66141b651db8246df381e314010b0042c3de4331f7e93804"},"id":"frame.deactivated"}}
{"recorder_version":"20","session":"2834501d1063","build":"192.5728.98","bucket":"213","time":1585471956394,"group":{"id":"lifecycle","version":"20"},"event":{"count":1,"data":{"created":1585471956400,"project":"fa09d435d547edfd66141b651db8246df381e314010b0042c3de4331f7e93804"},"id":"frame.activated"}}
{"recorder_version":"20","session":"2834501d1063","build":"192.5728.98","bucket":"213","time":1585471963206,"group":{"id":"lifecycle","version":"20"},"event":{"count":1,"data":{"created":1585471963206,"project":"fa09d435d547edfd66141b651db8246df381e314010b0042c3de4331f7e93804"},"id":"frame.deactivated"}}
{"recorder_version":"20","session":"2834501d1063","build":"192.5728.98","bucket":"213","time":1585474173235,"group":{"id":"performance","version":"20"},"event":{"count":1,"data":{"duration_ms":1,"created":1585474173241},"id":"ui.latency"}}
{"recorder_version":"20","session":"2834501d1063","build":"192.5728.98","bucket":"213","time":1585476346024,"group":{"id":"performance","version":"20"},"event":{"count":1,"data":{"duration_ms":4,"created":1585476346031},"id":"ui.latency"}}
{"recorder_version":"20","session":"2834501d1063","build":"192.5728.98","bucket":"213","time":1585478663025,"group":{"id":"performance","version":"20"},"event":{"count":1,"data":{"duration_ms":5,"created":1585478663029},"id":"ui.latency"}}
{"recorder_version":"20","session":"2834501d1063","build":"192.5728.98","bucket":"213","time":1585480737032,"group":{"id":"performance","version":"20"},"event":{"count":1,"data":{"duration_ms":5,"created":1585480737035},"id":"ui.latency"}}
{"recorder_version":"20","session":"2834501d1063","build":"192.5728.98","bucket":"213","time":1585481405030,"group":{"id":"performance","version":"20"},"event":{"count":1,"data":{"duration_ms":5,"created":1585481405038},"id":"ui.latency"}}
{"recorder_version":"20","session":"2834501d1063","build":"192.5728.98","bucket":"213","time":1585486708530,"group":{"id":"performance","version":"20"},"event":{"count":1,"data":{"duration_ms":423,"created":1585486708539},"id":"ui.latency"}}
{"recorder_version":"20","session":"2834501d1063","build":"192.5728.98","bucket":"213","time":1585486708532,"group":{"id":"performance","version":"20"},"event":{"count":1,"data":{"duration_ms":423,"created":1585486708566},"id":"ui.lagging"}}
{"recorder_version":"20","session":"2834501d1063","build":"192.5728.98","bucket":"213","time":1585486808993,"group":{"id":"performance","version":"20"},"event":{"count":1,"data":{"duration_ms":1,"created":1585486808994},"id":"ui.latency"}}
{"recorder_version":"20","session":"2834501d1063","build":"192.5728.98","bucket":"213","time":1585486909288,"group":{"id":"performance","version":"20"},"event":{"count":1,"data":{"duration_ms":0,"created":1585486909288},"id":"ui.latency"}}
{"recorder_version":"20","session":"2834501d1063","build":"192.5728.98","bucket":"213","time":1585486926829,"group":{"id":"ui.accessibility.screen.reader","version":"1"},"event":{"state":true,"data":{"os":"Mac","created":1585486926837},"id":"screen.reader.DISABLED"}}
{"recorder_version":"20","session":"2834501d1063","build":"192.5728.98","bucket":"213","time":1585486926829,"group":{"id":"ui.accessibility.screen.reader","version":"1"},"event":{"state":true,"data":{"created":1585486926839},"id":"invoked"}}
{"recorder_version":"20","session":"2834501d1063","build":"192.5728.98","bucket":"213","time":1585486926838,"group":{"id":"user.advanced.info","version":"2"},"event":{"state":true,"data":{"created":1585486926860,"value":"release"},"id":"build"}}
{"recorder_version":"20","session":"2834501d1063","build":"192.5728.98","bucket":"213","time":1585486926838,"group":{"id":"user.advanced.info","version":"2"},"event":{"state":true,"data":{"created":1585486926875},"id":"release"}}
{"recorder_version":"20","session":"2834501d1063","build":"192.5728.98","bucket":"213","time":1585486926838,"group":{"id":"user.advanced.info","version":"2"},"event":{"state":true,"data":{"created":1585486926889},"id":"invoked"}}
{"recorder_version":"20","session":"2834501d1063","build":"192.5728.98","bucket":"213","time":1585486926853,"group":{"id":"keymaps.name","version":"1"},"event":{"state":true,"data":{"os":"Mac","created":1585486926893},"id":"Mac_OS_X_10.5+"}}
{"recorder_version":"20","session":"2834501d1063","build":"192.5728.98","bucket":"213","time":1585486926853,"group":{"id":"keymaps.name","version":"1"},"event":{"state":true,"data":{"created":1585486926894},"id":"invoked"}}
{"recorder_version":"20","session":"2834501d1063","build":"192.5728.98","bucket":"213","time":1585486926908,"group":{"id":"ui.info.features","version":"1"},"event":{"state":true,"data":{"os":"Mac","created":1585486926909},"id":"Allow.merging.buttons.enabled"}}
{"recorder_version":"20","session":"2834501d1063","build":"192.5728.98","bucket":"213","time":1585486926908,"group":{"id":"ui.info.features","version":"1"},"event":{"state":true,"data":{"os":"Mac","created":1585486926910},"id":"Hide.Editor.Tabs.If.Needed"}}
{"recorder_version":"20","session":"2834501d1063","build":"192.5728.98","bucket":"213","time":1585486926908,"group":{"id":"ui.info.features","version":"1"},"event":{"state":true,"data":{"grouped":"[30_50]","os":"Mac","created":1585486926910},"id":"recent.files"}}
{"recorder_version":"20","session":"2834501d1063","build":"192.5728.98","bucket":"213","time":1585486926908,"group":{"id":"ui.info.features","version":"1"},"event":{"state":true,"data":{"os":"Mac","created":1585486926911},"id":"Line.Numbers"}}
{"recorder_version":"20","session":"2834501d1063","build":"192.5728.98","bucket":"213","time":1585486926909,"group":{"id":"ui.info.features","version":"1"},"event":{"state":true,"data":{"os":"Mac","created":1585486926911},"id":"Tabs.Top"}}
{"recorder_version":"20","session":"2834501d1063","build":"192.5728.98","bucket":"213","time":1585486926909,"group":{"id":"ui.info.features","version":"1"},"event":{"state":true,"data":{"os":"Mac","created":1585486926911},"id":"Nav.Bar.visible"}}
{"recorder_version":"20","session":"2834501d1063","build":"192.5728.98","bucket":"213","time":1585486926909,"group":{"id":"ui.info.features","version":"1"},"event":{"state":true,"data":{"os":"Mac","created":1585486926912},"id":"Show.Editor.Tabs.In.Single.Row"}}
{"recorder_version":"20","session":"2834501d1063","build":"192.5728.98","bucket":"213","time":1585486926909,"group":{"id":"ui.info.features","version":"1"},"event":{"state":true,"data":{"os":"Mac","created":1585486926912},"id":"Recent.Files[30_50]"}}
{"recorder_version":"20","session":"2834501d1063","build":"192.5728.98","bucket":"213","time":1585486926909,"group":{"id":"ui.info.features","version":"1"},"event":{"state":true,"data":{"os":"Mac","created":1585486926913},"id":"Status.bar.visible"}}
{"recorder_version":"20","session":"2834501d1063","build":"192.5728.98","bucket":"213","time":1585486926909,"group":{"id":"ui.info.features","version":"1"},"event":{"state":true,"data":{"os":"Mac","created":1585486926914},"id":"Tool.Window.buttons.hidden"}}
{"recorder_version":"20","session":"2834501d1063","build":"192.5728.98","bucket":"213","time":1585486926909,"group":{"id":"ui.info.features","version":"1"},"event":{"state":true,"data":{"os":"Mac","created":1585486926914},"id":"Gutter.Icons"}}
{"recorder_version":"20","session":"2834501d1063","build":"192.5728.98","bucket":"213","time":1585486926909,"group":{"id":"ui.info.features","version":"1"},"event":{"state":true,"data":{"os":"Mac","created":1585486926914},"id":"Toolbar.hidden"}}
{"recorder_version":"20","session":"2834501d1063","build":"192.5728.98","bucket":"213","time":1585486926909,"group":{"id":"ui.info.features","version":"1"},"event":{"state":true,"data":{"os":"Mac","created":1585486926916},"id":"Toolbar.and.NavBar"}}
{"recorder_version":"20","session":"2834501d1063","build":"192.5728.98","bucket":"213","time":1585486926909,"group":{"id":"ui.info.features","version":"1"},"event":{"state":true,"data":{"created":1585486926917},"id":"invoked"}}
{"recorder_version":"20","session":"2834501d1063","build":"192.5728.98","bucket":"213","time":1585486926937,"group":{"id":"system.runtime","version":"2"},"event":{"state":true,"data":{"created":1585486926937,"name":"G1_Old_Generation"},"id":"garbage.collector"}}
{"recorder_version":"20","session":"2834501d1063","build":"192.5728.98","bucket":"213","time":1585486926937,"group":{"id":"system.runtime","version":"2"},"event":{"state":true,"data":{"created":1585486926941,"name":"Xmx","value":512},"id":"jvm.option"}}
{"recorder_version":"20","session":"2834501d1063","build":"192.5728.98","bucket":"213","time":1585486926937,"group":{"id":"system.runtime","version":"2"},"event":{"state":true,"data":{"vendor":"JetBrains","created":1585486926944,"bit":"64","version":"1.11"},"id":"jvm"}}
{"recorder_version":"20","session":"2834501d1063","build":"192.5728.98","bucket":"213","time":1585486926937,"group":{"id":"system.runtime","version":"2"},"event":{"state":true,"data":{"created":1585486926945,"name":"G1_Young_Generation"},"id":"garbage.collector"}}
{"recorder_version":"20","session":"2834501d1063","build":"192.5728.98","bucket":"213","time":1585486926937,"group":{"id":"system.runtime","version":"2"},"event":{"state":true,"data":{"created":1585486926946,"value":4},"id":"cores"}}
{"recorder_version":"20","session":"2834501d1063","build":"192.5728.98","bucket":"213","time":1585486926937,"group":{"id":"system.runtime","version":"2"},"event":{"state":true,"data":{"created":1585486926947,"name":"Xms","value":256},"id":"jvm.option"}}
{"recorder_version":"20","session":"2834501d1063","build":"192.5728.98","bucket":"213","time":1585486926937,"group":{"id":"system.runtime","version":"2"},"event":{"state":true,"data":{"created":1585486926948},"id":"invoked"}}
{"recorder_version":"20","session":"2834501d1063","build":"192.5728.98","bucket":"213","time":1585486927063,"group":{"id":"vcs.diff","version":"2"},"event":{"state":true,"data":{"created":1585486927063},"id":"invoked"}}
{"recorder_version":"20","session":"2834501d1063","build":"192.5728.98","bucket":"213","time":1585486927096,"group":{"id":"plugins","version":"1"},"event":{"state":true,"data":{"created":1585486927096,"plugin_type":"NOT_LISTED"},"id":"enabled.not.bundled.plugin"}}
{"recorder_version":"20","session":"2834501d1063","build":"192.5728.98","bucket":"213","time":1585486927096,"group":{"id":"plugins","version":"1"},"event":{"state":true,"data":{"created":1585486927097},"id":"invoked"}}
{"recorder_version":"20","session":"2834501d1063","build":"192.5728.98","bucket":"213","time":1585486927222,"group":{"id":"vcs.github","version":"1"},"event":{"state":true,"data":{"created":1585486927225},"id":"github.accounts.not.default.host.disabled"}}
{"recorder_version":"20","session":"2834501d1063","build":"192.5728.98","bucket":"213","time":1585486927222,"group":{"id":"vcs.github","version":"1"},"event":{"state":true,"data":{"created":1585486927225},"id":"github.accounts.count.0"}}
{"recorder_version":"20","session":"2834501d1063","build":"192.5728.98","bucket":"213","time":1585486927222,"group":{"id":"vcs.github","version":"1"},"event":{"state":true,"data":{"created":1585486927225},"id":"invoked"}}
{"recorder_version":"20","session":"2834501d1063","build":"192.5728.98","bucket":"213","time":1585486927224,"group":{"id":"ui.editor.color.schemes","version":"2"},"event":{"state":true,"data":{"os":"Mac","created":1585486927226,"value":false},"id":"Default"}}
{"recorder_version":"20","session":"2834501d1063","build":"192.5728.98","bucket":"213","time":1585486927224,"group":{"id":"ui.editor.color.schemes","version":"2"},"event":{"state":true,"data":{"created":1585486927226},"id":"invoked"}}
{"recorder_version":"20","session":"2834501d1063","build":"192.5728.98","bucket":"213","time":1585486927225,"group":{"id":"ui.hidpi.mode","version":"1"},"event":{"state":true,"data":{"os":"Mac","created":1585486927226},"id":"per_monitor_dpi"}}
{"recorder_version":"20","session":"2834501d1063","build":"192.5728.98","bucket":"213","time":1585486927225,"group":{"id":"ui.hidpi.mode","version":"1"},"event":{"state":true,"data":{"created":1585486927226},"id":"invoked"}}
{"recorder_version":"20","session":"2834501d1063","build":"192.5728.98","bucket":"213","time":1585486927228,"group":{"id":"vcs.application.configuration","version":"1"},"event":{"state":true,"data":{"created":1585486927229},"id":"invoked"}}
{"recorder_version":"20","session":"2834501d1063","build":"192.5728.98","bucket":"213","time":1585486927229,"group":{"id":"os.linux.wm","version":"1"},"event":{"state":true,"data":{"created":1585486927232},"id":"invoked"}}
{"recorder_version":"20","session":"2834501d1063","build":"192.5728.98","bucket":"213","time":1585486927279,"group":{"id":"editor.settings.ide","version":"2"},"event":{"state":true,"data":{"created":1585486927279,"enabled":true},"id":"completionHints"}}
{"recorder_version":"20","session":"2834501d1063","build":"192.5728.98","bucket":"213","time":1585486927279,"group":{"id":"editor.settings.ide","version":"2"},"event":{"state":true,"data":{"created":1585486927280},"id":"invoked"}}
{"recorder_version":"20","session":"2834501d1063","build":"192.5728.98","bucket":"213","time":1585486927292,"group":{"id":"platform.registry.application","version":"1"},"event":{"state":true,"data":{"created":1585486927295,"plugin_type":"PLATFORM"},"id":"recent.and.edited.files.together"}}
{"recorder_version":"20","session":"2834501d1063","build":"192.5728.98","bucket":"213","time":1585486927292,"group":{"id":"platform.registry.application","version":"1"},"event":{"state":true,"data":{"created":1585486927295,"plugin_type":"PLATFORM"},"id":"inline.browse.button"}}
{"recorder_version":"20","session":"2834501d1063","build":"192.5728.98","bucket":"213","time":1585486927292,"group":{"id":"platform.registry.application","version":"1"},"event":{"state":true,"data":{"created":1585486927296,"plugin_type":"PLATFORM"},"id":"show.create.new.element.in.popup"}}
{"recorder_version":"20","session":"2834501d1063","build":"192.5728.98","bucket":"213","time":1585486927292,"group":{"id":"platform.registry.application","version":"1"},"event":{"state":true,"data":{"created":1585486927296,"plugin_type":"PLATFORM"},"id":"property.value.inplace.editing"}}
{"recorder_version":"20","session":"2834501d1063","build":"192.5728.98","bucket":"213","time":1585486927292,"group":{"id":"platform.registry.application","version":"1"},"event":{"state":true,"data":{"created":1585486927297},"id":"java.completion.argument.hints.internal"}}
{"recorder_version":"20","session":"2834501d1063","build":"192.5728.98","bucket":"213","time":1585486927292,"group":{"id":"platform.registry.application","version":"1"},"event":{"state":true,"data":{"created":1585486927297,"plugin_type":"PLATFORM"},"id":"linux.native.menu"}}
{"recorder_version":"20","session":"2834501d1063","build":"192.5728.98","bucket":"213","time":1585486927292,"group":{"id":"platform.registry.application","version":"1"},"event":{"state":true,"data":{"created":1585486927301,"plugin_type":"PLATFORM"},"id":"new.large.text.file.viewer"}}
{"recorder_version":"20","session":"2834501d1063","build":"192.5728.98","bucket":"213","time":1585486927292,"group":{"id":"platform.registry.application","version":"1"},"event":{"state":true,"data":{"created":1585486927301},"id":"invoked"}}
{"recorder_version":"20","session":"2834501d1063","build":"192.5728.98","bucket":"213","time":1585486927292,"group":{"id":"ui.look.and.feel","version":"1"},"event":{"state":true,"data":{"os":"Mac","created":1585486927302},"id":"Light"}}
{"recorder_version":"20","session":"2834501d1063","build":"192.5728.98","bucket":"213","time":1585486927292,"group":{"id":"ui.look.and.feel","version":"1"},"event":{"state":true,"data":{"created":1585486927302},"id":"invoked"}}
{"recorder_version":"20","session":"2834501d1063","build":"192.5728.98","bucket":"213","time":1585486927298,"group":{"id":"ui.fonts","version":"1"},"event":{"state":true,"data":{"os":"Mac","created":1585486927308,"value":1.2},"id":"editor.lineSpacing"}}
{"recorder_version":"20","session":"2834501d1063","build":"192.5728.98","bucket":"213","time":1585486927298,"group":{"id":"ui.fonts","version":"1"},"event":{"state":true,"data":{"os":"Mac","created":1585486927309},"id":"IDE.editor.font.size[12]"}}
{"recorder_version":"20","session":"2834501d1063","build":"192.5728.98","bucket":"213","time":1585486927298,"group":{"id":"ui.fonts","version":"1"},"event":{"state":true,"data":{"os":"Mac","created":1585486927313},"id":"UI.font.size[13]"}}
{"recorder_version":"20","session":"2834501d1063","build":"192.5728.98","bucket":"213","time":1585486927298,"group":{"id":"ui.fonts","version":"1"},"event":{"state":true,"data":{"os":"Mac","created":1585486927319},"id":"IDE.editor.font.name[Menlo]"}}
{"recorder_version":"20","session":"2834501d1063","build":"192.5728.98","bucket":"213","time":1585486927298,"group":{"id":"ui.fonts","version":"1"},"event":{"state":true,"data":{"os":"Mac","created":1585486927320},"id":"UI.font.name[.SF_NS_Text]"}}
{"recorder_version":"20","session":"2834501d1063","build":"192.5728.98","bucket":"213","time":1585486927298,"group":{"id":"ui.fonts","version":"1"},"event":{"state":true,"data":{"os":"Mac","created":1585486927325},"id":"Presentation.mode.font.size[24]"}}
{"recorder_version":"20","session":"2834501d1063","build":"192.5728.98","bucket":"213","time":1585486927298,"group":{"id":"ui.fonts","version":"1"},"event":{"state":true,"data":{"created":1585486927326},"id":"invoked"}}
{"recorder_version":"20","session":"2834501d1063","build":"192.5728.98","bucket":"213","time":1585486927322,"group":{"id":"debugger.settings.ide","version":"2"},"event":{"state":true,"data":{"created":1585486927326},"id":"invoked"}}
{"recorder_version":"20","session":"2834501d1063","build":"192.5728.98","bucket":"213","time":1585486927326,"group":{"id":"vcs.log.index.application","version":"2"},"event":{"state":true,"data":{"created":1585486927326},"id":"invoked"}}
{"recorder_version":"20","session":"2834501d1063","build":"192.5728.98","bucket":"213","time":1585486927370,"group":{"id":"ui.screen.scale","version":"1"},"event":{"state":true,"data":{"os":"Mac","created":1585486927370},"id":"ScaledMode_1.0"}}
{"recorder_version":"20","session":"2834501d1063","build":"192.5728.98","bucket":"213","time":1585486927370,"group":{"id":"ui.screen.scale","version":"1"},"event":{"state":true,"data":{"created":1585486927371},"id":"invoked"}}
{"recorder_version":"20","session":"2834501d1063","build":"192.5728.98","bucket":"213","time":1585487009628,"group":{"id":"performance","version":"20"},"event":{"count":1,"data":{"duration_ms":0,"created":1585487009629},"id":"ui.latency"}}
{"recorder_version":"20","session":"2834501d1063","build":"192.5728.98","bucket":"213","time":1585487109942,"group":{"id":"performance","version":"20"},"event":{"count":1,"data":{"duration_ms":0,"created":1585487109942},"id":"ui.latency"}}
{"recorder_version":"20","session":"2834501d1063","build":"192.5728.98","bucket":"213","time":1585487210268,"group":{"id":"performance","version":"20"},"event":{"count":1,"data":{"duration_ms":1,"created":1585487210268},"id":"ui.latency"}}
{"recorder_version":"20","session":"2834501d1063","build":"192.5728.98","bucket":"213","time":1585487310572,"group":{"id":"performance","version":"20"},"event":{"count":1,"data":{"duration_ms":0,"created":1585487310572},"id":"ui.latency"}}
{"recorder_version":"20","session":"2834501d1063","build":"192.5728.98","bucket":"213","time":1585487410862,"group":{"id":"performance","version":"20"},"event":{"count":1,"data":{"duration_ms":2,"created":1585487410863},"id":"ui.latency"}}
{"recorder_version":"20","session":"2834501d1063","build":"192.5728.98","bucket":"213","time":1585487511152,"group":{"id":"performance","version":"20"},"event":{"count":1,"data":{"duration_ms":1,"created":1585487511152},"id":"ui.latency"}}
{"recorder_version":"20","session":"2834501d1063","build":"192.5728.98","bucket":"213","time":1585487611419,"group":{"id":"performance","version":"20"},"event":{"count":1,"data":{"duration_ms":0,"created":1585487611419},"id":"ui.latency"}}
{"recorder_version":"20","session":"2834501d1063","build":"192.5728.98","bucket":"213","time":1585487711727,"group":{"id":"performance","version":"20"},"event":{"count":1,"data":{"duration_ms":0,"created":1585487711727},"id":"ui.latency"}}
{"recorder_version":"20","session":"2834501d1063","build":"192.5728.98","bucket":"213","time":1585487812043,"group":{"id":"performance","version":"20"},"event":{"count":1,"data":{"duration_ms":0,"created":1585487812043},"id":"ui.latency"}}
{"recorder_version":"20","session":"2834501d1063","build":"192.5728.98","bucket":"213","time":1585487832112,"group":{"id":"svn.configuration","version":"1"},"event":{"state":true,"data":{"created":1585487832112,"project":"fa09d435d547edfd66141b651db8246df381e314010b0042c3de4331f7e93804"},"id":"invoked"}}
{"recorder_version":"20","session":"2834501d1063","build":"192.5728.98","bucket":"213","time":1585487832118,"group":{"id":"run.configuration.type","version":"4"},"event":{"state":true,"data":{"created":1585487832118,"project":"fa09d435d547edfd66141b651db8246df381e314010b0042c3de4331f7e93804"},"id":"invoked"}}
{"recorder_version":"20","session":"2834501d1063","build":"192.5728.98","bucket":"213","time":1585487832122,"group":{"id":"inspections","version":"1"},"event":{"state":true,"data":{"created":1585487832122,"project":"fa09d435d547edfd66141b651db8246df381e314010b0042c3de4331f7e93804"},"id":"invoked"}}
{"recorder_version":"20","session":"2834501d1063","build":"192.5728.98","bucket":"213","time":1585487832123,"group":{"id":"build.ant.state","version":"1"},"event":{"state":true,"data":{"created":1585487832123,"project":"fa09d435d547edfd66141b651db8246df381e314010b0042c3de4331f7e93804"},"id":"invoked"}}
{"recorder_version":"20","session":"2834501d1063","build":"192.5728.98","bucket":"213","time":1585487832373,"group":{"id":"file.types","version":"1"},"event":{"state":true,"data":{"plugin":"com.intellij.properties","created":1585487832373,"plugin_type":"JB_BUNDLED","project":"fa09d435d547edfd66141b651db8246df381e314010b0042c3de4331f7e93804"},"id":"Properties"}}
{"recorder_version":"20","session":"2834501d1063","build":"192.5728.98","bucket":"213","time":1585487832374,"group":{"id":"file.types","version":"1"},"event":{"state":true,"data":{"created":1585487832374,"plugin_type":"PLATFORM","project":"fa09d435d547edfd66141b651db8246df381e314010b0042c3de4331f7e93804"},"id":"ARCHIVE"}}
{"recorder_version":"20","session":"2834501d1063","build":"192.5728.98","bucket":"213","time":1585487832374,"group":{"id":"file.types","version":"1"},"event":{"state":true,"data":{"plugin":"com.jetbrains.sh","created":1585487832374,"plugin_type":"JB_BUNDLED","project":"fa09d435d547edfd66141b651db8246df381e314010b0042c3de4331f7e93804"},"id":"Shell_Script"}}
{"recorder_version":"20","session":"2834501d1063","build":"192.5728.98","bucket":"213","time":1585487832374,"group":{"id":"file.types","version":"1"},"event":{"state":true,"data":{"plugin":"com.intellij.java","created":1585487832375,"plugin_type":"JB_BUNDLED","project":"fa09d435d547edfd66141b651db8246df381e314010b0042c3de4331f7e93804"},"id":"JAVA"}}
{"recorder_version":"20","session":"2834501d1063","build":"192.5728.98","bucket":"213","time":1585487832374,"group":{"id":"file.types","version":"1"},"event":{"state":true,"data":{"plugin":"org.intellij.groovy","created":1585487832375,"plugin_type":"JB_BUNDLED","project":"fa09d435d547edfd66141b651db8246df381e314010b0042c3de4331f7e93804"},"id":"Groovy"}}
{"recorder_version":"20","session":"2834501d1063","build":"192.5728.98","bucket":"213","time":1585487832374,"group":{"id":"file.types","version":"1"},"event":{"state":true,"data":{"created":1585487832376,"plugin_type":"PLATFORM","project":"fa09d435d547edfd66141b651db8246df381e314010b0042c3de4331f7e93804"},"id":"PLAIN_TEXT"}}
{"recorder_version":"20","session":"2834501d1063","build":"192.5728.98","bucket":"213","time":1585487832374,"group":{"id":"file.types","version":"1"},"event":{"state":true,"data":{"created":1585487832376,"project":"fa09d435d547edfd66141b651db8246df381e314010b0042c3de4331f7e93804"},"id":"invoked"}}
{"recorder_version":"20","session":"2834501d1063","build":"192.5728.98","bucket":"213","time":1585487832435,"group":{"id":"vcs.settings","version":"2"},"event":{"state":true,"data":{"created":1585487832435,"project":"fa09d435d547edfd66141b651db8246df381e314010b0042c3de4331f7e93804"},"id":"invoked"}}
{"recorder_version":"20","session":"2834501d1063","build":"192.5728.98","bucket":"213","time":1585487832437,"group":{"id":"vcs.configuration","version":"2"},"event":{"state":true,"data":{"created":1585487832438,"count":0,"project":"fa09d435d547edfd66141b651db8246df381e314010b0042c3de4331f7e93804"},"id":"ignored.files"}}
{"recorder_version":"20","session":"2834501d1063","build":"192.5728.98","bucket":"213","time":1585487832437,"group":{"id":"vcs.configuration","version":"2"},"event":{"state":true,"data":{"created":1585487832438,"count":0,"project":"fa09d435d547edfd66141b651db8246df381e314010b0042c3de4331f7e93804"},"id":"unversioned.files"}}
{"recorder_version":"20","session":"2834501d1063","build":"192.5728.98","bucket":"213","time":1585487832437,"group":{"id":"vcs.configuration","version":"2"},"event":{"state":true,"data":{"created":1585487832438,"count":0,"project":"fa09d435d547edfd66141b651db8246df381e314010b0042c3de4331f7e93804"},"id":"mapped.roots"}}
{"recorder_version":"20","session":"2834501d1063","build":"192.5728.98","bucket":"213","time":1585487832437,"group":{"id":"vcs.configuration","version":"2"},"event":{"state":true,"data":{"created":1585487832439,"count":1,"project":"fa09d435d547edfd66141b651db8246df381e314010b0042c3de4331f7e93804"},"id":"changelists"}}
{"recorder_version":"20","session":"2834501d1063","build":"192.5728.98","bucket":"213","time":1585487832438,"group":{"id":"vcs.configuration","version":"2"},"event":{"state":true,"data":{"created":1585487832439,"project":"fa09d435d547edfd66141b651db8246df381e314010b0042c3de4331f7e93804"},"id":"invoked"}}
{"recorder_version":"20","session":"2834501d1063","build":"192.5728.98","bucket":"213","time":1585487832438,"group":{"id":"java.compiler.settings.project","version":"1"},"event":{"state":true,"data":{"created":1585487832439,"project":"fa09d435d547edfd66141b651db8246df381e314010b0042c3de4331f7e93804","enabled":true},"id":"AUTO_SHOW_ERRORS_IN_EDITOR"}}
{"recorder_version":"20","session":"2834501d1063","build":"192.5728.98","bucket":"213","time":1585487832438,"group":{"id":"java.compiler.settings.project","version":"1"},"event":{"state":true,"data":{"created":1585487832439,"project":"fa09d435d547edfd66141b651db8246df381e314010b0042c3de4331f7e93804","enabled":true},"id":"DISPLAY_NOTIFICATION_POPUP"}}
{"recorder_version":"20","session":"2834501d1063","build":"192.5728.98","bucket":"213","time":1585487832438,"group":{"id":"java.compiler.settings.project","version":"1"},"event":{"state":true,"data":{"created":1585487832440,"project":"fa09d435d547edfd66141b651db8246df381e314010b0042c3de4331f7e93804","enabled":true},"id":"CLEAR_OUTPUT_DIRECTORY"}}
{"recorder_version":"20","session":"2834501d1063","build":"192.5728.98","bucket":"213","time":1585487832438,"group":{"id":"java.compiler.settings.project","version":"1"},"event":{"state":true,"data":{"created":1585487832440,"project":"fa09d435d547edfd66141b651db8246df381e314010b0042c3de4331f7e93804","enabled":false},"id":"MAKE_PROJECT_ON_SAVE"}}
{"recorder_version":"20","session":"2834501d1063","build":"192.5728.98","bucket":"213","time":1585487832438,"group":{"id":"java.compiler.settings.project","version":"1"},"event":{"state":true,"data":{"created":1585487832441,"project":"fa09d435d547edfd66141b651db8246df381e314010b0042c3de4331f7e93804","enabled":false},"id":"PARALLEL_COMPILATION"}}
{"recorder_version":"20","session":"2834501d1063","build":"192.5728.98","bucket":"213","time":1585487832438,"group":{"id":"java.compiler.settings.project","version":"1"},"event":{"state":true,"data":{"created":1585487832441,"project":"fa09d435d547edfd66141b651db8246df381e314010b0042c3de4331f7e93804","enabled":true},"id":"REBUILD_ON_DEPENDENCY_CHANGE"}}
{"recorder_version":"20","session":"2834501d1063","build":"192.5728.98","bucket":"213","time":1585487832438,"group":{"id":"java.compiler.settings.project","version":"1"},"event":{"state":true,"data":{"created":1585487832441,"project":"fa09d435d547edfd66141b651db8246df381e314010b0042c3de4331f7e93804","enabled":true},"id":"COMPILE_AFFECTED_UNLOADED_MODULES_BEFORE_COMMIT"}}
{"recorder_version":"20","session":"2834501d1063","build":"192.5728.98","bucket":"213","time":1585487832438,"group":{"id":"java.compiler.settings.project","version":"1"},"event":{"state":true,"data":{"created":1585487832442,"project":"fa09d435d547edfd66141b651db8246df381e314010b0042c3de4331f7e93804"},"id":"invoked"}}
{"recorder_version":"20","session":"2834501d1063","build":"192.5728.98","bucket":"213","time":1585487832439,"group":{"id":"build.tools","version":"1"},"event":{"state":true,"data":{"created":1585487832442,"project":"fa09d435d547edfd66141b651db8246df381e314010b0042c3de4331f7e93804","value":"Gradle"},"id":"externalSystemId"}}
{"recorder_version":"20","session":"2834501d1063","build":"192.5728.98","bucket":"213","time":1585487832439,"group":{"id":"build.tools","version":"1"},"event":{"state":true,"data":{"created":1585487832442,"project":"fa09d435d547edfd66141b651db8246df381e314010b0042c3de4331f7e93804"},"id":"invoked"}}
{"recorder_version":"20","session":"2834501d1063","build":"192.5728.98","bucket":"213","time":1585487833060,"group":{"id":"javaLibraryJars","version":"1"},"event":{"state":true,"data":{"os":"Mac","created":1585487833061,"project":"fa09d435d547edfd66141b651db8246df381e314010b0042c3de4331f7e93804","version":"4.12"},"id":"junit4"}}
{"recorder_version":"20","session":"2834501d1063","build":"192.5728.98","bucket":"213","time":1585487833060,"group":{"id":"javaLibraryJars","version":"1"},"event":{"state":true,"data":{"created":1585487833061,"project":"fa09d435d547edfd66141b651db8246df381e314010b0042c3de4331f7e93804"},"id":"invoked"}}
{"recorder_version":"20","session":"2834501d1063","build":"192.5728.98","bucket":"213","time":1585487833062,"group":{"id":"vcs.log.data","version":"2"},"event":{"state":true,"data":{"created":1585487833062,"project":"fa09d435d547edfd66141b651db8246df381e314010b0042c3de4331f7e93804"},"id":"invoked"}}
{"recorder_version":"20","session":"2834501d1063","build":"192.5728.98","bucket":"213","time":1585487833074,"group":{"id":"vcs.log.ui","version":"2"},"event":{"state":true,"data":{"created":1585487833074,"project":"fa09d435d547edfd66141b651db8246df381e314010b0042c3de4331f7e93804"},"id":"invoked"}}
{"recorder_version":"20","session":"2834501d1063","build":"192.5728.98","bucket":"213","time":1585487833093,"group":{"id":"git.configuration","version":"2"},"event":{"state":true,"data":{"created":1585487833093,"project":"fa09d435d547edfd66141b651db8246df381e314010b0042c3de4331f7e93804","type":"NULL","version":"0.0.0"},"id":"executable"}}
{"recorder_version":"20","session":"2834501d1063","build":"192.5728.98","bucket":"213","time":1585487833093,"group":{"id":"git.configuration","version":"2"},"event":{"state":true,"data":{"created":1585487833093,"project":"fa09d435d547edfd66141b651db8246df381e314010b0042c3de4331f7e93804"},"id":"invoked"}}
{"recorder_version":"20","session":"2834501d1063","build":"192.5728.98","bucket":"213","time":1585487833094,"group":{"id":"build.tools.state","version":"1"},"event":{"state":true,"data":{"created":1585487833094,"count":1,"externalSystemId":"Gradle","project":"fa09d435d547edfd66141b651db8246df381e314010b0042c3de4331f7e93804"},"id":"numberOfLinkedProject"}}
{"recorder_version":"20","session":"2834501d1063","build":"192.5728.98","bucket":"213","time":1585487833094,"group":{"id":"build.tools.state","version":"1"},"event":{"state":true,"data":{"created":1585487833095,"externalSystemId":"Gradle","project":"fa09d435d547edfd66141b651db8246df381e314010b0042c3de4331f7e93804","enabled":false},"id":"autoImport"}}
{"recorder_version":"20","session":"2834501d1063","build":"192.5728.98","bucket":"213","time":1585487833094,"group":{"id":"build.tools.state","version":"1"},"event":{"state":true,"data":{"created":1585487833095,"externalSystemId":"Gradle","project":"fa09d435d547edfd66141b651db8246df381e314010b0042c3de4331f7e93804","enabled":true},"id":"useQualifiedModuleNames"}}
{"recorder_version":"20","session":"2834501d1063","build":"192.5728.98","bucket":"213","time":1585487833094,"group":{"id":"build.tools.state","version":"1"},"event":{"state":true,"data":{"created":1585487833096,"count":1,"externalSystemId":"Gradle","project":"fa09d435d547edfd66141b651db8246df381e314010b0042c3de4331f7e93804"},"id":"modules.count"}}
{"recorder_version":"20","session":"2834501d1063","build":"192.5728.98","bucket":"213","time":1585487833094,"group":{"id":"build.tools.state","version":"1"},"event":{"state":true,"data":{"created":1585487833096,"project":"fa09d435d547edfd66141b651db8246df381e314010b0042c3de4331f7e93804"},"id":"invoked"}}
{"recorder_version":"20","session":"2834501d1063","build":"192.5728.98","bucket":"213","time":1585487833095,"group":{"id":"module.facets","version":"2"},"event":{"state":true,"data":{"created":1585487833096,"project":"fa09d435d547edfd66141b651db8246df381e314010b0042c3de4331f7e93804"},"id":"invoked"}}
{"recorder_version":"20","session":"2834501d1063","build":"192.5728.98","bucket":"213","time":1585487833099,"group":{"id":"project.structure","version":"2"},"event":{"state":true,"data":{"created":1585487833100,"count":0,"project":"fa09d435d547edfd66141b651db8246df381e314010b0042c3de4331f7e93804"},"id":"package.prefix"}}
{"recorder_version":"20","session":"2834501d1063","build":"192.5728.98","bucket":"213","time":1585487833100,"group":{"id":"project.structure","version":"2"},"event":{"state":true,"data":{"created":1585487833100,"count":4,"project":"fa09d435d547edfd66141b651db8246df381e314010b0042c3de4331f7e93804"},"id":"source.roots.total"}}
{"recorder_version":"20","session":"2834501d1063","build":"192.5728.98","bucket":"213","time":1585487833100,"group":{"id":"project.structure","version":"2"},"event":{"state":true,"data":{"created":1585487833101,"count":3,"project":"fa09d435d547edfd66141b651db8246df381e314010b0042c3de4331f7e93804"},"id":"modules.total"}}
{"recorder_version":"20","session":"2834501d1063","build":"192.5728.98","bucket":"213","time":1585487833100,"group":{"id":"project.structure","version":"2"},"event":{"state":true,"data":{"created":1585487833102,"count":3,"project":"fa09d435d547edfd66141b651db8246df381e314010b0042c3de4331f7e93804"},"id":"content.roots.total"}}
{"recorder_version":"20","session":"2834501d1063","build":"192.5728.98","bucket":"213","time":1585487833100,"group":{"id":"project.structure","version":"2"},"event":{"state":true,"data":{"created":1585487833102,"count":1,"project":"fa09d435d547edfd66141b651db8246df381e314010b0042c3de4331f7e93804","type":"java-test"},"id":"source.root"}}
{"recorder_version":"20","session":"2834501d1063","build":"192.5728.98","bucket":"213","time":1585487833100,"group":{"id":"project.structure","version":"2"},"event":{"state":true,"data":{"created":1585487833102,"count":1,"project":"fa09d435d547edfd66141b651db8246df381e314010b0042c3de4331f7e93804","type":"java-test-resource"},"id":"source.root"}}
{"recorder_version":"20","session":"2834501d1063","build":"192.5728.98","bucket":"213","time":1585487833100,"group":{"id":"project.structure","version":"2"},"event":{"state":true,"data":{"created":1585487833103,"count":1,"project":"fa09d435d547edfd66141b651db8246df381e314010b0042c3de4331f7e93804"},"id":"excluded.roots.total"}}
{"recorder_version":"20","session":"2834501d1063","build":"192.5728.98","bucket":"213","time":1585487833100,"group":{"id":"project.structure","version":"2"},"event":{"state":true,"data":{"created":1585487833103,"count":1,"project":"fa09d435d547edfd66141b651db8246df381e314010b0042c3de4331f7e93804","type":"java-source"},"id":"source.root"}}
{"recorder_version":"20","session":"2834501d1063","build":"192.5728.98","bucket":"213","time":1585487833100,"group":{"id":"project.structure","version":"2"},"event":{"state":true,"data":{"created":1585487833104,"count":1,"project":"fa09d435d547edfd66141b651db8246df381e314010b0042c3de4331f7e93804","type":"java-resource"},"id":"source.root"}}
{"recorder_version":"20","session":"2834501d1063","build":"192.5728.98","bucket":"213","time":1585487833100,"group":{"id":"project.structure","version":"2"},"event":{"state":true,"data":{"created":1585487833104,"project":"fa09d435d547edfd66141b651db8246df381e314010b0042c3de4331f7e93804"},"id":"invoked"}}
{"recorder_version":"20","session":"2834501d1063","build":"192.5728.98","bucket":"213","time":1585487833100,"group":{"id":"build.maven.state","version":"1"},"event":{"state":true,"data":{"created":1585487833104,"project":"fa09d435d547edfd66141b651db8246df381e314010b0042c3de4331f7e93804"},"id":"invoked"}}
{"recorder_version":"20","session":"2834501d1063","build":"192.5728.98","bucket":"213","time":1585487833228,"group":{"id":"build.gradle.state","version":"1"},"event":{"state":true,"data":{"created":1585487833228,"project":"fa09d435d547edfd66141b651db8246df381e314010b0042c3de4331f7e93804","enabled":true},"id":"hasGradleProject"}}
{"recorder_version":"20","session":"2834501d1063","build":"192.5728.98","bucket":"213","time":1585487833228,"group":{"id":"build.gradle.state","version":"1"},"event":{"state":true,"data":{"created":1585487833229,"project":"fa09d435d547edfd66141b651db8246df381e314010b0042c3de4331f7e93804","enabled":false},"id":"offlineWork"}}
{"recorder_version":"20","session":"2834501d1063","build":"192.5728.98","bucket":"213","time":1585487833228,"group":{"id":"build.gradle.state","version":"1"},"event":{"state":true,"data":{"created":1585487833229,"project":"fa09d435d547edfd66141b651db8246df381e314010b0042c3de4331f7e93804","enabled":false},"id":"hasCustomServiceDirectoryPath"}}
{"recorder_version":"20","session":"2834501d1063","build":"192.5728.98","bucket":"213","time":1585487833228,"group":{"id":"build.gradle.state","version":"1"},"event":{"state":true,"data":{"created":1585487833229,"project":"fa09d435d547edfd66141b651db8246df381e314010b0042c3de4331f7e93804","enabled":false},"id":"hasCustomGradleVmOptions"}}
{"recorder_version":"20","session":"2834501d1063","build":"192.5728.98","bucket":"213","time":1585487833228,"group":{"id":"build.gradle.state","version":"1"},"event":{"state":true,"data":{"created":1585487833229,"project":"fa09d435d547edfd66141b651db8246df381e314010b0042c3de4331f7e93804","enabled":false},"id":"showSelectiveImportDialogOnInitialImport"}}
{"recorder_version":"20","session":"2834501d1063","build":"192.5728.98","bucket":"213","time":1585487833228,"group":{"id":"build.gradle.state","version":"1"},"event":{"state":true,"data":{"created":1585487833229,"project":"fa09d435d547edfd66141b651db8246df381e314010b0042c3de4331f7e93804","enabled":true},"id":"storeProjectFilesExternally"}}
{"recorder_version":"20","session":"2834501d1063","build":"192.5728.98","bucket":"213","time":1585487833228,"group":{"id":"build.gradle.state","version":"1"},"event":{"state":true,"data":{"created":1585487833230,"project":"fa09d435d547edfd66141b651db8246df381e314010b0042c3de4331f7e93804","enabled":true},"id":"isUseQualifiedModuleNames"}}
{"recorder_version":"20","session":"2834501d1063","build":"192.5728.98","bucket":"213","time":1585487833228,"group":{"id":"build.gradle.state","version":"1"},"event":{"state":true,"data":{"created":1585487833230,"project":"fa09d435d547edfd66141b651db8246df381e314010b0042c3de4331f7e93804","enabled":true},"id":"createModulePerSourceSet"}}
{"recorder_version":"20","session":"2834501d1063","build":"192.5728.98","bucket":"213","time":1585487833228,"group":{"id":"build.gradle.state","version":"1"},"event":{"state":true,"data":{"created":1585487833230,"project":"fa09d435d547edfd66141b651db8246df381e314010b0042c3de4331f7e93804","value":"default_wrapped"},"id":"distributionType"}}
{"recorder_version":"20","session":"2834501d1063","build":"192.5728.98","bucket":"213","time":1585487833228,"group":{"id":"build.gradle.state","version":"1"},"event":{"state":true,"data":{"created":1585487833230,"project":"fa09d435d547edfd66141b651db8246df381e314010b0042c3de4331f7e93804","enabled":false},"id":"isCompositeBuilds"}}
{"recorder_version":"20","session":"2834501d1063","build":"192.5728.98","bucket":"213","time":1585487833228,"group":{"id":"build.gradle.state","version":"1"},"event":{"state":true,"data":{"created":1585487833230,"project":"fa09d435d547edfd66141b651db8246df381e314010b0042c3de4331f7e93804","enabled":false},"id":"disableWrapperSourceDistributionNotification"}}
{"recorder_version":"20","session":"2834501d1063","build":"192.5728.98","bucket":"213","time":1585487833228,"group":{"id":"build.gradle.state","version":"1"},"event":{"state":true,"data":{"created":1585487833231,"project":"fa09d435d547edfd66141b651db8246df381e314010b0042c3de4331f7e93804","value":"custom"},"id":"gradleJvmType"}}
{"recorder_version":"20","session":"2834501d1063","build":"192.5728.98","bucket":"213","time":1585487833228,"group":{"id":"build.gradle.state","version":"1"},"event":{"state":true,"data":{"created":1585487833231,"project":"fa09d435d547edfd66141b651db8246df381e314010b0042c3de4331f7e93804","value":"unknown"},"id":"gradleJvmVersion"}}
{"recorder_version":"20","session":"2834501d1063","build":"192.5728.98","bucket":"213","time":1585487833228,"group":{"id":"build.gradle.state","version":"1"},"event":{"state":true,"data":{"created":1585487833231,"project":"fa09d435d547edfd66141b651db8246df381e314010b0042c3de4331f7e93804","value":"5.2.1"},"id":"gradleVersion"}}
{"recorder_version":"20","session":"2834501d1063","build":"192.5728.98","bucket":"213","time":1585487833228,"group":{"id":"build.gradle.state","version":"1"},"event":{"state":true,"data":{"created":1585487833231,"project":"fa09d435d547edfd66141b651db8246df381e314010b0042c3de4331f7e93804","enabled":true},"id":"delegateBuildRun"}}
{"recorder_version":"20","session":"2834501d1063","build":"192.5728.98","bucket":"213","time":1585487833228,"group":{"id":"build.gradle.state","version":"1"},"event":{"state":true,"data":{"created":1585487833232,"project":"fa09d435d547edfd66141b651db8246df381e314010b0042c3de4331f7e93804","value":"gradle"},"id":"preferredTestRunner"}}
{"recorder_version":"20","session":"2834501d1063","build":"192.5728.98","bucket":"213","time":1585487833228,"group":{"id":"build.gradle.state","version":"1"},"event":{"state":true,"data":{"created":1585487833232,"project":"fa09d435d547edfd66141b651db8246df381e314010b0042c3de4331f7e93804"},"id":"invoked"}}
{"recorder_version":"20","session":"2834501d1063","build":"192.5728.98","bucket":"213","time":1585487833229,"group":{"id":"editor.settings.project","version":"2"},"event":{"state":true,"data":{"created":1585487833232,"project":"fa09d435d547edfd66141b651db8246df381e314010b0042c3de4331f7e93804"},"id":"invoked"}}
{"recorder_version":"20","session":"2834501d1063","build":"192.5728.98","bucket":"213","time":1585487833245,"group":{"id":"debugger.breakpoints","version":"2"},"event":{"state":true,"data":{"created":1585487833245,"count":0,"project":"fa09d435d547edfd66141b651db8246df381e314010b0042c3de4331f7e93804"},"id":"total"}}
{"recorder_version":"20","session":"2834501d1063","build":"192.5728.98","bucket":"213","time":1585487833245,"group":{"id":"debugger.breakpoints","version":"2"},"event":{"state":true,"data":{"created":1585487833246,"count":0,"project":"fa09d435d547edfd66141b651db8246df381e314010b0042c3de4331f7e93804"},"id":"total.disabled"}}
{"recorder_version":"20","session":"2834501d1063","build":"192.5728.98","bucket":"213","time":1585487833245,"group":{"id":"debugger.breakpoints","version":"2"},"event":{"state":true,"data":{"created":1585487833246,"count":0,"project":"fa09d435d547edfd66141b651db8246df381e314010b0042c3de4331f7e93804"},"id":"total.non.suspending"}}
{"recorder_version":"20","session":"2834501d1063","build":"192.5728.98","bucket":"213","time":1585487833245,"group":{"id":"debugger.breakpoints","version":"2"},"event":{"state":true,"data":{"created":1585487833246,"project":"fa09d435d547edfd66141b651db8246df381e314010b0042c3de4331f7e93804"},"id":"invoked"}}
{"recorder_version":"20","session":"2834501d1063","build":"192.5728.98","bucket":"213","time":1585487833254,"group":{"id":"vcs.log.index.project","version":"2"},"event":{"state":true,"data":{"created":1585487833255,"project":"fa09d435d547edfd66141b651db8246df381e314010b0042c3de4331f7e93804"},"id":"invoked"}}
{"recorder_version":"20","session":"2834501d1063","build":"192.5728.98","bucket":"213","time":1585487833255,"group":{"id":"run.dashboard","version":"1"},"event":{"state":true,"data":{"created":1585487833255,"project":"fa09d435d547edfd66141b651db8246df381e314010b0042c3de4331f7e93804","enabled":false},"id":"run.dashboard"}}
{"recorder_version":"20","session":"2834501d1063","build":"192.5728.98","bucket":"213","time":1585487833255,"group":{"id":"run.dashboard","version":"1"},"event":{"state":true,"data":{"created":1585487833255,"project":"fa09d435d547edfd66141b651db8246df381e314010b0042c3de4331f7e93804"},"id":"invoked"}}
{"recorder_version":"20","session":"2834501d1063","build":"192.5728.98","bucket":"213","time":1585487912316,"group":{"id":"performance","version":"20"},"event":{"count":1,"data":{"duration_ms":0,"created":1585487912316},"id":"ui.latency"}}
{"recorder_version":"20","session":"2834501d1063","build":"192.5728.98","bucket":"213","time":1585488012593,"group":{"id":"performance","version":"20"},"event":{"count":1,"data":{"duration_ms":0,"created":1585488012593},"id":"ui.latency"}}
{"recorder_version":"20","session":"2834501d1063","build":"192.5728.98","bucket":"213","time":1585488112886,"group":{"id":"performance","version":"20"},"event":{"count":1,"data":{"duration_ms":0,"created":1585488112886},"id":"ui.latency"}}
{"recorder_version":"20","session":"2834501d1063","build":"192.5728.98","bucket":"213","time":1585488213183,"group":{"id":"performance","version":"20"},"event":{"count":1,"data":{"duration_ms":0,"created":1585488213183},"id":"ui.latency"}}
{"recorder_version":"20","session":"2834501d1063","build":"192.5728.98","bucket":"213","time":1585488313454,"group":{"id":"performance","version":"20"},"event":{"count":1,"data":{"duration_ms":1,"created":1585488313454},"id":"ui.latency"}}
{"recorder_version":"20","session":"2834501d1063","build":"192.5728.98","bucket":"213","time":1585488413742,"group":{"id":"performance","version":"20"},"event":{"count":1,"data":{"duration_ms":0,"created":1585488413742},"id":"ui.latency"}}
{"recorder_version":"20","session":"2834501d1063","build":"192.5728.98","bucket":"213","time":1585488514063,"group":{"id":"performance","version":"20"},"event":{"count":1,"data":{"duration_ms":0,"created":1585488514063},"id":"ui.latency"}}
{"recorder_version":"20","session":"2834501d1063","build":"192.5728.98","bucket":"213","time":1585488614571,"group":{"id":"performance","version":"20"},"event":{"count":1,"data":{"duration_ms":0,"created":1585488614572},"id":"ui.latency"}}
{"recorder_version":"20","session":"2834501d1063","build":"192.5728.98","bucket":"213","time":1585488715106,"group":{"id":"performance","version":"20"},"event":{"count":1,"data":{"duration_ms":0,"created":1585488715106},"id":"ui.latency"}}
{"recorder_version":"20","session":"2834501d1063","build":"192.5728.98","bucket":"213","time":1585488815702,"group":{"id":"performance","version":"20"},"event":{"count":1,"data":{"duration_ms":0,"created":1585488815702},"id":"ui.latency"}}
{"recorder_version":"20","session":"2834501d1063","build":"192.5728.98","bucket":"213","time":1585488916368,"group":{"id":"performance","version":"20"},"event":{"count":1,"data":{"duration_ms":0,"created":1585488916369},"id":"ui.latency"}}
{"recorder_version":"20","session":"2834501d1063","build":"192.5728.98","bucket":"213","time":1585489016986,"group":{"id":"performance","version":"20"},"event":{"count":1,"data":{"duration_ms":0,"created":1585489016987},"id":"ui.latency"}}
{"recorder_version":"20","session":"2834501d1063","build":"192.5728.98","bucket":"213","time":1585489117304,"group":{"id":"performance","version":"20"},"event":{"count":1,"data":{"duration_ms":0,"created":1585489117304},"id":"ui.latency"}}
{"recorder_version":"20","session":"2834501d1063","build":"192.5728.98","bucket":"213","time":1585489217570,"group":{"id":"performance","version":"20"},"event":{"count":1,"data":{"duration_ms":0,"created":1585489217571},"id":"ui.latency"}}
{"recorder_version":"20","session":"2834501d1063","build":"192.5728.98","bucket":"213","time":1585489317858,"group":{"id":"performance","version":"20"},"event":{"count":1,"data":{"duration_ms":0,"created":1585489317859},"id":"ui.latency"}}
{"recorder_version":"20","session":"2834501d1063","build":"192.5728.98","bucket":"213","time":1585489418210,"group":{"id":"performance","version":"20"},"event":{"count":1,"data":{"duration_ms":0,"created":1585489418210},"id":"ui.latency"}}
{"recorder_version":"20","session":"2834501d1063","build":"192.5728.98","bucket":"213","time":1585489518532,"group":{"id":"performance","version":"20"},"event":{"count":1,"data":{"duration_ms":0,"created":1585489518532},"id":"ui.latency"}}
{"recorder_version":"20","session":"2834501d1063","build":"192.5728.98","bucket":"213","time":1585489618922,"group":{"id":"performance","version":"20"},"event":{"count":1,"data":{"duration_ms":1,"created":1585489618922},"id":"ui.latency"}}
{"recorder_version":"20","session":"2834501d1063","build":"192.5728.98","bucket":"213","time":1585489719228,"group":{"id":"performance","version":"20"},"event":{"count":1,"data":{"duration_ms":0,"created":1585489719228},"id":"ui.latency"}}
{"recorder_version":"20","session":"2834501d1063","build":"192.5728.98","bucket":"213","time":1585489819528,"group":{"id":"performance","version":"20"},"event":{"count":1,"data":{"duration_ms":0,"created":1585489819528},"id":"ui.latency"}}
{"recorder_version":"20","session":"2834501d1063","build":"192.5728.98","bucket":"213","time":1585489919860,"group":{"id":"performance","version":"20"},"event":{"count":1,"data":{"duration_ms":1,"created":1585489919860},"id":"ui.latency"}}
{"recorder_version":"20","session":"2834501d1063","build":"192.5728.98","bucket":"213","time":1585490020476,"group":{"id":"performance","version":"20"},"event":{"count":1,"data":{"duration_ms":0,"created":1585490020477},"id":"ui.latency"}}
{"recorder_version":"20","session":"2834501d1063","build":"192.5728.98","bucket":"213","time":1585490120866,"group":{"id":"performance","version":"20"},"event":{"count":1,"data":{"duration_ms":0,"created":1585490120866},"id":"ui.latency"}}
{"recorder_version":"20","session":"2834501d1063","build":"192.5728.98","bucket":"213","time":1585490221155,"group":{"id":"performance","version":"20"},"event":{"count":1,"data":{"duration_ms":0,"created":1585490221155},"id":"ui.latency"}}
{"recorder_version":"20","session":"2834501d1063","build":"192.5728.98","bucket":"213","time":1585490321463,"group":{"id":"performance","version":"20"},"event":{"count":1,"data":{"duration_ms":0,"created":1585490321463},"id":"ui.latency"}}
{"recorder_version":"20","session":"2834501d1063","build":"192.5728.98","bucket":"213","time":1585490422014,"group":{"id":"performance","version":"20"},"event":{"count":1,"data":{"duration_ms":0,"created":1585490422014},"id":"ui.latency"}}
{"recorder_version":"20","session":"2834501d1063","build":"192.5728.98","bucket":"213","time":1585490522586,"group":{"id":"performance","version":"20"},"event":{"count":1,"data":{"duration_ms":0,"created":1585490522586},"id":"ui.latency"}}
{"recorder_version":"20","session":"2834501d1063","build":"192.5728.98","bucket":"213","time":1585490623225,"group":{"id":"performance","version":"20"},"event":{"count":1,"data":{"duration_ms":0,"created":1585490623225},"id":"ui.latency"}}
{"recorder_version":"20","session":"2834501d1063","build":"192.5728.98","bucket":"213","time":1585490723494,"group":{"id":"performance","version":"20"},"event":{"count":1,"data":{"duration_ms":1,"created":1585490723494},"id":"ui.latency"}}
{"recorder_version":"20","session":"2834501d1063","build":"192.5728.98","bucket":"213","time":1585490823767,"group":{"id":"performance","version":"20"},"event":{"count":1,"data":{"duration_ms":0,"created":1585490823767},"id":"ui.latency"}}
{"recorder_version":"20","session":"2834501d1063","build":"192.5728.98","bucket":"213","time":1585490924114,"group":{"id":"performance","version":"20"},"event":{"count":1,"data":{"duration_ms":0,"created":1585490924114},"id":"ui.latency"}}
{"recorder_version":"20","session":"2834501d1063","build":"192.5728.98","bucket":"213","time":1585491024779,"group":{"id":"performance","version":"20"},"event":{"count":1,"data":{"duration_ms":0,"created":1585491024780},"id":"ui.latency"}}
{"recorder_version":"20","session":"2834501d1063","build":"192.5728.98","bucket":"213","time":1585491125412,"group":{"id":"performance","version":"20"},"event":{"count":1,"data":{"duration_ms":0,"created":1585491125412},"id":"ui.latency"}}
{"recorder_version":"20","session":"2834501d1063","build":"192.5728.98","bucket":"213","time":1585491225810,"group":{"id":"performance","version":"20"},"event":{"count":1,"data":{"duration_ms":0,"created":1585491225810},"id":"ui.latency"}}
{"recorder_version":"20","session":"2834501d1063","build":"192.5728.98","bucket":"213","time":1585491326145,"group":{"id":"performance","version":"20"},"event":{"count":1,"data":{"duration_ms":0,"created":1585491326145},"id":"ui.latency"}}
{"recorder_version":"20","session":"2834501d1063","build":"192.5728.98","bucket":"213","time":1585491426437,"group":{"id":"performance","version":"20"},"event":{"count":1,"data":{"duration_ms":0,"created":1585491426437},"id":"ui.latency"}}
{"recorder_version":"20","session":"2834501d1063","build":"192.5728.98","bucket":"213","time":1585491526979,"group":{"id":"performance","version":"20"},"event":{"count":1,"data":{"duration_ms":0,"created":1585491526979},"id":"ui.latency"}}
{"recorder_version":"20","session":"2834501d1063","build":"192.5728.98","bucket":"213","time":1585491627427,"group":{"id":"performance","version":"20"},"event":{"count":1,"data":{"duration_ms":0,"created":1585491627427},"id":"ui.latency"}}
{"recorder_version":"20","session":"2834501d1063","build":"192.5728.98","bucket":"213","time":1585491727697,"group":{"id":"performance","version":"20"},"event":{"count":1,"data":{"duration_ms":0,"created":1585491727697},"id":"ui.latency"}}
{"recorder_version":"20","session":"2834501d1063","build":"192.5728.98","bucket":"213","time":1585491828006,"group":{"id":"performance","version":"20"},"event":{"count":1,"data":{"duration_ms":0,"created":1585491828006},"id":"ui.latency"}}
{"recorder_version":"20","session":"2834501d1063","build":"192.5728.98","bucket":"213","time":1585491928439,"group":{"id":"performance","version":"20"},"event":{"count":1,"data":{"duration_ms":1,"created":1585491928439},"id":"ui.latency"}}
{"recorder_version":"20","session":"2834501d1063","build":"192.5728.98","bucket":"213","time":1585492028697,"group":{"id":"performance","version":"20"},"event":{"count":1,"data":{"duration_ms":1,"created":1585492028697},"id":"ui.latency"}}
{"recorder_version":"20","session":"2834501d1063","build":"192.5728.98","bucket":"213","time":1585514392057,"group":{"id":"performance","version":"20"},"event":{"count":1,"data":{"duration_ms":8,"created":1585514392062},"id":"ui.latency"}}
{"recorder_version":"20","session":"2834501d1063","build":"192.5728.98","bucket":"213","time":1585514492785,"group":{"id":"performance","version":"20"},"event":{"count":1,"data":{"duration_ms":0,"created":1585514492786},"id":"ui.latency"}}
{"recorder_version":"20","session":"2834501d1063","build":"192.5728.98","bucket":"213","time":1585514593121,"group":{"id":"performance","version":"20"},"event":{"count":1,"data":{"duration_ms":0,"created":1585514593121},"id":"ui.latency"}}
{"recorder_version":"20","session":"2834501d1063","build":"192.5728.98","bucket":"213","time":1585514660986,"group":{"id":"lifecycle","version":"20"},"event":{"count":1,"data":{"created":1585514660989,"project":"fa09d435d547edfd66141b651db8246df381e314010b0042c3de4331f7e93804"},"id":"frame.activated"}}
{"recorder_version":"20","session":"2834501d1063","build":"192.5728.98","bucket":"213","time":1585514693453,"group":{"id":"performance","version":"20"},"event":{"count":1,"data":{"duration_ms":1,"created":1585514693453},"id":"ui.latency"}}
{"recorder_version":"20","session":"2834501d1063","build":"192.5728.98","bucket":"213","time":1585514793835,"group":{"id":"performance","version":"20"},"event":{"count":1,"data":{"duration_ms":0,"created":1585514793835},"id":"ui.latency"}}
{"recorder_version":"20","session":"2834501d1063","build":"192.5728.98","bucket":"213","time":1585514894223,"group":{"id":"performance","version":"20"},"event":{"count":1,"data":{"duration_ms":0,"created":1585514894223},"id":"ui.latency"}}
{"recorder_version":"20","session":"2834501d1063","build":"192.5728.98","bucket":"213","time":1585514994639,"group":{"id":"performance","version":"20"},"event":{"count":1,"data":{"duration_ms":0,"created":1585514994640},"id":"ui.latency"}}
{"recorder_version":"20","session":"2834501d1063","build":"192.5728.98","bucket":"213","time":1585515095214,"group":{"id":"performance","version":"20"},"event":{"count":1,"data":{"duration_ms":0,"created":1585515095215},"id":"ui.latency"}}
{"recorder_version":"20","session":"2834501d1063","build":"192.5728.98","bucket":"213","time":1585515195939,"group":{"id":"performance","version":"20"},"event":{"count":1,"data":{"duration_ms":0,"created":1585515195939},"id":"ui.latency"}}
{"recorder_version":"20","session":"2834501d1063","build":"192.5728.98","bucket":"213","time":1585515202344,"group":{"id":"lifecycle","version":"20"},"event":{"count":1,"data":{"created":1585515202345,"project":"fa09d435d547edfd66141b651db8246df381e314010b0042c3de4331f7e93804"},"id":"frame.deactivated"}}
{"recorder_version":"20","session":"2834501d1063","build":"192.5728.98","bucket":"213","time":1585522312043,"group":{"id":"performance","version":"20"},"event":{"count":1,"data":{"duration_ms":16,"created":1585522312049},"id":"ui.latency"}}
{"recorder_version":"20","session":"2834501d1063","build":"192.5728.98","bucket":"213","time":1585522412876,"group":{"id":"performance","version":"20"},"event":{"count":1,"data":{"duration_ms":1,"created":1585522412876},"id":"ui.latency"}}
{"recorder_version":"20","session":"2834501d1063","build":"192.5728.98","bucket":"213","time":1585522513449,"group":{"id":"performance","version":"20"},"event":{"count":1,"data":{"duration_ms":0,"created":1585522513450},"id":"ui.latency"}}
{"recorder_version":"20","session":"2834501d1063","build":"192.5728.98","bucket":"213","time":1585522614136,"group":{"id":"performance","version":"20"},"event":{"count":1,"data":{"duration_ms":0,"created":1585522614136},"id":"ui.latency"}}
{"recorder_version":"20","session":"2834501d1063","build":"192.5728.98","bucket":"213","time":1585522714749,"group":{"id":"performance","version":"20"},"event":{"count":1,"data":{"duration_ms":0,"created":1585522714749},"id":"ui.latency"}}
{"recorder_version":"20","session":"2834501d1063","build":"192.5728.98","bucket":"213","time":1585522815426,"group":{"id":"performance","version":"20"},"event":{"count":1,"data":{"duration_ms":0,"created":1585522815426},"id":"ui.latency"}}
{"recorder_version":"20","session":"2834501d1063","build":"192.5728.98","bucket":"213","time":1585522915896,"group":{"id":"performance","version":"20"},"event":{"count":1,"data":{"duration_ms":0,"created":1585522915896},"id":"ui.latency"}}
{"recorder_version":"20","session":"2834501d1063","build":"192.5728.98","bucket":"213","time":1585522999877,"group":{"id":"lifecycle","version":"20"},"event":{"count":1,"data":{"created":1585522999877,"project":"fa09d435d547edfd66141b651db8246df381e314010b0042c3de4331f7e93804"},"id":"frame.activated"}}
{"recorder_version":"20","session":"2834501d1063","build":"192.5728.98","bucket":"213","time":1585523000298,"group":{"id":"performance","version":"20"},"event":{"count":1,"data":{"duration_ms":110,"created":1585523000298},"id":"ui.lagging"}}
{"recorder_version":"20","session":"2834501d1063","build":"192.5728.98","bucket":"213","time":1585523016224,"group":{"id":"performance","version":"20"},"event":{"count":1,"data":{"duration_ms":0,"created":1585523016225},"id":"ui.latency"}}
{"recorder_version":"20","session":"2834501d1063","build":"192.5728.98","bucket":"213","time":1585523062326,"group":{"id":"lifecycle","version":"20"},"event":{"count":1,"data":{"created":1585523062327,"project":"fa09d435d547edfd66141b651db8246df381e314010b0042c3de4331f7e93804"},"id":"frame.deactivated"}}
{"recorder_version":"20","session":"2834501d1063","build":"192.5728.98","bucket":"213","time":1585523117073,"group":{"id":"performance","version":"20"},"event":{"count":1,"data":{"duration_ms":0,"created":1585523117074},"id":"ui.latency"}}
{"recorder_version":"20","session":"2834501d1063","build":"192.5728.98","bucket":"213","time":1585523217411,"group":{"id":"performance","version":"20"},"event":{"count":1,"data":{"duration_ms":0,"created":1585523217411},"id":"ui.latency"}}
{"recorder_version":"20","session":"2834501d1063","build":"192.5728.98","bucket":"213","time":1585523317713,"group":{"id":"performance","version":"20"},"event":{"count":1,"data":{"duration_ms":0,"created":1585523317713},"id":"ui.latency"}}
{"recorder_version":"20","session":"2834501d1063","build":"192.5728.98","bucket":"213","time":1585523418259,"group":{"id":"performance","version":"20"},"event":{"count":1,"data":{"duration_ms":0,"created":1585523418259},"id":"ui.latency"}}
{"recorder_version":"20","session":"2834501d1063","build":"192.5728.98","bucket":"213","time":1585523518930,"group":{"id":"performance","version":"20"},"event":{"count":1,"data":{"duration_ms":0,"created":1585523518930},"id":"ui.latency"}}
{"recorder_version":"20","session":"2834501d1063","build":"192.5728.98","bucket":"213","time":1585523619586,"group":{"id":"performance","version":"20"},"event":{"count":1,"data":{"duration_ms":0,"created":1585523619587},"id":"ui.latency"}}
{"recorder_version":"20","session":"2834501d1063","build":"192.5728.98","bucket":"213","time":1585524800044,"group":{"id":"performance","version":"20"},"event":{"count":1,"data":{"duration_ms":12,"created":1585524800051},"id":"ui.latency"}}
{"recorder_version":"20","session":"2834501d1063","build":"192.5728.98","bucket":"213","time":1585524900789,"group":{"id":"performance","version":"20"},"event":{"count":1,"data":{"duration_ms":1,"created":1585524900790},"id":"ui.latency"}}
{"recorder_version":"20","session":"2834501d1063","build":"192.5728.98","bucket":"213","time":1585524999050,"group":{"id":"lifecycle","version":"20"},"event":{"count":1,"data":{"created":1585524999051,"project":"fa09d435d547edfd66141b651db8246df381e314010b0042c3de4331f7e93804"},"id":"frame.activated"}}
{"recorder_version":"20","session":"2834501d1063","build":"192.5728.98","bucket":"213","time":1585524999799,"group":{"id":"lifecycle","version":"20"},"event":{"count":1,"data":{"created":1585524999799,"project":"fa09d435d547edfd66141b651db8246df381e314010b0042c3de4331f7e93804"},"id":"frame.deactivated"}}
{"recorder_version":"20","session":"2834501d1063","build":"192.5728.98","bucket":"213","time":1585525001141,"group":{"id":"performance","version":"20"},"event":{"count":1,"data":{"duration_ms":0,"created":1585525001141},"id":"ui.latency"}}
{"recorder_version":"20","session":"2834501d1063","build":"192.5728.98","bucket":"213","time":1585525101433,"group":{"id":"performance","version":"20"},"event":{"count":1,"data":{"duration_ms":0,"created":1585525101433},"id":"ui.latency"}}
{"recorder_version":"20","session":"2834501d1063","build":"192.5728.98","bucket":"213","time":1585525201774,"group":{"id":"performance","version":"20"},"event":{"count":1,"data":{"duration_ms":1,"created":1585525201774},"id":"ui.latency"}}
{"recorder_version":"20","session":"2834501d1063","build":"192.5728.98","bucket":"213","time":1585525302093,"group":{"id":"performance","version":"20"},"event":{"count":1,"data":{"duration_ms":0,"created":1585525302093},"id":"ui.latency"}}
{"recorder_version":"20","session":"2834501d1063","build":"192.5728.98","bucket":"213","time":1585525402446,"group":{"id":"performance","version":"20"},"event":{"count":1,"data":{"duration_ms":0,"created":1585525402447},"id":"ui.latency"}}
{"recorder_version":"20","session":"2834501d1063","build":"192.5728.98","bucket":"213","time":1585525503045,"group":{"id":"performance","version":"20"},"event":{"count":1,"data":{"duration_ms":0,"created":1585525503046},"id":"ui.latency"}}
{"recorder_version":"20","session":"2834501d1063","build":"192.5728.98","bucket":"213","time":1585525603692,"group":{"id":"performance","version":"20"},"event":{"count":1,"data":{"duration_ms":0,"created":1585525603692},"id":"ui.latency"}}
{"recorder_version":"20","session":"2834501d1063","build":"192.5728.98","bucket":"213","time":1585525704276,"group":{"id":"performance","version":"20"},"event":{"count":1,"data":{"duration_ms":0,"created":1585525704276},"id":"ui.latency"}}
{"recorder_version":"20","session":"2834501d1063","build":"192.5728.98","bucket":"213","time":1585525922020,"group":{"id":"performance","version":"20"},"event":{"count":1,"data":{"duration_ms":0,"created":1585525922025},"id":"ui.latency"}}
{"recorder_version":"20","session":"2834501d1063","build":"192.5728.98","bucket":"213","time":1585526022503,"group":{"id":"performance","version":"20"},"event":{"count":1,"data":{"duration_ms":1,"created":1585526022505},"id":"ui.latency"}}
{"recorder_version":"20","session":"2834501d1063","build":"192.5728.98","bucket":"213","time":1585526091494,"group":{"id":"lifecycle","version":"20"},"event":{"count":1,"data":{"created":1585526091496,"project":"fa09d435d547edfd66141b651db8246df381e314010b0042c3de4331f7e93804"},"id":"frame.activated"}}
{"recorder_version":"20","session":"2834501d1063","build":"192.5728.98","bucket":"213","time":1585526091977,"group":{"id":"lifecycle","version":"20"},"event":{"count":1,"data":{"created":1585526091978,"project":"fa09d435d547edfd66141b651db8246df381e314010b0042c3de4331f7e93804"},"id":"frame.deactivated"}}
{"recorder_version":"20","session":"2834501d1063","build":"192.5728.98","bucket":"213","time":1585526093361,"group":{"id":"lifecycle","version":"20"},"event":{"count":1,"data":{"created":1585526093365,"project":"fa09d435d547edfd66141b651db8246df381e314010b0042c3de4331f7e93804"},"id":"frame.activated"}}
{"recorder_version":"20","session":"2834501d1063","build":"192.5728.98","bucket":"213","time":1585526095375,"group":{"id":"lifecycle","version":"20"},"event":{"count":1,"data":{"created":1585526095375,"project":"fa09d435d547edfd66141b651db8246df381e314010b0042c3de4331f7e93804"},"id":"frame.deactivated"}}
