{"recorder_version":"20","session":"719d0827bc34","build":"192.5728.98","bucket":"213","time":1584057493556,"group":{"id":"settings","version":"4"},"event":{"state":true,"data":{"component":"NotRoamableUiSettings","created":1584057493942},"id":"invoked"}}
{"recorder_version":"20","session":"719d0827bc34","build":"192.5728.98","bucket":"213","time":1584057493560,"group":{"id":"system.java","version":"1"},"event":{"state":true,"data":{"created":1584057493945,"version":"validation.undefined_rule"},"id":"validation.undefined_rule"}}
{"recorder_version":"20","session":"719d0827bc34","build":"192.5728.98","bucket":"213","time":1584057493560,"group":{"id":"system.java","version":"1"},"event":{"state":true,"data":{"created":1584057493961},"id":"invoked"}}
{"recorder_version":"20","session":"719d0827bc34","build":"192.5728.98","bucket":"213","time":1584057493562,"group":{"id":"settings","version":"4"},"event":{"state":true,"data":{"component":"UISettings","created":1584057493962},"id":"invoked"}}
{"recorder_version":"20","session":"719d0827bc34","build":"192.5728.98","bucket":"213","time":1584057493604,"group":{"id":"system.os","version":"3"},"event":{"state":true,"data":{"created":1584057493968,"version":"10.14"},"id":"Mac"}}
{"recorder_version":"20","session":"719d0827bc34","build":"192.5728.98","bucket":"213","time":1584057493604,"group":{"id":"system.os","version":"3"},"event":{"state":true,"data":{"created":1584057493977,"name":"Mac","version":"10.14"},"id":"os.name"}}
{"recorder_version":"20","session":"719d0827bc34","build":"192.5728.98","bucket":"213","time":1584057493604,"group":{"id":"system.os","version":"3"},"event":{"state":true,"data":{"created":1584057493978,"value":"-05_00"},"id":"os.timezone"}}
{"recorder_version":"20","session":"719d0827bc34","build":"192.5728.98","bucket":"213","time":1584057493604,"group":{"id":"system.os","version":"3"},"event":{"state":true,"data":{"created":1584057493979},"id":"invoked"}}
{"recorder_version":"20","session":"719d0827bc34","build":"192.5728.98","bucket":"213","time":1584057493942,"group":{"id":"event.log","version":"20"},"event":{"count":1,"data":{"created":1584057493979,"version":"1156.0"},"id":"whitelist.loaded"}}
{"recorder_version":"20","session":"719d0827bc34","build":"192.5728.98","bucket":"213","time":1584057499112,"group":{"id":"settings","version":"4"},"event":{"state":true,"data":{"component":"UpdatesConfigurable","created":1584057499112,"name":"checkNeeded","type":"bool","value":false},"id":"not.default"}}
{"recorder_version":"20","session":"719d0827bc34","build":"192.5728.98","bucket":"213","time":1584057499112,"group":{"id":"settings","version":"4"},"event":{"state":true,"data":{"component":"UpdatesConfigurable","created":1584057499114},"id":"invoked"}}
{"recorder_version":"20","session":"719d0827bc34","build":"192.5728.98","bucket":"213","time":1584057499532,"group":{"id":"settings","version":"4"},"event":{"state":true,"data":{"component":"GeneralSettings","created":1584057499533,"name":"showTipsOnStartup","type":"bool","value":false},"id":"not.default"}}
{"recorder_version":"20","session":"719d0827bc34","build":"192.5728.98","bucket":"213","time":1584057499533,"group":{"id":"settings","version":"4"},"event":{"state":true,"data":{"component":"GeneralSettings","created":1584057499534},"id":"invoked"}}
{"recorder_version":"20","session":"719d0827bc34","build":"192.5728.98","bucket":"213","time":1584057499547,"group":{"id":"lifecycle","version":"20"},"event":{"count":1,"data":{"internal":true,"eap":false,"created":1584057499548},"id":"ide.start"}}
{"recorder_version":"20","session":"719d0827bc34","build":"192.5728.98","bucket":"213","time":1584057500708,"group":{"id":"performance","version":"20"},"event":{"count":1,"data":{"duration_ms":2448,"created":1584057500708},"id":"ui.latency"}}
{"recorder_version":"20","session":"719d0827bc34","build":"192.5728.98","bucket":"213","time":1584057500708,"group":{"id":"performance","version":"20"},"event":{"count":1,"data":{"duration_ms":2448,"created":1584057500709},"id":"ui.lagging"}}
{"recorder_version":"20","session":"719d0827bc34","build":"192.5728.98","bucket":"213","time":1584057501029,"group":{"id":"performance","version":"20"},"event":{"count":1,"data":{"duration_ms":1651,"created":1584057501032},"id":"ui.lagging"}}
{"recorder_version":"20","session":"719d0827bc34","build":"192.5728.98","bucket":"213","time":1584057501052,"group":{"id":"performance","version":"20"},"event":{"count":1,"data":{"duration_ms":673,"created":1584057501052},"id":"ui.lagging"}}
{"recorder_version":"20","session":"719d0827bc34","build":"192.5728.98","bucket":"213","time":1584057501521,"group":{"id":"performance","version":"20"},"event":{"count":1,"data":{"duration_ms":138,"created":1584057501521},"id":"ui.lagging"}}
{"recorder_version":"20","session":"719d0827bc34","build":"192.5728.98","bucket":"213","time":1584057501862,"group":{"id":"ui.dialogs","version":"20"},"event":{"count":1,"data":{"created":1584057501865,"plugin_type":"PLATFORM","type":"show"},"id":"com.intellij.openapi.progress.util.ProgressDialog$MyDialogWrapper"}}
{"recorder_version":"20","session":"719d0827bc34","build":"192.5728.98","bucket":"213","time":1584057506239,"group":{"id":"lifecycle","version":"20"},"event":{"count":1,"data":{"created":1584057506240,"project":"3ac4613ba6df8205a6772f403ddea29cb4b8e6dd420a4b1106d504d4a525f0ed"},"id":"project.opened"}}
{"recorder_version":"20","session":"719d0827bc34","build":"192.5728.98","bucket":"213","time":1584057507800,"group":{"id":"lifecycle","version":"20"},"event":{"count":1,"data":{"created":1584057507801,"project":"3ac4613ba6df8205a6772f403ddea29cb4b8e6dd420a4b1106d504d4a525f0ed"},"id":"frame.activated"}}
{"recorder_version":"20","session":"719d0827bc34","build":"192.5728.98","bucket":"213","time":1584057507827,"group":{"id":"performance","version":"20"},"event":{"count":1,"data":{"duration_ms":1429,"created":1584057507827},"id":"ui.lagging"}}
{"recorder_version":"20","session":"719d0827bc34","build":"192.5728.98","bucket":"213","time":1584057507947,"group":{"id":"performance","version":"20"},"event":{"count":1,"data":{"duration_ms":549,"created":1584057507947},"id":"ui.lagging"}}
{"recorder_version":"20","session":"719d0827bc34","build":"192.5728.98","bucket":"213","time":1584057508560,"group":{"id":"performance","version":"20"},"event":{"count":1,"data":{"duration_ms":159,"created":1584057508560},"id":"ui.lagging"}}
{"recorder_version":"20","session":"719d0827bc34","build":"192.5728.98","bucket":"213","time":1584057509938,"group":{"id":"settings","version":"4"},"event":{"state":true,"data":{"component":"XmlEditorOptions","created":1584057509938},"id":"invoked"}}
{"recorder_version":"20","session":"719d0827bc34","build":"192.5728.98","bucket":"213","time":1584057510032,"group":{"id":"performance","version":"20"},"event":{"count":1,"data":{"duration_ms":627,"created":1584057510033},"id":"ui.lagging"}}
{"recorder_version":"20","session":"719d0827bc34","build":"192.5728.98","bucket":"213","time":1584057510711,"group":{"id":"performance","version":"20"},"event":{"count":1,"data":{"duration_ms":304,"created":1584057510711},"id":"ui.lagging"}}
{"recorder_version":"20","session":"719d0827bc34","build":"192.5728.98","bucket":"213","time":1584057512344,"group":{"id":"toolwindow","version":"20"},"event":{"count":1,"data":{"os":"Mac","created":1584057512351,"plugin_type":"NOT_LISTED"},"id":"third.party"}}
{"recorder_version":"20","session":"719d0827bc34","build":"192.5728.98","bucket":"213","time":1584057513792,"group":{"id":"performance","version":"20"},"event":{"count":1,"data":{"duration_ms":1384,"created":1584057513793},"id":"ui.lagging"}}
{"recorder_version":"20","session":"719d0827bc34","build":"192.5728.98","bucket":"213","time":1584057513941,"group":{"id":"performance","version":"20"},"event":{"count":1,"data":{"duration_ms":495,"created":1584057513942},"id":"ui.lagging"}}
{"recorder_version":"20","session":"719d0827bc34","build":"192.5728.98","bucket":"213","time":1584057514587,"group":{"id":"performance","version":"20"},"event":{"count":1,"data":{"duration_ms":177,"created":1584057514587},"id":"ui.lagging"}}
{"recorder_version":"20","session":"719d0827bc34","build":"192.5728.98","bucket":"213","time":1584057516541,"group":{"id":"performance","version":"20"},"event":{"count":1,"data":{"duration_ms":123,"created":1584057516542},"id":"ui.lagging"}}
{"recorder_version":"20","session":"719d0827bc34","build":"192.5728.98","bucket":"213","time":1584057517638,"group":{"id":"project.fs","version":"1"},"event":{"state":true,"data":{"os":"Mac","cs-project":false,"created":1584057517638,"project":"3ac4613ba6df8205a6772f403ddea29cb4b8e6dd420a4b1106d504d4a525f0ed","cs-implicit":true,"cs-system":false},"id":"case-sensitivity"}}
{"recorder_version":"20","session":"719d0827bc34","build":"192.5728.98","bucket":"213","time":1584057517640,"group":{"id":"project.fs","version":"1"},"event":{"state":true,"data":{"created":1584057517640},"id":"invoked"}}
{"recorder_version":"20","session":"719d0827bc34","build":"192.5728.98","bucket":"213","time":1584057517641,"group":{"id":"project.fs","version":"1"},"event":{"state":true,"data":{"pct-non-watched":0,"created":1584057517642,"project":"3ac4613ba6df8205a6772f403ddea29cb4b8e6dd420a4b1106d504d4a525f0ed"},"id":"roots-watched"}}
{"recorder_version":"20","session":"719d0827bc34","build":"192.5728.98","bucket":"213","time":1584057517641,"group":{"id":"project.fs","version":"1"},"event":{"state":true,"data":{"created":1584057517642},"id":"invoked"}}
{"recorder_version":"20","session":"719d0827bc34","build":"192.5728.98","bucket":"213","time":1584057517763,"group":{"id":"ui.dialogs","version":"20"},"event":{"count":1,"data":{"code":1,"created":1584057517763,"plugin_type":"PLATFORM","type":"close"},"id":"com.intellij.openapi.progress.util.ProgressDialog$MyDialogWrapper"}}
{"recorder_version":"20","session":"719d0827bc34","build":"192.5728.98","bucket":"213","time":1584057518224,"group":{"id":"lifecycle","version":"20"},"event":{"count":1,"data":{"duration_ms":16480,"created":1584057518225,"project":"3ac4613ba6df8205a6772f403ddea29cb4b8e6dd420a4b1106d504d4a525f0ed"},"id":"project.opening.finished"}}
{"recorder_version":"20","session":"719d0827bc34","build":"192.5728.98","bucket":"213","time":1584057518989,"group":{"id":"performance","version":"20"},"event":{"count":1,"data":{"duration_ms":569,"created":1584057518989},"id":"ui.lagging"}}
{"recorder_version":"20","session":"719d0827bc34","build":"192.5728.98","bucket":"213","time":1584057535269,"group":{"id":"actions","version":"20"},"event":{"count":2,"data":{"context_menu":false,"last":1584057535537,"created":1584057535269,"plugin_type":"PLATFORM","project":"3ac4613ba6df8205a6772f403ddea29cb4b8e6dd420a4b1106d504d4a525f0ed","place":"keyboard_shortcut","class":"com.intellij.openapi.editor.actions.BackspaceAction","input_event":"Backspace"},"id":"EditorBackSpace"}}
{"recorder_version":"20","session":"719d0827bc34","build":"192.5728.98","bucket":"213","time":1584057553157,"group":{"id":"lifecycle","version":"20"},"event":{"count":1,"data":{"created":1584057553157,"project":"3ac4613ba6df8205a6772f403ddea29cb4b8e6dd420a4b1106d504d4a525f0ed"},"id":"frame.deactivated"}}
{"recorder_version":"20","session":"719d0827bc34","build":"192.5728.98","bucket":"213","time":1584057601640,"group":{"id":"performance","version":"20"},"event":{"count":1,"data":{"duration_ms":4,"created":1584057601647},"id":"ui.latency"}}
{"recorder_version":"20","session":"719d0827bc34","build":"192.5728.98","bucket":"213","time":1584057702013,"group":{"id":"performance","version":"20"},"event":{"count":1,"data":{"duration_ms":0,"created":1584057702014},"id":"ui.latency"}}
{"recorder_version":"20","session":"719d0827bc34","build":"192.5728.98","bucket":"213","time":1584057734161,"group":{"id":"lifecycle","version":"20"},"event":{"count":1,"data":{"created":1584057734163,"project":"3ac4613ba6df8205a6772f403ddea29cb4b8e6dd420a4b1106d504d4a525f0ed"},"id":"frame.activated"}}
{"recorder_version":"20","session":"719d0827bc34","build":"192.5728.98","bucket":"213","time":1584057753113,"group":{"id":"lifecycle","version":"20"},"event":{"count":1,"data":{"created":1584057753114,"project":"3ac4613ba6df8205a6772f403ddea29cb4b8e6dd420a4b1106d504d4a525f0ed"},"id":"frame.deactivated"}}
{"recorder_version":"20","session":"719d0827bc34","build":"192.5728.98","bucket":"213","time":1584057799557,"group":{"id":"build.tools.actions","version":"1"},"event":{"count":1,"data":{"created":1584057799557},"id":"registered"}}
{"recorder_version":"20","session":"719d0827bc34","build":"192.5728.98","bucket":"213","time":1584057799557,"group":{"id":"file.types.usage","version":"20"},"event":{"count":1,"data":{"created":1584057799557},"id":"registered"}}
{"recorder_version":"20","session":"719d0827bc34","build":"192.5728.98","bucket":"213","time":1584057799557,"group":{"id":"ide.script.engine","version":"1"},"event":{"count":1,"data":{"created":1584057799558},"id":"registered"}}
{"recorder_version":"20","session":"719d0827bc34","build":"192.5728.98","bucket":"213","time":1584057799557,"group":{"id":"actions.runAnything","version":"1"},"event":{"count":1,"data":{"created":1584057799558},"id":"registered"}}
{"recorder_version":"20","session":"719d0827bc34","build":"192.5728.98","bucket":"213","time":1584057799557,"group":{"id":"toolwindow","version":"20"},"event":{"count":1,"data":{"created":1584057799559},"id":"registered"}}
{"recorder_version":"20","session":"719d0827bc34","build":"192.5728.98","bucket":"213","time":1584057799557,"group":{"id":"kotlin.ide.newFileTempl","version":"1"},"event":{"count":1,"data":{"created":1584057799559},"id":"registered"}}
{"recorder_version":"20","session":"719d0827bc34","build":"192.5728.98","bucket":"213","time":1584057799557,"group":{"id":"live.templates","version":"20"},"event":{"count":1,"data":{"created":1584057799560},"id":"registered"}}
{"recorder_version":"20","session":"719d0827bc34","build":"192.5728.98","bucket":"213","time":1584057799557,"group":{"id":"ide.self.update","version":"2"},"event":{"count":1,"data":{"created":1584057799560},"id":"registered"}}
{"recorder_version":"20","session":"719d0827bc34","build":"192.5728.98","bucket":"213","time":1584057799557,"group":{"id":"ui.settings","version":"20"},"event":{"count":1,"data":{"created":1584057799560},"id":"registered"}}
{"recorder_version":"20","session":"719d0827bc34","build":"192.5728.98","bucket":"213","time":1584057799557,"group":{"id":"lifecycle","version":"20"},"event":{"count":1,"data":{"created":1584057799561},"id":"registered"}}
{"recorder_version":"20","session":"719d0827bc34","build":"192.5728.98","bucket":"213","time":1584057799557,"group":{"id":"vcs.diff.trigger","version":"1"},"event":{"count":1,"data":{"created":1584057799561},"id":"registered"}}
{"recorder_version":"20","session":"719d0827bc34","build":"192.5728.98","bucket":"213","time":1584057799557,"group":{"id":"vcs.log.trigger","version":"2"},"event":{"count":1,"data":{"created":1584057799561},"id":"registered"}}
{"recorder_version":"20","session":"719d0827bc34","build":"192.5728.98","bucket":"213","time":1584057799557,"group":{"id":"productivity","version":"20"},"event":{"count":1,"data":{"created":1584057799561},"id":"registered"}}
{"recorder_version":"20","session":"719d0827bc34","build":"192.5728.98","bucket":"213","time":1584057799557,"group":{"id":"debugger.breakpoints.usage","version":"2"},"event":{"count":1,"data":{"created":1584057799562},"id":"registered"}}
{"recorder_version":"20","session":"719d0827bc34","build":"192.5728.98","bucket":"213","time":1584057799557,"group":{"id":"kotlin.gradle.library","version":"1"},"event":{"count":1,"data":{"created":1584057799562},"id":"registered"}}
{"recorder_version":"20","session":"719d0827bc34","build":"192.5728.98","bucket":"213","time":1584057799557,"group":{"id":"find","version":"1"},"event":{"count":1,"data":{"created":1584057799562},"id":"registered"}}
{"recorder_version":"20","session":"719d0827bc34","build":"192.5728.98","bucket":"213","time":1584057799557,"group":{"id":"kotlin.gradle.target","version":"1"},"event":{"count":1,"data":{"created":1584057799562},"id":"registered"}}
{"recorder_version":"20","session":"719d0827bc34","build":"192.5728.98","bucket":"213","time":1584057799557,"group":{"id":"gutter.icon.click","version":"1"},"event":{"count":1,"data":{"created":1584057799563},"id":"registered"}}
{"recorder_version":"20","session":"719d0827bc34","build":"192.5728.98","bucket":"213","time":1584057799557,"group":{"id":"shell.script","version":"1"},"event":{"count":1,"data":{"created":1584057799563},"id":"registered"}}
{"recorder_version":"20","session":"719d0827bc34","build":"192.5728.98","bucket":"213","time":1584057799557,"group":{"id":"kotlin.ide.debugger.eval","version":"1"},"event":{"count":1,"data":{"created":1584057799563},"id":"registered"}}
{"recorder_version":"20","session":"719d0827bc34","build":"192.5728.98","bucket":"213","time":1584057799557,"group":{"id":"build.maven.actions","version":"1"},"event":{"count":1,"data":{"created":1584057799564},"id":"registered"}}
{"recorder_version":"20","session":"719d0827bc34","build":"192.5728.98","bucket":"213","time":1584057799557,"group":{"id":"ui.event","version":"1"},"event":{"count":1,"data":{"created":1584057799564},"id":"registered"}}
{"recorder_version":"20","session":"719d0827bc34","build":"192.5728.98","bucket":"213","time":1584057799557,"group":{"id":"new.project.wizard","version":"1"},"event":{"count":1,"data":{"created":1584057799565},"id":"registered"}}
{"recorder_version":"20","session":"719d0827bc34","build":"192.5728.98","bucket":"213","time":1584057799557,"group":{"id":"kotlin.ide.npwizards","version":"1"},"event":{"count":1,"data":{"created":1584057799565},"id":"registered"}}
{"recorder_version":"20","session":"719d0827bc34","build":"192.5728.98","bucket":"213","time":1584057799557,"group":{"id":"intentions","version":"20"},"event":{"count":1,"data":{"created":1584057799565},"id":"registered"}}
{"recorder_version":"20","session":"719d0827bc34","build":"192.5728.98","bucket":"213","time":1584057799557,"group":{"id":"ui.dialogs","version":"20"},"event":{"count":1,"data":{"created":1584057799566},"id":"registered"}}
{"recorder_version":"20","session":"719d0827bc34","build":"192.5728.98","bucket":"213","time":1584057799557,"group":{"id":"vcs.back.forward.trigger","version":"1"},"event":{"count":1,"data":{"created":1584057799566},"id":"registered"}}
{"recorder_version":"20","session":"719d0827bc34","build":"192.5728.98","bucket":"213","time":1584057799557,"group":{"id":"vcs.change.reminder","version":"1"},"event":{"count":1,"data":{"created":1584057799567},"id":"registered"}}
{"recorder_version":"20","session":"719d0827bc34","build":"192.5728.98","bucket":"213","time":1584057799557,"group":{"id":"toolbar","version":"20"},"event":{"count":1,"data":{"created":1584057799567},"id":"registered"}}
{"recorder_version":"20","session":"719d0827bc34","build":"192.5728.98","bucket":"213","time":1584057799557,"group":{"id":"build.gradle.actions","version":"1"},"event":{"count":1,"data":{"created":1584057799568},"id":"registered"}}
{"recorder_version":"20","session":"719d0827bc34","build":"192.5728.98","bucket":"213","time":1584057799557,"group":{"id":"kotlin.maven.target","version":"1"},"event":{"count":1,"data":{"created":1584057799568},"id":"registered"}}
{"recorder_version":"20","session":"719d0827bc34","build":"192.5728.98","bucket":"213","time":1584057799557,"group":{"id":"performance","version":"20"},"event":{"count":1,"data":{"created":1584057799568},"id":"registered"}}
{"recorder_version":"20","session":"719d0827bc34","build":"192.5728.98","bucket":"213","time":1584057799557,"group":{"id":"searchEverywhere","version":"1"},"event":{"count":1,"data":{"created":1584057799569},"id":"registered"}}
{"recorder_version":"20","session":"719d0827bc34","build":"192.5728.98","bucket":"213","time":1584057799557,"group":{"id":"kotlin.ide.action.refactoring","version":"1"},"event":{"count":1,"data":{"created":1584057799569},"id":"registered"}}
{"recorder_version":"20","session":"719d0827bc34","build":"192.5728.98","bucket":"213","time":1584057799557,"group":{"id":"ui.tips","version":"2"},"event":{"count":1,"data":{"created":1584057799569},"id":"registered"}}
{"recorder_version":"20","session":"719d0827bc34","build":"192.5728.98","bucket":"213","time":1584057799557,"group":{"id":"surround.with","version":"1"},"event":{"count":1,"data":{"created":1584057799569},"id":"registered"}}
{"recorder_version":"20","session":"719d0827bc34","build":"192.5728.98","bucket":"213","time":1584057799557,"group":{"id":"import.old.config","version":"1"},"event":{"count":1,"data":{"created":1584057799570},"id":"registered"}}
{"recorder_version":"20","session":"719d0827bc34","build":"192.5728.98","bucket":"213","time":1584057799557,"group":{"id":"json.schema","version":"1"},"event":{"count":1,"data":{"created":1584057799570},"id":"registered"}}
{"recorder_version":"20","session":"719d0827bc34","build":"192.5728.98","bucket":"213","time":1584057799557,"group":{"id":"kotlin.jps.target","version":"1"},"event":{"count":1,"data":{"created":1584057799570},"id":"registered"}}
{"recorder_version":"20","session":"719d0827bc34","build":"192.5728.98","bucket":"213","time":1584057799557,"group":{"id":"terminalShell","version":"1"},"event":{"count":1,"data":{"created":1584057799570},"id":"registered"}}
{"recorder_version":"20","session":"719d0827bc34","build":"192.5728.98","bucket":"213","time":1584057799557,"group":{"id":"completion.postfix","version":"20"},"event":{"count":1,"data":{"created":1584057799571},"id":"registered"}}
{"recorder_version":"20","session":"719d0827bc34","build":"192.5728.98","bucket":"213","time":1584057799557,"group":{"id":"build.ant.actions","version":"1"},"event":{"count":1,"data":{"created":1584057799571},"id":"registered"}}
{"recorder_version":"20","session":"719d0827bc34","build":"192.5728.98","bucket":"213","time":1584057799557,"group":{"id":"actions","version":"20"},"event":{"count":1,"data":{"created":1584057799571},"id":"registered"}}
{"recorder_version":"20","session":"719d0827bc34","build":"192.5728.98","bucket":"213","time":1584057799557,"group":{"id":"event.log","version":"20"},"event":{"count":1,"data":{"created":1584057799572},"id":"registered"}}
{"recorder_version":"20","session":"719d0827bc34","build":"192.5728.98","bucket":"213","time":1584057799557,"group":{"id":"run.configuration.exec","version":"20"},"event":{"count":1,"data":{"created":1584057799572},"id":"registered"}}
{"recorder_version":"20","session":"719d0827bc34","build":"192.5728.98","bucket":"213","time":1584057799557,"group":{"id":"build.maven.packagesearch","version":"2"},"event":{"count":1,"data":{"created":1584057799572},"id":"registered"}}
{"recorder_version":"20","session":"719d0827bc34","build":"192.5728.98","bucket":"213","time":1584057802304,"group":{"id":"performance","version":"20"},"event":{"count":1,"data":{"duration_ms":0,"created":1584057802304},"id":"ui.latency"}}
{"recorder_version":"20","session":"719d0827bc34","build":"192.5728.98","bucket":"213","time":1584057824224,"group":{"id":"lifecycle","version":"20"},"event":{"count":1,"data":{"created":1584057824228,"project":"3ac4613ba6df8205a6772f403ddea29cb4b8e6dd420a4b1106d504d4a525f0ed"},"id":"frame.activated"}}
{"recorder_version":"20","session":"719d0827bc34","build":"192.5728.98","bucket":"213","time":1584057839745,"group":{"id":"lifecycle","version":"20"},"event":{"count":1,"data":{"created":1584057839745,"project":"3ac4613ba6df8205a6772f403ddea29cb4b8e6dd420a4b1106d504d4a525f0ed"},"id":"frame.deactivated"}}
{"recorder_version":"20","session":"719d0827bc34","build":"192.5728.98","bucket":"213","time":1584057887191,"group":{"id":"lifecycle","version":"20"},"event":{"count":1,"data":{"created":1584057887192,"project":"3ac4613ba6df8205a6772f403ddea29cb4b8e6dd420a4b1106d504d4a525f0ed"},"id":"frame.activated"}}
{"recorder_version":"20","session":"719d0827bc34","build":"192.5728.98","bucket":"213","time":1584057893459,"group":{"id":"lifecycle","version":"20"},"event":{"count":1,"data":{"created":1584057893459,"project":"3ac4613ba6df8205a6772f403ddea29cb4b8e6dd420a4b1106d504d4a525f0ed"},"id":"frame.deactivated"}}
{"recorder_version":"20","session":"719d0827bc34","build":"192.5728.98","bucket":"213","time":1584057902626,"group":{"id":"performance","version":"20"},"event":{"count":1,"data":{"duration_ms":0,"created":1584057902627},"id":"ui.latency"}}
{"recorder_version":"20","session":"719d0827bc34","build":"192.5728.98","bucket":"213","time":1584058002892,"group":{"id":"performance","version":"20"},"event":{"count":1,"data":{"duration_ms":0,"created":1584058002892},"id":"ui.latency"}}
{"recorder_version":"20","session":"719d0827bc34","build":"192.5728.98","bucket":"213","time":1584058103180,"group":{"id":"performance","version":"20"},"event":{"count":1,"data":{"duration_ms":0,"created":1584058103181},"id":"ui.latency"}}
{"recorder_version":"20","session":"719d0827bc34","build":"192.5728.98","bucket":"213","time":1584058115004,"group":{"id":"lifecycle","version":"20"},"event":{"count":1,"data":{"created":1584058115005,"project":"3ac4613ba6df8205a6772f403ddea29cb4b8e6dd420a4b1106d504d4a525f0ed"},"id":"frame.activated"}}
