{"recorder_version":"20","session":"2d13175d2038","build":"192.5728.98","bucket":"213","time":1584059383901,"group":{"id":"settings","version":"4"},"event":{"state":true,"data":{"component":"NotRoamableUiSettings","created":1584059384292},"id":"invoked"}}
{"recorder_version":"20","session":"2d13175d2038","build":"192.5728.98","bucket":"213","time":1584059383904,"group":{"id":"settings","version":"4"},"event":{"state":true,"data":{"component":"UISettings","created":1584059384307},"id":"invoked"}}
{"recorder_version":"20","session":"2d13175d2038","build":"192.5728.98","bucket":"213","time":1584059383905,"group":{"id":"system.java","version":"1"},"event":{"state":true,"data":{"created":1584059384326,"version":"validation.undefined_rule"},"id":"validation.undefined_rule"}}
{"recorder_version":"20","session":"2d13175d2038","build":"192.5728.98","bucket":"213","time":1584059383905,"group":{"id":"system.java","version":"1"},"event":{"state":true,"data":{"created":1584059384327},"id":"invoked"}}
{"recorder_version":"20","session":"2d13175d2038","build":"192.5728.98","bucket":"213","time":1584059383955,"group":{"id":"system.os","version":"3"},"event":{"state":true,"data":{"created":1584059384329,"version":"10.14"},"id":"Mac"}}
{"recorder_version":"20","session":"2d13175d2038","build":"192.5728.98","bucket":"213","time":1584059383955,"group":{"id":"system.os","version":"3"},"event":{"state":true,"data":{"created":1584059384330,"name":"Mac","version":"10.14"},"id":"os.name"}}
{"recorder_version":"20","session":"2d13175d2038","build":"192.5728.98","bucket":"213","time":1584059383955,"group":{"id":"system.os","version":"3"},"event":{"state":true,"data":{"created":1584059384333,"value":"-05_00"},"id":"os.timezone"}}
{"recorder_version":"20","session":"2d13175d2038","build":"192.5728.98","bucket":"213","time":1584059383955,"group":{"id":"system.os","version":"3"},"event":{"state":true,"data":{"created":1584059384334},"id":"invoked"}}
{"recorder_version":"20","session":"2d13175d2038","build":"192.5728.98","bucket":"213","time":1584059384288,"group":{"id":"event.log","version":"20"},"event":{"count":1,"data":{"created":1584059384335,"version":"1156.0"},"id":"whitelist.loaded"}}
{"recorder_version":"20","session":"2d13175d2038","build":"192.5728.98","bucket":"213","time":1584059388385,"group":{"id":"settings","version":"4"},"event":{"state":true,"data":{"component":"UpdatesConfigurable","created":1584059388385,"name":"checkNeeded","type":"bool","value":false},"id":"not.default"}}
{"recorder_version":"20","session":"2d13175d2038","build":"192.5728.98","bucket":"213","time":1584059388385,"group":{"id":"settings","version":"4"},"event":{"state":true,"data":{"component":"UpdatesConfigurable","created":1584059388387},"id":"invoked"}}
{"recorder_version":"20","session":"2d13175d2038","build":"192.5728.98","bucket":"213","time":1584059388905,"group":{"id":"settings","version":"4"},"event":{"state":true,"data":{"component":"GeneralSettings","created":1584059388905,"name":"showTipsOnStartup","type":"bool","value":false},"id":"not.default"}}
{"recorder_version":"20","session":"2d13175d2038","build":"192.5728.98","bucket":"213","time":1584059388905,"group":{"id":"settings","version":"4"},"event":{"state":true,"data":{"component":"GeneralSettings","created":1584059388911},"id":"invoked"}}
{"recorder_version":"20","session":"2d13175d2038","build":"192.5728.98","bucket":"213","time":1584059388926,"group":{"id":"lifecycle","version":"20"},"event":{"count":1,"data":{"internal":true,"eap":false,"created":1584059388926},"id":"ide.start"}}
{"recorder_version":"20","session":"2d13175d2038","build":"192.5728.98","bucket":"213","time":1584059389861,"group":{"id":"performance","version":"20"},"event":{"count":1,"data":{"duration_ms":1860,"created":1584059389861},"id":"ui.latency"}}
{"recorder_version":"20","session":"2d13175d2038","build":"192.5728.98","bucket":"213","time":1584059389862,"group":{"id":"performance","version":"20"},"event":{"count":1,"data":{"duration_ms":1860,"created":1584059389862},"id":"ui.lagging"}}
{"recorder_version":"20","session":"2d13175d2038","build":"192.5728.98","bucket":"213","time":1584059390197,"group":{"id":"performance","version":"20"},"event":{"count":1,"data":{"duration_ms":1185,"created":1584059390197},"id":"ui.lagging"}}
{"recorder_version":"20","session":"2d13175d2038","build":"192.5728.98","bucket":"213","time":1584059390329,"group":{"id":"performance","version":"20"},"event":{"count":1,"data":{"duration_ms":317,"created":1584059390329},"id":"ui.lagging"}}
{"recorder_version":"20","session":"2d13175d2038","build":"192.5728.98","bucket":"213","time":1584059390713,"group":{"id":"ui.dialogs","version":"20"},"event":{"count":1,"data":{"created":1584059390716,"plugin_type":"PLATFORM","type":"show"},"id":"com.intellij.openapi.progress.util.ProgressDialog$MyDialogWrapper"}}
{"recorder_version":"20","session":"2d13175d2038","build":"192.5728.98","bucket":"213","time":1584059391201,"group":{"id":"performance","version":"20"},"event":{"count":1,"data":{"duration_ms":144,"created":1584059391201},"id":"ui.lagging"}}
{"recorder_version":"20","session":"2d13175d2038","build":"192.5728.98","bucket":"213","time":1584059394279,"group":{"id":"lifecycle","version":"20"},"event":{"count":1,"data":{"created":1584059394279,"project":"3ac4613ba6df8205a6772f403ddea29cb4b8e6dd420a4b1106d504d4a525f0ed"},"id":"project.opened"}}
{"recorder_version":"20","session":"2d13175d2038","build":"192.5728.98","bucket":"213","time":1584059395940,"group":{"id":"performance","version":"20"},"event":{"count":1,"data":{"duration_ms":919,"created":1584059395941},"id":"ui.lagging"}}
{"recorder_version":"20","session":"2d13175d2038","build":"192.5728.98","bucket":"213","time":1584059398043,"group":{"id":"settings","version":"4"},"event":{"state":true,"data":{"component":"XmlEditorOptions","created":1584059398044},"id":"invoked"}}
{"recorder_version":"20","session":"2d13175d2038","build":"192.5728.98","bucket":"213","time":1584059398145,"group":{"id":"lifecycle","version":"20"},"event":{"count":1,"data":{"created":1584059398145,"project":"3ac4613ba6df8205a6772f403ddea29cb4b8e6dd420a4b1106d504d4a525f0ed"},"id":"frame.activated"}}
{"recorder_version":"20","session":"2d13175d2038","build":"192.5728.98","bucket":"213","time":1584059398173,"group":{"id":"performance","version":"20"},"event":{"count":1,"data":{"duration_ms":1142,"created":1584059398173},"id":"ui.lagging"}}
{"recorder_version":"20","session":"2d13175d2038","build":"192.5728.98","bucket":"213","time":1584059398179,"group":{"id":"performance","version":"20"},"event":{"count":1,"data":{"duration_ms":144,"created":1584059398179},"id":"ui.lagging"}}
{"recorder_version":"20","session":"2d13175d2038","build":"192.5728.98","bucket":"213","time":1584059398928,"group":{"id":"lifecycle","version":"20"},"event":{"count":1,"data":{"created":1584059398929,"project":"3ac4613ba6df8205a6772f403ddea29cb4b8e6dd420a4b1106d504d4a525f0ed"},"id":"frame.deactivated"}}
{"recorder_version":"20","session":"2d13175d2038","build":"192.5728.98","bucket":"213","time":1584059399367,"group":{"id":"performance","version":"20"},"event":{"count":1,"data":{"duration_ms":328,"created":1584059399367},"id":"ui.lagging"}}
{"recorder_version":"20","session":"2d13175d2038","build":"192.5728.98","bucket":"213","time":1584059400802,"group":{"id":"toolwindow","version":"20"},"event":{"count":1,"data":{"os":"Mac","created":1584059400808,"plugin_type":"NOT_LISTED"},"id":"third.party"}}
{"recorder_version":"20","session":"2d13175d2038","build":"192.5728.98","bucket":"213","time":1584059401866,"group":{"id":"lifecycle","version":"20"},"event":{"count":1,"data":{"created":1584059401866,"project":"3ac4613ba6df8205a6772f403ddea29cb4b8e6dd420a4b1106d504d4a525f0ed"},"id":"frame.activated"}}
{"recorder_version":"20","session":"2d13175d2038","build":"192.5728.98","bucket":"213","time":1584059402044,"group":{"id":"performance","version":"20"},"event":{"count":1,"data":{"duration_ms":1001,"created":1584059402044},"id":"ui.lagging"}}
{"recorder_version":"20","session":"2d13175d2038","build":"192.5728.98","bucket":"213","time":1584059402605,"group":{"id":"performance","version":"20"},"event":{"count":1,"data":{"duration_ms":557,"created":1584059402605},"id":"ui.lagging"}}
{"recorder_version":"20","session":"2d13175d2038","build":"192.5728.98","bucket":"213","time":1584059403232,"group":{"id":"performance","version":"20"},"event":{"count":1,"data":{"duration_ms":180,"created":1584059403232},"id":"ui.lagging"}}
{"recorder_version":"20","session":"2d13175d2038","build":"192.5728.98","bucket":"213","time":1584059406042,"group":{"id":"project.fs","version":"1"},"event":{"state":true,"data":{"os":"Mac","cs-project":false,"created":1584059406042,"project":"3ac4613ba6df8205a6772f403ddea29cb4b8e6dd420a4b1106d504d4a525f0ed","cs-implicit":true,"cs-system":false},"id":"case-sensitivity"}}
{"recorder_version":"20","session":"2d13175d2038","build":"192.5728.98","bucket":"213","time":1584059406042,"group":{"id":"project.fs","version":"1"},"event":{"state":true,"data":{"created":1584059406042},"id":"invoked"}}
{"recorder_version":"20","session":"2d13175d2038","build":"192.5728.98","bucket":"213","time":1584059406043,"group":{"id":"project.fs","version":"1"},"event":{"state":true,"data":{"pct-non-watched":0,"created":1584059406044,"project":"3ac4613ba6df8205a6772f403ddea29cb4b8e6dd420a4b1106d504d4a525f0ed"},"id":"roots-watched"}}
{"recorder_version":"20","session":"2d13175d2038","build":"192.5728.98","bucket":"213","time":1584059406043,"group":{"id":"project.fs","version":"1"},"event":{"state":true,"data":{"created":1584059406044},"id":"invoked"}}
{"recorder_version":"20","session":"2d13175d2038","build":"192.5728.98","bucket":"213","time":1584059406217,"group":{"id":"ui.dialogs","version":"20"},"event":{"count":1,"data":{"code":1,"created":1584059406218,"plugin_type":"PLATFORM","type":"close"},"id":"com.intellij.openapi.progress.util.ProgressDialog$MyDialogWrapper"}}
{"recorder_version":"20","session":"2d13175d2038","build":"192.5728.98","bucket":"213","time":1584059406716,"group":{"id":"lifecycle","version":"20"},"event":{"count":1,"data":{"duration_ms":16218,"created":1584059406717,"project":"3ac4613ba6df8205a6772f403ddea29cb4b8e6dd420a4b1106d504d4a525f0ed"},"id":"project.opening.finished"}}
{"recorder_version":"20","session":"2d13175d2038","build":"192.5728.98","bucket":"213","time":1584059407475,"group":{"id":"performance","version":"20"},"event":{"count":1,"data":{"duration_ms":419,"created":1584059407475},"id":"ui.lagging"}}
{"recorder_version":"20","session":"2d13175d2038","build":"192.5728.98","bucket":"213","time":1584059408163,"group":{"id":"performance","version":"20"},"event":{"count":1,"data":{"duration_ms":107,"created":1584059408164},"id":"ui.lagging"}}
{"recorder_version":"20","session":"2d13175d2038","build":"192.5728.98","bucket":"213","time":1584059428704,"group":{"id":"lifecycle","version":"20"},"event":{"count":1,"data":{"created":1584059428705,"project":"3ac4613ba6df8205a6772f403ddea29cb4b8e6dd420a4b1106d504d4a525f0ed"},"id":"frame.deactivated"}}
{"recorder_version":"20","session":"2d13175d2038","build":"192.5728.98","bucket":"213","time":1584059441366,"group":{"id":"lifecycle","version":"20"},"event":{"count":1,"data":{"created":1584059441367,"project":"3ac4613ba6df8205a6772f403ddea29cb4b8e6dd420a4b1106d504d4a525f0ed"},"id":"frame.activated"}}
