{"recorder_version":"20","session":"987f279d3c42","build":"192.5728.98","bucket":"213","time":1584058205962,"group":{"id":"settings","version":"4"},"event":{"state":true,"data":{"component":"NotRoamableUiSettings","created":1584058206268},"id":"invoked"}}
{"recorder_version":"20","session":"987f279d3c42","build":"192.5728.98","bucket":"213","time":1584058205966,"group":{"id":"system.java","version":"1"},"event":{"state":true,"data":{"created":1584058206271,"version":"validation.undefined_rule"},"id":"validation.undefined_rule"}}
{"recorder_version":"20","session":"987f279d3c42","build":"192.5728.98","bucket":"213","time":1584058205966,"group":{"id":"system.java","version":"1"},"event":{"state":true,"data":{"created":1584058206280},"id":"invoked"}}
{"recorder_version":"20","session":"987f279d3c42","build":"192.5728.98","bucket":"213","time":1584058205966,"group":{"id":"settings","version":"4"},"event":{"state":true,"data":{"component":"UISettings","created":1584058206281},"id":"invoked"}}
{"recorder_version":"20","session":"987f279d3c42","build":"192.5728.98","bucket":"213","time":1584058206003,"group":{"id":"system.os","version":"3"},"event":{"state":true,"data":{"created":1584058206282,"version":"10.14"},"id":"Mac"}}
{"recorder_version":"20","session":"987f279d3c42","build":"192.5728.98","bucket":"213","time":1584058206003,"group":{"id":"system.os","version":"3"},"event":{"state":true,"data":{"created":1584058206284,"name":"Mac","version":"10.14"},"id":"os.name"}}
{"recorder_version":"20","session":"987f279d3c42","build":"192.5728.98","bucket":"213","time":1584058206003,"group":{"id":"system.os","version":"3"},"event":{"state":true,"data":{"created":1584058206285,"value":"-05_00"},"id":"os.timezone"}}
{"recorder_version":"20","session":"987f279d3c42","build":"192.5728.98","bucket":"213","time":1584058206003,"group":{"id":"system.os","version":"3"},"event":{"state":true,"data":{"created":1584058206286},"id":"invoked"}}
{"recorder_version":"20","session":"987f279d3c42","build":"192.5728.98","bucket":"213","time":1584058206267,"group":{"id":"event.log","version":"20"},"event":{"count":1,"data":{"created":1584058206287,"version":"1156.0"},"id":"whitelist.loaded"}}
{"recorder_version":"20","session":"987f279d3c42","build":"192.5728.98","bucket":"213","time":1584058209447,"group":{"id":"settings","version":"4"},"event":{"state":true,"data":{"component":"UpdatesConfigurable","created":1584058209447,"name":"checkNeeded","type":"bool","value":false},"id":"not.default"}}
{"recorder_version":"20","session":"987f279d3c42","build":"192.5728.98","bucket":"213","time":1584058209447,"group":{"id":"settings","version":"4"},"event":{"state":true,"data":{"component":"UpdatesConfigurable","created":1584058209448},"id":"invoked"}}
{"recorder_version":"20","session":"987f279d3c42","build":"192.5728.98","bucket":"213","time":1584058209779,"group":{"id":"settings","version":"4"},"event":{"state":true,"data":{"component":"GeneralSettings","created":1584058209779,"name":"showTipsOnStartup","type":"bool","value":false},"id":"not.default"}}
{"recorder_version":"20","session":"987f279d3c42","build":"192.5728.98","bucket":"213","time":1584058209779,"group":{"id":"settings","version":"4"},"event":{"state":true,"data":{"component":"GeneralSettings","created":1584058209780},"id":"invoked"}}
{"recorder_version":"20","session":"987f279d3c42","build":"192.5728.98","bucket":"213","time":1584058209794,"group":{"id":"lifecycle","version":"20"},"event":{"count":1,"data":{"internal":true,"eap":false,"created":1584058209794},"id":"ide.start"}}
{"recorder_version":"20","session":"987f279d3c42","build":"192.5728.98","bucket":"213","time":1584058210382,"group":{"id":"lifecycle","version":"20"},"event":{"count":1,"data":{"created":1584058210382},"id":"frame.activated"}}
{"recorder_version":"20","session":"987f279d3c42","build":"192.5728.98","bucket":"213","time":1584058210556,"group":{"id":"performance","version":"20"},"event":{"count":1,"data":{"duration_ms":982,"created":1584058210556},"id":"ui.latency"}}
{"recorder_version":"20","session":"987f279d3c42","build":"192.5728.98","bucket":"213","time":1584058210556,"group":{"id":"performance","version":"20"},"event":{"count":1,"data":{"duration_ms":982,"created":1584058210557},"id":"ui.lagging"}}
{"recorder_version":"20","session":"987f279d3c42","build":"192.5728.98","bucket":"213","time":1584058211041,"group":{"id":"ui.dialogs","version":"20"},"event":{"count":1,"data":{"created":1584058211044,"plugin_type":"PLATFORM","type":"show"},"id":"com.intellij.openapi.progress.util.ProgressDialog$MyDialogWrapper"}}
{"recorder_version":"20","session":"987f279d3c42","build":"192.5728.98","bucket":"213","time":1584058213719,"group":{"id":"lifecycle","version":"20"},"event":{"count":1,"data":{"created":1584058213719,"project":"3ac4613ba6df8205a6772f403ddea29cb4b8e6dd420a4b1106d504d4a525f0ed"},"id":"project.opened"}}
{"recorder_version":"20","session":"987f279d3c42","build":"192.5728.98","bucket":"213","time":1584058215033,"group":{"id":"performance","version":"20"},"event":{"count":1,"data":{"duration_ms":444,"created":1584058215033},"id":"ui.lagging"}}
{"recorder_version":"20","session":"987f279d3c42","build":"192.5728.98","bucket":"213","time":1584058216616,"group":{"id":"settings","version":"4"},"event":{"state":true,"data":{"component":"XmlEditorOptions","created":1584058216616},"id":"invoked"}}
{"recorder_version":"20","session":"987f279d3c42","build":"192.5728.98","bucket":"213","time":1584058218618,"group":{"id":"toolwindow","version":"20"},"event":{"count":1,"data":{"os":"Mac","created":1584058218628,"plugin_type":"NOT_LISTED"},"id":"third.party"}}
{"recorder_version":"20","session":"987f279d3c42","build":"192.5728.98","bucket":"213","time":1584058220028,"group":{"id":"performance","version":"20"},"event":{"count":1,"data":{"duration_ms":1428,"created":1584058220029},"id":"ui.lagging"}}
{"recorder_version":"20","session":"987f279d3c42","build":"192.5728.98","bucket":"213","time":1584058220186,"group":{"id":"performance","version":"20"},"event":{"count":1,"data":{"duration_ms":583,"created":1584058220186},"id":"ui.lagging"}}
{"recorder_version":"20","session":"987f279d3c42","build":"192.5728.98","bucket":"213","time":1584058220772,"group":{"id":"performance","version":"20"},"event":{"count":1,"data":{"duration_ms":168,"created":1584058220772},"id":"ui.lagging"}}
{"recorder_version":"20","session":"987f279d3c42","build":"192.5728.98","bucket":"213","time":1584058224250,"group":{"id":"project.fs","version":"1"},"event":{"state":true,"data":{"os":"Mac","cs-project":false,"created":1584058224250,"project":"3ac4613ba6df8205a6772f403ddea29cb4b8e6dd420a4b1106d504d4a525f0ed","cs-implicit":true,"cs-system":false},"id":"case-sensitivity"}}
{"recorder_version":"20","session":"987f279d3c42","build":"192.5728.98","bucket":"213","time":1584058224250,"group":{"id":"project.fs","version":"1"},"event":{"state":true,"data":{"created":1584058224253},"id":"invoked"}}
{"recorder_version":"20","session":"987f279d3c42","build":"192.5728.98","bucket":"213","time":1584058224251,"group":{"id":"project.fs","version":"1"},"event":{"state":true,"data":{"pct-non-watched":0,"created":1584058224253,"project":"3ac4613ba6df8205a6772f403ddea29cb4b8e6dd420a4b1106d504d4a525f0ed"},"id":"roots-watched"}}
{"recorder_version":"20","session":"987f279d3c42","build":"192.5728.98","bucket":"213","time":1584058224251,"group":{"id":"project.fs","version":"1"},"event":{"state":true,"data":{"created":1584058224254},"id":"invoked"}}
{"recorder_version":"20","session":"987f279d3c42","build":"192.5728.98","bucket":"213","time":1584058224533,"group":{"id":"ui.dialogs","version":"20"},"event":{"count":1,"data":{"code":1,"created":1584058224534,"plugin_type":"PLATFORM","type":"close"},"id":"com.intellij.openapi.progress.util.ProgressDialog$MyDialogWrapper"}}
{"recorder_version":"20","session":"987f279d3c42","build":"192.5728.98","bucket":"213","time":1584058224968,"group":{"id":"lifecycle","version":"20"},"event":{"count":1,"data":{"duration_ms":14195,"created":1584058224968,"project":"3ac4613ba6df8205a6772f403ddea29cb4b8e6dd420a4b1106d504d4a525f0ed"},"id":"project.opening.finished"}}
{"recorder_version":"20","session":"987f279d3c42","build":"192.5728.98","bucket":"213","time":1584058244884,"group":{"id":"lifecycle","version":"20"},"event":{"count":1,"data":{"created":1584058244887,"project":"3ac4613ba6df8205a6772f403ddea29cb4b8e6dd420a4b1106d504d4a525f0ed"},"id":"frame.deactivated"}}
{"recorder_version":"20","session":"987f279d3c42","build":"192.5728.98","bucket":"213","time":1584058250421,"group":{"id":"lifecycle","version":"20"},"event":{"count":1,"data":{"created":1584058250421,"project":"3ac4613ba6df8205a6772f403ddea29cb4b8e6dd420a4b1106d504d4a525f0ed"},"id":"frame.activated"}}
{"recorder_version":"20","session":"987f279d3c42","build":"192.5728.98","bucket":"213","time":1584058251173,"group":{"id":"lifecycle","version":"20"},"event":{"count":1,"data":{"created":1584058251174,"project":"3ac4613ba6df8205a6772f403ddea29cb4b8e6dd420a4b1106d504d4a525f0ed"},"id":"frame.deactivated"}}
{"recorder_version":"20","session":"987f279d3c42","build":"192.5728.98","bucket":"213","time":1584058264426,"group":{"id":"lifecycle","version":"20"},"event":{"count":1,"data":{"created":1584058264426,"project":"3ac4613ba6df8205a6772f403ddea29cb4b8e6dd420a4b1106d504d4a525f0ed"},"id":"frame.activated"}}
{"recorder_version":"20","session":"987f279d3c42","build":"192.5728.98","bucket":"213","time":1584058310821,"group":{"id":"performance","version":"20"},"event":{"count":1,"data":{"duration_ms":0,"created":1584058310821},"id":"ui.latency"}}
{"recorder_version":"20","session":"987f279d3c42","build":"192.5728.98","bucket":"213","time":1584058318781,"group":{"id":"lifecycle","version":"20"},"event":{"count":1,"data":{"created":1584058318781,"project":"3ac4613ba6df8205a6772f403ddea29cb4b8e6dd420a4b1106d504d4a525f0ed"},"id":"frame.deactivated"}}
{"recorder_version":"20","session":"987f279d3c42","build":"192.5728.98","bucket":"213","time":1584058342931,"group":{"id":"lifecycle","version":"20"},"event":{"count":1,"data":{"created":1584058342931,"project":"3ac4613ba6df8205a6772f403ddea29cb4b8e6dd420a4b1106d504d4a525f0ed"},"id":"frame.activated"}}
{"recorder_version":"20","session":"987f279d3c42","build":"192.5728.98","bucket":"213","time":1584058344284,"group":{"id":"lifecycle","version":"20"},"event":{"count":1,"data":{"created":1584058344284,"project":"3ac4613ba6df8205a6772f403ddea29cb4b8e6dd420a4b1106d504d4a525f0ed"},"id":"frame.deactivated"}}
{"recorder_version":"20","session":"987f279d3c42","build":"192.5728.98","bucket":"213","time":1584058388387,"group":{"id":"lifecycle","version":"20"},"event":{"count":1,"data":{"created":1584058388387,"project":"3ac4613ba6df8205a6772f403ddea29cb4b8e6dd420a4b1106d504d4a525f0ed"},"id":"frame.activated"}}
{"recorder_version":"20","session":"987f279d3c42","build":"192.5728.98","bucket":"213","time":1584058389135,"group":{"id":"lifecycle","version":"20"},"event":{"count":1,"data":{"created":1584058389135,"project":"3ac4613ba6df8205a6772f403ddea29cb4b8e6dd420a4b1106d504d4a525f0ed"},"id":"frame.deactivated"}}
