{"recorder_version":"20","session":"9657bb42e9fc","build":"192.5728.98","bucket":"213","time":1584056644081,"group":{"id":"settings","version":"4"},"event":{"state":true,"data":{"component":"NotRoamableUiSettings","created":1584056644328},"id":"invoked"}}
{"recorder_version":"20","session":"9657bb42e9fc","build":"192.5728.98","bucket":"213","time":1584056644085,"group":{"id":"system.java","version":"1"},"event":{"state":true,"data":{"created":1584056644330,"version":"validation.undefined_rule"},"id":"validation.undefined_rule"}}
{"recorder_version":"20","session":"9657bb42e9fc","build":"192.5728.98","bucket":"213","time":1584056644085,"group":{"id":"system.java","version":"1"},"event":{"state":true,"data":{"created":1584056644338},"id":"invoked"}}
{"recorder_version":"20","session":"9657bb42e9fc","build":"192.5728.98","bucket":"213","time":1584056644090,"group":{"id":"settings","version":"4"},"event":{"state":true,"data":{"component":"UISettings","created":1584056644339},"id":"invoked"}}
{"recorder_version":"20","session":"9657bb42e9fc","build":"192.5728.98","bucket":"213","time":1584056644124,"group":{"id":"system.os","version":"3"},"event":{"state":true,"data":{"created":1584056644341,"version":"10.14"},"id":"Mac"}}
{"recorder_version":"20","session":"9657bb42e9fc","build":"192.5728.98","bucket":"213","time":1584056644124,"group":{"id":"system.os","version":"3"},"event":{"state":true,"data":{"created":1584056644341,"name":"Mac","version":"10.14"},"id":"os.name"}}
{"recorder_version":"20","session":"9657bb42e9fc","build":"192.5728.98","bucket":"213","time":1584056644124,"group":{"id":"system.os","version":"3"},"event":{"state":true,"data":{"created":1584056644342,"value":"-05_00"},"id":"os.timezone"}}
{"recorder_version":"20","session":"9657bb42e9fc","build":"192.5728.98","bucket":"213","time":1584056644124,"group":{"id":"system.os","version":"3"},"event":{"state":true,"data":{"created":1584056644343},"id":"invoked"}}
{"recorder_version":"20","session":"9657bb42e9fc","build":"192.5728.98","bucket":"213","time":1584056644327,"group":{"id":"event.log","version":"20"},"event":{"count":1,"data":{"created":1584056644344,"version":"1156.0"},"id":"whitelist.loaded"}}
{"recorder_version":"20","session":"9657bb42e9fc","build":"192.5728.98","bucket":"213","time":1584056647668,"group":{"id":"settings","version":"4"},"event":{"state":true,"data":{"component":"UpdatesConfigurable","created":1584056647669,"name":"checkNeeded","type":"bool","value":false},"id":"not.default"}}
{"recorder_version":"20","session":"9657bb42e9fc","build":"192.5728.98","bucket":"213","time":1584056647669,"group":{"id":"settings","version":"4"},"event":{"state":true,"data":{"component":"UpdatesConfigurable","created":1584056647671},"id":"invoked"}}
{"recorder_version":"20","session":"9657bb42e9fc","build":"192.5728.98","bucket":"213","time":1584056648021,"group":{"id":"settings","version":"4"},"event":{"state":true,"data":{"component":"GeneralSettings","created":1584056648021,"name":"showTipsOnStartup","type":"bool","value":false},"id":"not.default"}}
{"recorder_version":"20","session":"9657bb42e9fc","build":"192.5728.98","bucket":"213","time":1584056648021,"group":{"id":"settings","version":"4"},"event":{"state":true,"data":{"component":"GeneralSettings","created":1584056648022},"id":"invoked"}}
{"recorder_version":"20","session":"9657bb42e9fc","build":"192.5728.98","bucket":"213","time":1584056648063,"group":{"id":"lifecycle","version":"20"},"event":{"count":1,"data":{"internal":true,"eap":false,"created":1584056648063},"id":"ide.start"}}
{"recorder_version":"20","session":"9657bb42e9fc","build":"192.5728.98","bucket":"213","time":1584056648779,"group":{"id":"lifecycle","version":"20"},"event":{"count":1,"data":{"created":1584056648779},"id":"frame.activated"}}
{"recorder_version":"20","session":"9657bb42e9fc","build":"192.5728.98","bucket":"213","time":1584056648789,"group":{"id":"performance","version":"20"},"event":{"count":1,"data":{"duration_ms":1111,"created":1584056648789},"id":"ui.latency"}}
{"recorder_version":"20","session":"9657bb42e9fc","build":"192.5728.98","bucket":"213","time":1584056648793,"group":{"id":"performance","version":"20"},"event":{"count":1,"data":{"duration_ms":1111,"created":1584056648793},"id":"ui.lagging"}}
{"recorder_version":"20","session":"9657bb42e9fc","build":"192.5728.98","bucket":"213","time":1584056649058,"group":{"id":"performance","version":"20"},"event":{"count":1,"data":{"duration_ms":376,"created":1584056649058},"id":"ui.lagging"}}
{"recorder_version":"20","session":"9657bb42e9fc","build":"192.5728.98","bucket":"213","time":1584056649451,"group":{"id":"ui.dialogs","version":"20"},"event":{"count":1,"data":{"created":1584056649454,"plugin_type":"PLATFORM","type":"show"},"id":"com.intellij.openapi.progress.util.ProgressDialog$MyDialogWrapper"}}
{"recorder_version":"20","session":"9657bb42e9fc","build":"192.5728.98","bucket":"213","time":1584056652442,"group":{"id":"lifecycle","version":"20"},"event":{"count":1,"data":{"created":1584056652442,"project":"3ac4613ba6df8205a6772f403ddea29cb4b8e6dd420a4b1106d504d4a525f0ed"},"id":"project.opened"}}
{"recorder_version":"20","session":"9657bb42e9fc","build":"192.5728.98","bucket":"213","time":1584056653866,"group":{"id":"performance","version":"20"},"event":{"count":1,"data":{"duration_ms":1173,"created":1584056653866},"id":"ui.lagging"}}
{"recorder_version":"20","session":"9657bb42e9fc","build":"192.5728.98","bucket":"213","time":1584056653867,"group":{"id":"performance","version":"20"},"event":{"count":1,"data":{"duration_ms":172,"created":1584056653876},"id":"ui.lagging"}}
{"recorder_version":"20","session":"9657bb42e9fc","build":"192.5728.98","bucket":"213","time":1584056655800,"group":{"id":"settings","version":"4"},"event":{"state":true,"data":{"component":"XmlEditorOptions","created":1584056655800},"id":"invoked"}}
{"recorder_version":"20","session":"9657bb42e9fc","build":"192.5728.98","bucket":"213","time":1584056655868,"group":{"id":"performance","version":"20"},"event":{"count":1,"data":{"duration_ms":167,"created":1584056655868},"id":"ui.lagging"}}
{"recorder_version":"20","session":"9657bb42e9fc","build":"192.5728.98","bucket":"213","time":1584056656877,"group":{"id":"performance","version":"20"},"event":{"count":1,"data":{"duration_ms":175,"created":1584056656878},"id":"ui.lagging"}}
{"recorder_version":"20","session":"9657bb42e9fc","build":"192.5728.98","bucket":"213","time":1584056657852,"group":{"id":"toolwindow","version":"20"},"event":{"count":1,"data":{"os":"Mac","created":1584056657856,"plugin_type":"NOT_LISTED"},"id":"third.party"}}
{"recorder_version":"20","session":"9657bb42e9fc","build":"192.5728.98","bucket":"213","time":1584056658775,"group":{"id":"performance","version":"20"},"event":{"count":1,"data":{"duration_ms":1072,"created":1584056658776},"id":"ui.lagging"}}
{"recorder_version":"20","session":"9657bb42e9fc","build":"192.5728.98","bucket":"213","time":1584056659274,"group":{"id":"performance","version":"20"},"event":{"count":1,"data":{"duration_ms":568,"created":1584056659275},"id":"ui.lagging"}}
{"recorder_version":"20","session":"9657bb42e9fc","build":"192.5728.98","bucket":"213","time":1584056660840,"group":{"id":"performance","version":"20"},"event":{"count":1,"data":{"duration_ms":132,"created":1584056660841},"id":"ui.lagging"}}
{"recorder_version":"20","session":"9657bb42e9fc","build":"192.5728.98","bucket":"213","time":1584056663481,"group":{"id":"project.fs","version":"1"},"event":{"state":true,"data":{"os":"Mac","cs-project":false,"created":1584056663481,"project":"3ac4613ba6df8205a6772f403ddea29cb4b8e6dd420a4b1106d504d4a525f0ed","cs-implicit":true,"cs-system":false},"id":"case-sensitivity"}}
{"recorder_version":"20","session":"9657bb42e9fc","build":"192.5728.98","bucket":"213","time":1584056663481,"group":{"id":"project.fs","version":"1"},"event":{"state":true,"data":{"created":1584056663482},"id":"invoked"}}
{"recorder_version":"20","session":"9657bb42e9fc","build":"192.5728.98","bucket":"213","time":1584056663482,"group":{"id":"project.fs","version":"1"},"event":{"state":true,"data":{"pct-non-watched":0,"created":1584056663482,"project":"3ac4613ba6df8205a6772f403ddea29cb4b8e6dd420a4b1106d504d4a525f0ed"},"id":"roots-watched"}}
{"recorder_version":"20","session":"9657bb42e9fc","build":"192.5728.98","bucket":"213","time":1584056663482,"group":{"id":"project.fs","version":"1"},"event":{"state":true,"data":{"created":1584056663483},"id":"invoked"}}
{"recorder_version":"20","session":"9657bb42e9fc","build":"192.5728.98","bucket":"213","time":1584056663609,"group":{"id":"ui.dialogs","version":"20"},"event":{"count":1,"data":{"code":1,"created":1584056663629,"plugin_type":"PLATFORM","type":"close"},"id":"com.intellij.openapi.progress.util.ProgressDialog$MyDialogWrapper"}}
{"recorder_version":"20","session":"9657bb42e9fc","build":"192.5728.98","bucket":"213","time":1584056664028,"group":{"id":"lifecycle","version":"20"},"event":{"count":1,"data":{"duration_ms":14789,"created":1584056664028,"project":"3ac4613ba6df8205a6772f403ddea29cb4b8e6dd420a4b1106d504d4a525f0ed"},"id":"project.opening.finished"}}
{"recorder_version":"20","session":"9657bb42e9fc","build":"192.5728.98","bucket":"213","time":1584056667313,"group":{"id":"lifecycle","version":"20"},"event":{"count":1,"data":{"created":1584056667313,"project":"3ac4613ba6df8205a6772f403ddea29cb4b8e6dd420a4b1106d504d4a525f0ed"},"id":"frame.deactivated"}}
{"recorder_version":"20","session":"9657bb42e9fc","build":"192.5728.98","bucket":"213","time":1584056669020,"group":{"id":"performance","version":"20"},"event":{"count":1,"data":{"duration_ms":270,"created":1584056669020},"id":"ui.lagging"}}
{"recorder_version":"20","session":"9657bb42e9fc","build":"192.5728.98","bucket":"213","time":1584056675009,"group":{"id":"lifecycle","version":"20"},"event":{"count":1,"data":{"created":1584056675013,"project":"3ac4613ba6df8205a6772f403ddea29cb4b8e6dd420a4b1106d504d4a525f0ed"},"id":"frame.activated"}}
{"recorder_version":"20","session":"9657bb42e9fc","build":"192.5728.98","bucket":"213","time":1584056684885,"group":{"id":"lifecycle","version":"20"},"event":{"count":1,"data":{"created":1584056684885,"project":"3ac4613ba6df8205a6772f403ddea29cb4b8e6dd420a4b1106d504d4a525f0ed"},"id":"frame.deactivated"}}
{"recorder_version":"20","session":"9657bb42e9fc","build":"192.5728.98","bucket":"213","time":1584056690781,"group":{"id":"lifecycle","version":"20"},"event":{"count":1,"data":{"created":1584056690783,"project":"3ac4613ba6df8205a6772f403ddea29cb4b8e6dd420a4b1106d504d4a525f0ed"},"id":"frame.activated"}}
{"recorder_version":"20","session":"9657bb42e9fc","build":"192.5728.98","bucket":"213","time":1584056692320,"group":{"id":"lifecycle","version":"20"},"event":{"count":1,"data":{"created":1584056692321,"project":"3ac4613ba6df8205a6772f403ddea29cb4b8e6dd420a4b1106d504d4a525f0ed"},"id":"frame.deactivated"}}
{"recorder_version":"20","session":"9657bb42e9fc","build":"192.5728.98","bucket":"213","time":1584056726614,"group":{"id":"lifecycle","version":"20"},"event":{"count":1,"data":{"created":1584056726615,"project":"3ac4613ba6df8205a6772f403ddea29cb4b8e6dd420a4b1106d504d4a525f0ed"},"id":"frame.activated"}}
{"recorder_version":"20","session":"9657bb42e9fc","build":"192.5728.98","bucket":"213","time":1584056729687,"group":{"id":"lifecycle","version":"20"},"event":{"count":1,"data":{"created":1584056729687,"project":"3ac4613ba6df8205a6772f403ddea29cb4b8e6dd420a4b1106d504d4a525f0ed"},"id":"frame.deactivated"}}
{"recorder_version":"20","session":"9657bb42e9fc","build":"192.5728.98","bucket":"213","time":1584056738849,"group":{"id":"lifecycle","version":"20"},"event":{"count":1,"data":{"created":1584056738850,"project":"3ac4613ba6df8205a6772f403ddea29cb4b8e6dd420a4b1106d504d4a525f0ed"},"id":"frame.activated"}}
{"recorder_version":"20","session":"9657bb42e9fc","build":"192.5728.98","bucket":"213","time":1584056740650,"group":{"id":"lifecycle","version":"20"},"event":{"count":1,"data":{"created":1584056740650,"project":"3ac4613ba6df8205a6772f403ddea29cb4b8e6dd420a4b1106d504d4a525f0ed"},"id":"frame.deactivated"}}
{"recorder_version":"20","session":"9657bb42e9fc","build":"192.5728.98","bucket":"213","time":1584056748951,"group":{"id":"performance","version":"20"},"event":{"count":1,"data":{"duration_ms":1,"created":1584056748951},"id":"ui.latency"}}
{"recorder_version":"20","session":"9657bb42e9fc","build":"192.5728.98","bucket":"213","time":1584056849201,"group":{"id":"performance","version":"20"},"event":{"count":1,"data":{"duration_ms":1,"created":1584056849201},"id":"ui.latency"}}
{"recorder_version":"20","session":"9657bb42e9fc","build":"192.5728.98","bucket":"213","time":1584056871454,"group":{"id":"lifecycle","version":"20"},"event":{"count":1,"data":{"created":1584056871454,"project":"3ac4613ba6df8205a6772f403ddea29cb4b8e6dd420a4b1106d504d4a525f0ed"},"id":"frame.activated"}}
{"recorder_version":"20","session":"9657bb42e9fc","build":"192.5728.98","bucket":"213","time":1584056872961,"group":{"id":"lifecycle","version":"20"},"event":{"count":1,"data":{"created":1584056872965,"project":"3ac4613ba6df8205a6772f403ddea29cb4b8e6dd420a4b1106d504d4a525f0ed"},"id":"frame.deactivated"}}
{"recorder_version":"20","session":"9657bb42e9fc","build":"192.5728.98","bucket":"213","time":1584056903125,"group":{"id":"lifecycle","version":"20"},"event":{"count":1,"data":{"created":1584056903126,"project":"3ac4613ba6df8205a6772f403ddea29cb4b8e6dd420a4b1106d504d4a525f0ed"},"id":"frame.activated"}}
{"recorder_version":"20","session":"9657bb42e9fc","build":"192.5728.98","bucket":"213","time":1584056905796,"group":{"id":"lifecycle","version":"20"},"event":{"count":1,"data":{"created":1584056905797,"project":"3ac4613ba6df8205a6772f403ddea29cb4b8e6dd420a4b1106d504d4a525f0ed"},"id":"frame.deactivated"}}
{"recorder_version":"20","session":"9657bb42e9fc","build":"192.5728.98","bucket":"213","time":1584056948073,"group":{"id":"build.tools.actions","version":"1"},"event":{"count":1,"data":{"created":1584056948073},"id":"registered"}}
{"recorder_version":"20","session":"9657bb42e9fc","build":"192.5728.98","bucket":"213","time":1584056948073,"group":{"id":"file.types.usage","version":"20"},"event":{"count":1,"data":{"created":1584056948074},"id":"registered"}}
{"recorder_version":"20","session":"9657bb42e9fc","build":"192.5728.98","bucket":"213","time":1584056948073,"group":{"id":"ide.script.engine","version":"1"},"event":{"count":1,"data":{"created":1584056948075},"id":"registered"}}
{"recorder_version":"20","session":"9657bb42e9fc","build":"192.5728.98","bucket":"213","time":1584056948073,"group":{"id":"actions.runAnything","version":"1"},"event":{"count":1,"data":{"created":1584056948077},"id":"registered"}}
{"recorder_version":"20","session":"9657bb42e9fc","build":"192.5728.98","bucket":"213","time":1584056948073,"group":{"id":"toolwindow","version":"20"},"event":{"count":1,"data":{"created":1584056948077},"id":"registered"}}
{"recorder_version":"20","session":"9657bb42e9fc","build":"192.5728.98","bucket":"213","time":1584056948073,"group":{"id":"kotlin.ide.newFileTempl","version":"1"},"event":{"count":1,"data":{"created":1584056948078},"id":"registered"}}
{"recorder_version":"20","session":"9657bb42e9fc","build":"192.5728.98","bucket":"213","time":1584056948073,"group":{"id":"live.templates","version":"20"},"event":{"count":1,"data":{"created":1584056948078},"id":"registered"}}
{"recorder_version":"20","session":"9657bb42e9fc","build":"192.5728.98","bucket":"213","time":1584056948073,"group":{"id":"ide.self.update","version":"2"},"event":{"count":1,"data":{"created":1584056948078},"id":"registered"}}
{"recorder_version":"20","session":"9657bb42e9fc","build":"192.5728.98","bucket":"213","time":1584056948073,"group":{"id":"ui.settings","version":"20"},"event":{"count":1,"data":{"created":1584056948078},"id":"registered"}}
{"recorder_version":"20","session":"9657bb42e9fc","build":"192.5728.98","bucket":"213","time":1584056948073,"group":{"id":"lifecycle","version":"20"},"event":{"count":1,"data":{"created":1584056948079},"id":"registered"}}
{"recorder_version":"20","session":"9657bb42e9fc","build":"192.5728.98","bucket":"213","time":1584056948073,"group":{"id":"vcs.diff.trigger","version":"1"},"event":{"count":1,"data":{"created":1584056948079},"id":"registered"}}
{"recorder_version":"20","session":"9657bb42e9fc","build":"192.5728.98","bucket":"213","time":1584056948073,"group":{"id":"vcs.log.trigger","version":"2"},"event":{"count":1,"data":{"created":1584056948080},"id":"registered"}}
{"recorder_version":"20","session":"9657bb42e9fc","build":"192.5728.98","bucket":"213","time":1584056948073,"group":{"id":"productivity","version":"20"},"event":{"count":1,"data":{"created":1584056948080},"id":"registered"}}
{"recorder_version":"20","session":"9657bb42e9fc","build":"192.5728.98","bucket":"213","time":1584056948073,"group":{"id":"debugger.breakpoints.usage","version":"2"},"event":{"count":1,"data":{"created":1584056948081},"id":"registered"}}
{"recorder_version":"20","session":"9657bb42e9fc","build":"192.5728.98","bucket":"213","time":1584056948073,"group":{"id":"kotlin.gradle.library","version":"1"},"event":{"count":1,"data":{"created":1584056948081},"id":"registered"}}
{"recorder_version":"20","session":"9657bb42e9fc","build":"192.5728.98","bucket":"213","time":1584056948073,"group":{"id":"find","version":"1"},"event":{"count":1,"data":{"created":1584056948081},"id":"registered"}}
{"recorder_version":"20","session":"9657bb42e9fc","build":"192.5728.98","bucket":"213","time":1584056948073,"group":{"id":"kotlin.gradle.target","version":"1"},"event":{"count":1,"data":{"created":1584056948082},"id":"registered"}}
{"recorder_version":"20","session":"9657bb42e9fc","build":"192.5728.98","bucket":"213","time":1584056948073,"group":{"id":"gutter.icon.click","version":"1"},"event":{"count":1,"data":{"created":1584056948082},"id":"registered"}}
{"recorder_version":"20","session":"9657bb42e9fc","build":"192.5728.98","bucket":"213","time":1584056948073,"group":{"id":"shell.script","version":"1"},"event":{"count":1,"data":{"created":1584056948083},"id":"registered"}}
{"recorder_version":"20","session":"9657bb42e9fc","build":"192.5728.98","bucket":"213","time":1584056948073,"group":{"id":"kotlin.ide.debugger.eval","version":"1"},"event":{"count":1,"data":{"created":1584056948083},"id":"registered"}}
{"recorder_version":"20","session":"9657bb42e9fc","build":"192.5728.98","bucket":"213","time":1584056948073,"group":{"id":"build.maven.actions","version":"1"},"event":{"count":1,"data":{"created":1584056948084},"id":"registered"}}
{"recorder_version":"20","session":"9657bb42e9fc","build":"192.5728.98","bucket":"213","time":1584056948073,"group":{"id":"ui.event","version":"1"},"event":{"count":1,"data":{"created":1584056948086},"id":"registered"}}
{"recorder_version":"20","session":"9657bb42e9fc","build":"192.5728.98","bucket":"213","time":1584056948073,"group":{"id":"new.project.wizard","version":"1"},"event":{"count":1,"data":{"created":1584056948087},"id":"registered"}}
{"recorder_version":"20","session":"9657bb42e9fc","build":"192.5728.98","bucket":"213","time":1584056948073,"group":{"id":"kotlin.ide.npwizards","version":"1"},"event":{"count":1,"data":{"created":1584056948088},"id":"registered"}}
{"recorder_version":"20","session":"9657bb42e9fc","build":"192.5728.98","bucket":"213","time":1584056948073,"group":{"id":"intentions","version":"20"},"event":{"count":1,"data":{"created":1584056948088},"id":"registered"}}
{"recorder_version":"20","session":"9657bb42e9fc","build":"192.5728.98","bucket":"213","time":1584056948073,"group":{"id":"ui.dialogs","version":"20"},"event":{"count":1,"data":{"created":1584056948088},"id":"registered"}}
{"recorder_version":"20","session":"9657bb42e9fc","build":"192.5728.98","bucket":"213","time":1584056948073,"group":{"id":"vcs.back.forward.trigger","version":"1"},"event":{"count":1,"data":{"created":1584056948089},"id":"registered"}}
{"recorder_version":"20","session":"9657bb42e9fc","build":"192.5728.98","bucket":"213","time":1584056948073,"group":{"id":"vcs.change.reminder","version":"1"},"event":{"count":1,"data":{"created":1584056948089},"id":"registered"}}
{"recorder_version":"20","session":"9657bb42e9fc","build":"192.5728.98","bucket":"213","time":1584056948073,"group":{"id":"toolbar","version":"20"},"event":{"count":1,"data":{"created":1584056948089},"id":"registered"}}
{"recorder_version":"20","session":"9657bb42e9fc","build":"192.5728.98","bucket":"213","time":1584056948073,"group":{"id":"build.gradle.actions","version":"1"},"event":{"count":1,"data":{"created":1584056948089},"id":"registered"}}
{"recorder_version":"20","session":"9657bb42e9fc","build":"192.5728.98","bucket":"213","time":1584056948073,"group":{"id":"kotlin.maven.target","version":"1"},"event":{"count":1,"data":{"created":1584056948089},"id":"registered"}}
{"recorder_version":"20","session":"9657bb42e9fc","build":"192.5728.98","bucket":"213","time":1584056948073,"group":{"id":"performance","version":"20"},"event":{"count":1,"data":{"created":1584056948090},"id":"registered"}}
{"recorder_version":"20","session":"9657bb42e9fc","build":"192.5728.98","bucket":"213","time":1584056948073,"group":{"id":"searchEverywhere","version":"1"},"event":{"count":1,"data":{"created":1584056948090},"id":"registered"}}
{"recorder_version":"20","session":"9657bb42e9fc","build":"192.5728.98","bucket":"213","time":1584056948073,"group":{"id":"kotlin.ide.action.refactoring","version":"1"},"event":{"count":1,"data":{"created":1584056948090},"id":"registered"}}
{"recorder_version":"20","session":"9657bb42e9fc","build":"192.5728.98","bucket":"213","time":1584056948073,"group":{"id":"ui.tips","version":"2"},"event":{"count":1,"data":{"created":1584056948090},"id":"registered"}}
{"recorder_version":"20","session":"9657bb42e9fc","build":"192.5728.98","bucket":"213","time":1584056948073,"group":{"id":"surround.with","version":"1"},"event":{"count":1,"data":{"created":1584056948091},"id":"registered"}}
{"recorder_version":"20","session":"9657bb42e9fc","build":"192.5728.98","bucket":"213","time":1584056948073,"group":{"id":"import.old.config","version":"1"},"event":{"count":1,"data":{"created":1584056948091},"id":"registered"}}
{"recorder_version":"20","session":"9657bb42e9fc","build":"192.5728.98","bucket":"213","time":1584056948073,"group":{"id":"json.schema","version":"1"},"event":{"count":1,"data":{"created":1584056948091},"id":"registered"}}
{"recorder_version":"20","session":"9657bb42e9fc","build":"192.5728.98","bucket":"213","time":1584056948073,"group":{"id":"kotlin.jps.target","version":"1"},"event":{"count":1,"data":{"created":1584056948091},"id":"registered"}}
{"recorder_version":"20","session":"9657bb42e9fc","build":"192.5728.98","bucket":"213","time":1584056948073,"group":{"id":"terminalShell","version":"1"},"event":{"count":1,"data":{"created":1584056948091},"id":"registered"}}
{"recorder_version":"20","session":"9657bb42e9fc","build":"192.5728.98","bucket":"213","time":1584056948073,"group":{"id":"completion.postfix","version":"20"},"event":{"count":1,"data":{"created":1584056948091},"id":"registered"}}
{"recorder_version":"20","session":"9657bb42e9fc","build":"192.5728.98","bucket":"213","time":1584056948073,"group":{"id":"build.ant.actions","version":"1"},"event":{"count":1,"data":{"created":1584056948092},"id":"registered"}}
{"recorder_version":"20","session":"9657bb42e9fc","build":"192.5728.98","bucket":"213","time":1584056948073,"group":{"id":"actions","version":"20"},"event":{"count":1,"data":{"created":1584056948092},"id":"registered"}}
{"recorder_version":"20","session":"9657bb42e9fc","build":"192.5728.98","bucket":"213","time":1584056948073,"group":{"id":"event.log","version":"20"},"event":{"count":1,"data":{"created":1584056948092},"id":"registered"}}
{"recorder_version":"20","session":"9657bb42e9fc","build":"192.5728.98","bucket":"213","time":1584056948073,"group":{"id":"run.configuration.exec","version":"20"},"event":{"count":1,"data":{"created":1584056948092},"id":"registered"}}
{"recorder_version":"20","session":"9657bb42e9fc","build":"192.5728.98","bucket":"213","time":1584056948073,"group":{"id":"build.maven.packagesearch","version":"2"},"event":{"count":1,"data":{"created":1584056948092},"id":"registered"}}
{"recorder_version":"20","session":"9657bb42e9fc","build":"192.5728.98","bucket":"213","time":1584056949462,"group":{"id":"performance","version":"20"},"event":{"count":1,"data":{"duration_ms":1,"created":1584056949462},"id":"ui.latency"}}
