{"recorder_version":"20","session":"aff1083d3bfe","build":"192.5728.98","bucket":"213","time":1584058985126,"group":{"id":"settings","version":"4"},"event":{"state":true,"data":{"component":"NotRoamableUiSettings","created":1584058985403},"id":"invoked"}}
{"recorder_version":"20","session":"aff1083d3bfe","build":"192.5728.98","bucket":"213","time":1584058985129,"group":{"id":"system.java","version":"1"},"event":{"state":true,"data":{"created":1584058985405,"version":"validation.undefined_rule"},"id":"validation.undefined_rule"}}
{"recorder_version":"20","session":"aff1083d3bfe","build":"192.5728.98","bucket":"213","time":1584058985129,"group":{"id":"system.java","version":"1"},"event":{"state":true,"data":{"created":1584058985416},"id":"invoked"}}
{"recorder_version":"20","session":"aff1083d3bfe","build":"192.5728.98","bucket":"213","time":1584058985132,"group":{"id":"settings","version":"4"},"event":{"state":true,"data":{"component":"UISettings","created":1584058985417},"id":"invoked"}}
{"recorder_version":"20","session":"aff1083d3bfe","build":"192.5728.98","bucket":"213","time":1584058985177,"group":{"id":"system.os","version":"3"},"event":{"state":true,"data":{"created":1584058985419,"version":"10.14"},"id":"Mac"}}
{"recorder_version":"20","session":"aff1083d3bfe","build":"192.5728.98","bucket":"213","time":1584058985177,"group":{"id":"system.os","version":"3"},"event":{"state":true,"data":{"created":1584058985420,"name":"Mac","version":"10.14"},"id":"os.name"}}
{"recorder_version":"20","session":"aff1083d3bfe","build":"192.5728.98","bucket":"213","time":1584058985177,"group":{"id":"system.os","version":"3"},"event":{"state":true,"data":{"created":1584058985422,"value":"-05_00"},"id":"os.timezone"}}
{"recorder_version":"20","session":"aff1083d3bfe","build":"192.5728.98","bucket":"213","time":1584058985177,"group":{"id":"system.os","version":"3"},"event":{"state":true,"data":{"created":1584058985423},"id":"invoked"}}
{"recorder_version":"20","session":"aff1083d3bfe","build":"192.5728.98","bucket":"213","time":1584058985402,"group":{"id":"event.log","version":"20"},"event":{"count":1,"data":{"created":1584058985424,"version":"1156.0"},"id":"whitelist.loaded"}}
{"recorder_version":"20","session":"aff1083d3bfe","build":"192.5728.98","bucket":"213","time":1584058988728,"group":{"id":"settings","version":"4"},"event":{"state":true,"data":{"component":"UpdatesConfigurable","created":1584058988729,"name":"checkNeeded","type":"bool","value":false},"id":"not.default"}}
{"recorder_version":"20","session":"aff1083d3bfe","build":"192.5728.98","bucket":"213","time":1584058988729,"group":{"id":"settings","version":"4"},"event":{"state":true,"data":{"component":"UpdatesConfigurable","created":1584058988730},"id":"invoked"}}
{"recorder_version":"20","session":"aff1083d3bfe","build":"192.5728.98","bucket":"213","time":1584058989066,"group":{"id":"settings","version":"4"},"event":{"state":true,"data":{"component":"GeneralSettings","created":1584058989066,"name":"showTipsOnStartup","type":"bool","value":false},"id":"not.default"}}
{"recorder_version":"20","session":"aff1083d3bfe","build":"192.5728.98","bucket":"213","time":1584058989066,"group":{"id":"settings","version":"4"},"event":{"state":true,"data":{"component":"GeneralSettings","created":1584058989068},"id":"invoked"}}
{"recorder_version":"20","session":"aff1083d3bfe","build":"192.5728.98","bucket":"213","time":1584058989074,"group":{"id":"lifecycle","version":"20"},"event":{"count":1,"data":{"internal":true,"eap":false,"created":1584058989074},"id":"ide.start"}}
{"recorder_version":"20","session":"aff1083d3bfe","build":"192.5728.98","bucket":"213","time":1584058989627,"group":{"id":"performance","version":"20"},"event":{"count":1,"data":{"duration_ms":838,"created":1584058989628},"id":"ui.latency"}}
{"recorder_version":"20","session":"aff1083d3bfe","build":"192.5728.98","bucket":"213","time":1584058989627,"group":{"id":"performance","version":"20"},"event":{"count":1,"data":{"duration_ms":838,"created":1584058989628},"id":"ui.lagging"}}
{"recorder_version":"20","session":"aff1083d3bfe","build":"192.5728.98","bucket":"213","time":1584058989994,"group":{"id":"performance","version":"20"},"event":{"count":1,"data":{"duration_ms":203,"created":1584058989995},"id":"ui.lagging"}}
{"recorder_version":"20","session":"aff1083d3bfe","build":"192.5728.98","bucket":"213","time":1584058990357,"group":{"id":"ui.dialogs","version":"20"},"event":{"count":1,"data":{"created":1584058990360,"plugin_type":"PLATFORM","type":"show"},"id":"com.intellij.openapi.progress.util.ProgressDialog$MyDialogWrapper"}}
{"recorder_version":"20","session":"aff1083d3bfe","build":"192.5728.98","bucket":"213","time":1584058992946,"group":{"id":"lifecycle","version":"20"},"event":{"count":1,"data":{"created":1584058992947,"project":"3ac4613ba6df8205a6772f403ddea29cb4b8e6dd420a4b1106d504d4a525f0ed"},"id":"project.opened"}}
{"recorder_version":"20","session":"aff1083d3bfe","build":"192.5728.98","bucket":"213","time":1584058994403,"group":{"id":"performance","version":"20"},"event":{"count":1,"data":{"duration_ms":603,"created":1584058994403},"id":"ui.lagging"}}
{"recorder_version":"20","session":"aff1083d3bfe","build":"192.5728.98","bucket":"213","time":1584058996273,"group":{"id":"settings","version":"4"},"event":{"state":true,"data":{"component":"XmlEditorOptions","created":1584058996273},"id":"invoked"}}
{"recorder_version":"20","session":"aff1083d3bfe","build":"192.5728.98","bucket":"213","time":1584058996323,"group":{"id":"lifecycle","version":"20"},"event":{"count":1,"data":{"created":1584058996323,"project":"3ac4613ba6df8205a6772f403ddea29cb4b8e6dd420a4b1106d504d4a525f0ed"},"id":"frame.activated"}}
{"recorder_version":"20","session":"aff1083d3bfe","build":"192.5728.98","bucket":"213","time":1584058996401,"group":{"id":"performance","version":"20"},"event":{"count":1,"data":{"duration_ms":597,"created":1584058996401},"id":"ui.lagging"}}
{"recorder_version":"20","session":"aff1083d3bfe","build":"192.5728.98","bucket":"213","time":1584058996616,"group":{"id":"lifecycle","version":"20"},"event":{"count":1,"data":{"created":1584058996616,"project":"3ac4613ba6df8205a6772f403ddea29cb4b8e6dd420a4b1106d504d4a525f0ed"},"id":"frame.deactivated"}}
{"recorder_version":"20","session":"aff1083d3bfe","build":"192.5728.98","bucket":"213","time":1584058997141,"group":{"id":"performance","version":"20"},"event":{"count":1,"data":{"duration_ms":336,"created":1584058997142},"id":"ui.lagging"}}
{"recorder_version":"20","session":"aff1083d3bfe","build":"192.5728.98","bucket":"213","time":1584058998625,"group":{"id":"toolwindow","version":"20"},"event":{"count":1,"data":{"os":"Mac","created":1584058998631,"plugin_type":"NOT_LISTED"},"id":"third.party"}}
{"recorder_version":"20","session":"aff1083d3bfe","build":"192.5728.98","bucket":"213","time":1584058999754,"group":{"id":"lifecycle","version":"20"},"event":{"count":1,"data":{"created":1584058999754,"project":"3ac4613ba6df8205a6772f403ddea29cb4b8e6dd420a4b1106d504d4a525f0ed"},"id":"frame.activated"}}
{"recorder_version":"20","session":"aff1083d3bfe","build":"192.5728.98","bucket":"213","time":1584059000009,"group":{"id":"performance","version":"20"},"event":{"count":1,"data":{"duration_ms":1202,"created":1584059000009},"id":"ui.lagging"}}
{"recorder_version":"20","session":"aff1083d3bfe","build":"192.5728.98","bucket":"213","time":1584059000165,"group":{"id":"performance","version":"20"},"event":{"count":1,"data":{"duration_ms":358,"created":1584059000165},"id":"ui.lagging"}}
{"recorder_version":"20","session":"aff1083d3bfe","build":"192.5728.98","bucket":"213","time":1584059002010,"group":{"id":"performance","version":"20"},"event":{"count":1,"data":{"duration_ms":202,"created":1584059002010},"id":"ui.lagging"}}
{"recorder_version":"20","session":"aff1083d3bfe","build":"192.5728.98","bucket":"213","time":1584059004587,"group":{"id":"project.fs","version":"1"},"event":{"state":true,"data":{"os":"Mac","cs-project":false,"created":1584059004587,"project":"3ac4613ba6df8205a6772f403ddea29cb4b8e6dd420a4b1106d504d4a525f0ed","cs-implicit":true,"cs-system":false},"id":"case-sensitivity"}}
{"recorder_version":"20","session":"aff1083d3bfe","build":"192.5728.98","bucket":"213","time":1584059004587,"group":{"id":"project.fs","version":"1"},"event":{"state":true,"data":{"created":1584059004590},"id":"invoked"}}
{"recorder_version":"20","session":"aff1083d3bfe","build":"192.5728.98","bucket":"213","time":1584059004588,"group":{"id":"project.fs","version":"1"},"event":{"state":true,"data":{"pct-non-watched":0,"created":1584059004590,"project":"3ac4613ba6df8205a6772f403ddea29cb4b8e6dd420a4b1106d504d4a525f0ed"},"id":"roots-watched"}}
{"recorder_version":"20","session":"aff1083d3bfe","build":"192.5728.98","bucket":"213","time":1584059004588,"group":{"id":"project.fs","version":"1"},"event":{"state":true,"data":{"created":1584059004592},"id":"invoked"}}
{"recorder_version":"20","session":"aff1083d3bfe","build":"192.5728.98","bucket":"213","time":1584059004772,"group":{"id":"ui.dialogs","version":"20"},"event":{"count":1,"data":{"code":1,"created":1584059004773,"plugin_type":"PLATFORM","type":"close"},"id":"com.intellij.openapi.progress.util.ProgressDialog$MyDialogWrapper"}}
{"recorder_version":"20","session":"aff1083d3bfe","build":"192.5728.98","bucket":"213","time":1584059005282,"group":{"id":"lifecycle","version":"20"},"event":{"count":1,"data":{"duration_ms":15159,"created":1584059005282,"project":"3ac4613ba6df8205a6772f403ddea29cb4b8e6dd420a4b1106d504d4a525f0ed"},"id":"project.opening.finished"}}
{"recorder_version":"20","session":"aff1083d3bfe","build":"192.5728.98","bucket":"213","time":1584059005943,"group":{"id":"performance","version":"20"},"event":{"count":1,"data":{"duration_ms":128,"created":1584059005944},"id":"ui.lagging"}}
{"recorder_version":"20","session":"aff1083d3bfe","build":"192.5728.98","bucket":"213","time":1584059032592,"group":{"id":"lifecycle","version":"20"},"event":{"count":1,"data":{"created":1584059032593,"project":"3ac4613ba6df8205a6772f403ddea29cb4b8e6dd420a4b1106d504d4a525f0ed"},"id":"frame.deactivated"}}
{"recorder_version":"20","session":"aff1083d3bfe","build":"192.5728.98","bucket":"213","time":1584059069353,"group":{"id":"lifecycle","version":"20"},"event":{"count":1,"data":{"created":1584059069356,"project":"3ac4613ba6df8205a6772f403ddea29cb4b8e6dd420a4b1106d504d4a525f0ed"},"id":"frame.activated"}}
{"recorder_version":"20","session":"aff1083d3bfe","build":"192.5728.98","bucket":"213","time":1584059076423,"group":{"id":"lifecycle","version":"20"},"event":{"count":1,"data":{"created":1584059076424,"project":"3ac4613ba6df8205a6772f403ddea29cb4b8e6dd420a4b1106d504d4a525f0ed"},"id":"frame.deactivated"}}
{"recorder_version":"20","session":"aff1083d3bfe","build":"192.5728.98","bucket":"213","time":1584059083993,"group":{"id":"lifecycle","version":"20"},"event":{"count":1,"data":{"created":1584059083995,"project":"3ac4613ba6df8205a6772f403ddea29cb4b8e6dd420a4b1106d504d4a525f0ed"},"id":"frame.activated"}}
{"recorder_version":"20","session":"aff1083d3bfe","build":"192.5728.98","bucket":"213","time":1584059085078,"group":{"id":"lifecycle","version":"20"},"event":{"count":1,"data":{"created":1584059085078,"project":"3ac4613ba6df8205a6772f403ddea29cb4b8e6dd420a4b1106d504d4a525f0ed"},"id":"frame.deactivated"}}
{"recorder_version":"20","session":"aff1083d3bfe","build":"192.5728.98","bucket":"213","time":1584059090054,"group":{"id":"performance","version":"20"},"event":{"count":1,"data":{"duration_ms":0,"created":1584059090054},"id":"ui.latency"}}
{"recorder_version":"20","session":"aff1083d3bfe","build":"192.5728.98","bucket":"213","time":1584059097397,"group":{"id":"lifecycle","version":"20"},"event":{"count":1,"data":{"created":1584059097397,"project":"3ac4613ba6df8205a6772f403ddea29cb4b8e6dd420a4b1106d504d4a525f0ed"},"id":"frame.activated"}}
