{"recorder_version":"20","session":"fd630876499e","build":"192.5728.98","bucket":"213","time":1584054229867,"group":{"id":"settings","version":"4"},"event":{"state":true,"data":{"component":"NotRoamableUiSettings","created":1584054230130},"id":"invoked"}}
{"recorder_version":"20","session":"fd630876499e","build":"192.5728.98","bucket":"213","time":1584054229870,"group":{"id":"system.java","version":"1"},"event":{"state":true,"data":{"created":1584054230132,"version":"validation.undefined_rule"},"id":"validation.undefined_rule"}}
{"recorder_version":"20","session":"fd630876499e","build":"192.5728.98","bucket":"213","time":1584054229870,"group":{"id":"system.java","version":"1"},"event":{"state":true,"data":{"created":1584054230142},"id":"invoked"}}
{"recorder_version":"20","session":"fd630876499e","build":"192.5728.98","bucket":"213","time":1584054229872,"group":{"id":"settings","version":"4"},"event":{"state":true,"data":{"component":"UISettings","created":1584054230143},"id":"invoked"}}
{"recorder_version":"20","session":"fd630876499e","build":"192.5728.98","bucket":"213","time":1584054229908,"group":{"id":"system.os","version":"3"},"event":{"state":true,"data":{"created":1584054230145,"version":"10.14"},"id":"Mac"}}
{"recorder_version":"20","session":"fd630876499e","build":"192.5728.98","bucket":"213","time":1584054229909,"group":{"id":"system.os","version":"3"},"event":{"state":true,"data":{"created":1584054230146,"name":"Mac","version":"10.14"},"id":"os.name"}}
{"recorder_version":"20","session":"fd630876499e","build":"192.5728.98","bucket":"213","time":1584054229909,"group":{"id":"system.os","version":"3"},"event":{"state":true,"data":{"created":1584054230147,"value":"-05_00"},"id":"os.timezone"}}
{"recorder_version":"20","session":"fd630876499e","build":"192.5728.98","bucket":"213","time":1584054229909,"group":{"id":"system.os","version":"3"},"event":{"state":true,"data":{"created":1584054230148},"id":"invoked"}}
{"recorder_version":"20","session":"fd630876499e","build":"192.5728.98","bucket":"213","time":1584054230130,"group":{"id":"event.log","version":"20"},"event":{"count":1,"data":{"created":1584054230149,"version":"1156.0"},"id":"whitelist.loaded"}}
{"recorder_version":"20","session":"fd630876499e","build":"192.5728.98","bucket":"213","time":1584054233242,"group":{"id":"settings","version":"4"},"event":{"state":true,"data":{"component":"UpdatesConfigurable","created":1584054233243,"name":"checkNeeded","type":"bool","value":false},"id":"not.default"}}
{"recorder_version":"20","session":"fd630876499e","build":"192.5728.98","bucket":"213","time":1584054233242,"group":{"id":"settings","version":"4"},"event":{"state":true,"data":{"component":"UpdatesConfigurable","created":1584054233244},"id":"invoked"}}
{"recorder_version":"20","session":"fd630876499e","build":"192.5728.98","bucket":"213","time":1584054233506,"group":{"id":"settings","version":"4"},"event":{"state":true,"data":{"component":"GeneralSettings","created":1584054233506,"name":"showTipsOnStartup","type":"bool","value":false},"id":"not.default"}}
{"recorder_version":"20","session":"fd630876499e","build":"192.5728.98","bucket":"213","time":1584054233506,"group":{"id":"settings","version":"4"},"event":{"state":true,"data":{"component":"GeneralSettings","created":1584054233507},"id":"invoked"}}
{"recorder_version":"20","session":"fd630876499e","build":"192.5728.98","bucket":"213","time":1584054233524,"group":{"id":"lifecycle","version":"20"},"event":{"count":1,"data":{"internal":true,"eap":false,"created":1584054233525},"id":"ide.start"}}
{"recorder_version":"20","session":"fd630876499e","build":"192.5728.98","bucket":"213","time":1584054234260,"group":{"id":"lifecycle","version":"20"},"event":{"count":1,"data":{"created":1584054234261},"id":"frame.activated"}}
{"recorder_version":"20","session":"fd630876499e","build":"192.5728.98","bucket":"213","time":1584054234432,"group":{"id":"performance","version":"20"},"event":{"count":1,"data":{"duration_ms":1023,"created":1584054234433},"id":"ui.latency"}}
{"recorder_version":"20","session":"fd630876499e","build":"192.5728.98","bucket":"213","time":1584054234435,"group":{"id":"performance","version":"20"},"event":{"count":1,"data":{"duration_ms":1023,"created":1584054234435},"id":"ui.lagging"}}
{"recorder_version":"20","session":"fd630876499e","build":"192.5728.98","bucket":"213","time":1584054234560,"group":{"id":"performance","version":"20"},"event":{"count":1,"data":{"duration_ms":139,"created":1584054234560},"id":"ui.lagging"}}
{"recorder_version":"20","session":"fd630876499e","build":"192.5728.98","bucket":"213","time":1584054234944,"group":{"id":"ui.dialogs","version":"20"},"event":{"count":1,"data":{"created":1584054234947,"plugin_type":"PLATFORM","type":"show"},"id":"com.intellij.openapi.progress.util.ProgressDialog$MyDialogWrapper"}}
{"recorder_version":"20","session":"fd630876499e","build":"192.5728.98","bucket":"213","time":1584054237764,"group":{"id":"lifecycle","version":"20"},"event":{"count":1,"data":{"created":1584054237764,"project":"3ac4613ba6df8205a6772f403ddea29cb4b8e6dd420a4b1106d504d4a525f0ed"},"id":"project.opened"}}
{"recorder_version":"20","session":"fd630876499e","build":"192.5728.98","bucket":"213","time":1584054239097,"group":{"id":"performance","version":"20"},"event":{"count":1,"data":{"duration_ms":679,"created":1584054239097},"id":"ui.lagging"}}
{"recorder_version":"20","session":"fd630876499e","build":"192.5728.98","bucket":"213","time":1584054239522,"group":{"id":"performance","version":"20"},"event":{"count":1,"data":{"duration_ms":103,"created":1584054239522},"id":"ui.lagging"}}
{"recorder_version":"20","session":"fd630876499e","build":"192.5728.98","bucket":"213","time":1584054240882,"group":{"id":"settings","version":"4"},"event":{"state":true,"data":{"component":"XmlEditorOptions","created":1584054240882},"id":"invoked"}}
{"recorder_version":"20","session":"fd630876499e","build":"192.5728.98","bucket":"213","time":1584054240949,"group":{"id":"performance","version":"20"},"event":{"count":1,"data":{"duration_ms":528,"created":1584054240949},"id":"ui.lagging"}}
{"recorder_version":"20","session":"fd630876499e","build":"192.5728.98","bucket":"213","time":1584054241599,"group":{"id":"performance","version":"20"},"event":{"count":1,"data":{"duration_ms":179,"created":1584054241600},"id":"ui.lagging"}}
{"recorder_version":"20","session":"fd630876499e","build":"192.5728.98","bucket":"213","time":1584054242456,"group":{"id":"toolwindow","version":"20"},"event":{"count":1,"data":{"os":"Mac","created":1584054242456,"plugin_type":"PLATFORM"},"id":"Project"}}
{"recorder_version":"20","session":"fd630876499e","build":"192.5728.98","bucket":"213","time":1584054243285,"group":{"id":"performance","version":"20"},"event":{"count":1,"data":{"duration_ms":861,"created":1584054243286},"id":"ui.lagging"}}
{"recorder_version":"20","session":"fd630876499e","build":"192.5728.98","bucket":"213","time":1584054243802,"group":{"id":"performance","version":"20"},"event":{"count":1,"data":{"duration_ms":376,"created":1584054243803},"id":"ui.lagging"}}
{"recorder_version":"20","session":"fd630876499e","build":"192.5728.98","bucket":"213","time":1584054244594,"group":{"id":"performance","version":"20"},"event":{"count":1,"data":{"duration_ms":146,"created":1584054244594},"id":"ui.lagging"}}
{"recorder_version":"20","session":"fd630876499e","build":"192.5728.98","bucket":"213","time":1584054247773,"group":{"id":"performance","version":"20"},"event":{"count":1,"data":{"duration_ms":320,"created":1584054247773},"id":"ui.lagging"}}
{"recorder_version":"20","session":"fd630876499e","build":"192.5728.98","bucket":"213","time":1584054248127,"group":{"id":"project.fs","version":"1"},"event":{"state":true,"data":{"os":"Mac","cs-project":false,"created":1584054248139,"project":"3ac4613ba6df8205a6772f403ddea29cb4b8e6dd420a4b1106d504d4a525f0ed","cs-implicit":true,"cs-system":false},"id":"case-sensitivity"}}
{"recorder_version":"20","session":"fd630876499e","build":"192.5728.98","bucket":"213","time":1584054248127,"group":{"id":"project.fs","version":"1"},"event":{"state":true,"data":{"created":1584054248139},"id":"invoked"}}
{"recorder_version":"20","session":"fd630876499e","build":"192.5728.98","bucket":"213","time":1584054248140,"group":{"id":"project.fs","version":"1"},"event":{"state":true,"data":{"pct-non-watched":0,"created":1584054248140,"project":"3ac4613ba6df8205a6772f403ddea29cb4b8e6dd420a4b1106d504d4a525f0ed"},"id":"roots-watched"}}
{"recorder_version":"20","session":"fd630876499e","build":"192.5728.98","bucket":"213","time":1584054248140,"group":{"id":"project.fs","version":"1"},"event":{"state":true,"data":{"created":1584054248141},"id":"invoked"}}
{"recorder_version":"20","session":"fd630876499e","build":"192.5728.98","bucket":"213","time":1584054248350,"group":{"id":"ui.dialogs","version":"20"},"event":{"count":1,"data":{"code":1,"created":1584054248350,"plugin_type":"PLATFORM","type":"close"},"id":"com.intellij.openapi.progress.util.ProgressDialog$MyDialogWrapper"}}
{"recorder_version":"20","session":"fd630876499e","build":"192.5728.98","bucket":"213","time":1584054248847,"group":{"id":"lifecycle","version":"20"},"event":{"count":1,"data":{"duration_ms":14165,"created":1584054248847,"project":"3ac4613ba6df8205a6772f403ddea29cb4b8e6dd420a4b1106d504d4a525f0ed"},"id":"project.opening.finished"}}
{"recorder_version":"20","session":"fd630876499e","build":"192.5728.98","bucket":"213","time":1584054257616,"group":{"id":"toolwindow","version":"20"},"event":{"count":1,"data":{"os":"Mac","created":1584054257621,"plugin_type":"NOT_LISTED"},"id":"third.party"}}
{"recorder_version":"20","session":"fd630876499e","build":"192.5728.98","bucket":"213","time":1584054334749,"group":{"id":"performance","version":"20"},"event":{"count":1,"data":{"duration_ms":0,"created":1584054334749},"id":"ui.latency"}}
{"recorder_version":"20","session":"fd630876499e","build":"192.5728.98","bucket":"213","time":1584054435100,"group":{"id":"performance","version":"20"},"event":{"count":1,"data":{"duration_ms":0,"created":1584054435100},"id":"ui.latency"}}
{"recorder_version":"20","session":"fd630876499e","build":"192.5728.98","bucket":"213","time":1584054520049,"group":{"id":"lifecycle","version":"20"},"event":{"count":1,"data":{"created":1584054520049,"project":"3ac4613ba6df8205a6772f403ddea29cb4b8e6dd420a4b1106d504d4a525f0ed"},"id":"frame.deactivated"}}
{"recorder_version":"20","session":"fd630876499e","build":"192.5728.98","bucket":"213","time":1584054530886,"group":{"id":"lifecycle","version":"20"},"event":{"count":1,"data":{"created":1584054530890,"project":"3ac4613ba6df8205a6772f403ddea29cb4b8e6dd420a4b1106d504d4a525f0ed"},"id":"frame.activated"}}
{"recorder_version":"20","session":"fd630876499e","build":"192.5728.98","bucket":"213","time":1584054533536,"group":{"id":"build.tools.actions","version":"1"},"event":{"count":1,"data":{"created":1584054533536},"id":"registered"}}
{"recorder_version":"20","session":"fd630876499e","build":"192.5728.98","bucket":"213","time":1584054533536,"group":{"id":"file.types.usage","version":"20"},"event":{"count":1,"data":{"created":1584054533536},"id":"registered"}}
{"recorder_version":"20","session":"fd630876499e","build":"192.5728.98","bucket":"213","time":1584054533536,"group":{"id":"ide.script.engine","version":"1"},"event":{"count":1,"data":{"created":1584054533537},"id":"registered"}}
{"recorder_version":"20","session":"fd630876499e","build":"192.5728.98","bucket":"213","time":1584054533536,"group":{"id":"actions.runAnything","version":"1"},"event":{"count":1,"data":{"created":1584054533537},"id":"registered"}}
{"recorder_version":"20","session":"fd630876499e","build":"192.5728.98","bucket":"213","time":1584054533536,"group":{"id":"toolwindow","version":"20"},"event":{"count":1,"data":{"created":1584054533537},"id":"registered"}}
{"recorder_version":"20","session":"fd630876499e","build":"192.5728.98","bucket":"213","time":1584054533536,"group":{"id":"kotlin.ide.newFileTempl","version":"1"},"event":{"count":1,"data":{"created":1584054533538},"id":"registered"}}
{"recorder_version":"20","session":"fd630876499e","build":"192.5728.98","bucket":"213","time":1584054533536,"group":{"id":"live.templates","version":"20"},"event":{"count":1,"data":{"created":1584054533538},"id":"registered"}}
{"recorder_version":"20","session":"fd630876499e","build":"192.5728.98","bucket":"213","time":1584054533536,"group":{"id":"ide.self.update","version":"2"},"event":{"count":1,"data":{"created":1584054533538},"id":"registered"}}
{"recorder_version":"20","session":"fd630876499e","build":"192.5728.98","bucket":"213","time":1584054533536,"group":{"id":"ui.settings","version":"20"},"event":{"count":1,"data":{"created":1584054533539},"id":"registered"}}
{"recorder_version":"20","session":"fd630876499e","build":"192.5728.98","bucket":"213","time":1584054533536,"group":{"id":"lifecycle","version":"20"},"event":{"count":1,"data":{"created":1584054533539},"id":"registered"}}
{"recorder_version":"20","session":"fd630876499e","build":"192.5728.98","bucket":"213","time":1584054533536,"group":{"id":"vcs.diff.trigger","version":"1"},"event":{"count":1,"data":{"created":1584054533540},"id":"registered"}}
{"recorder_version":"20","session":"fd630876499e","build":"192.5728.98","bucket":"213","time":1584054533536,"group":{"id":"vcs.log.trigger","version":"2"},"event":{"count":1,"data":{"created":1584054533540},"id":"registered"}}
{"recorder_version":"20","session":"fd630876499e","build":"192.5728.98","bucket":"213","time":1584054533536,"group":{"id":"productivity","version":"20"},"event":{"count":1,"data":{"created":1584054533541},"id":"registered"}}
{"recorder_version":"20","session":"fd630876499e","build":"192.5728.98","bucket":"213","time":1584054533536,"group":{"id":"debugger.breakpoints.usage","version":"2"},"event":{"count":1,"data":{"created":1584054533541},"id":"registered"}}
{"recorder_version":"20","session":"fd630876499e","build":"192.5728.98","bucket":"213","time":1584054533536,"group":{"id":"kotlin.gradle.library","version":"1"},"event":{"count":1,"data":{"created":1584054533541},"id":"registered"}}
{"recorder_version":"20","session":"fd630876499e","build":"192.5728.98","bucket":"213","time":1584054533536,"group":{"id":"find","version":"1"},"event":{"count":1,"data":{"created":1584054533541},"id":"registered"}}
{"recorder_version":"20","session":"fd630876499e","build":"192.5728.98","bucket":"213","time":1584054533536,"group":{"id":"kotlin.gradle.target","version":"1"},"event":{"count":1,"data":{"created":1584054533542},"id":"registered"}}
{"recorder_version":"20","session":"fd630876499e","build":"192.5728.98","bucket":"213","time":1584054533536,"group":{"id":"gutter.icon.click","version":"1"},"event":{"count":1,"data":{"created":1584054533542},"id":"registered"}}
{"recorder_version":"20","session":"fd630876499e","build":"192.5728.98","bucket":"213","time":1584054533536,"group":{"id":"shell.script","version":"1"},"event":{"count":1,"data":{"created":1584054533543},"id":"registered"}}
{"recorder_version":"20","session":"fd630876499e","build":"192.5728.98","bucket":"213","time":1584054533536,"group":{"id":"kotlin.ide.debugger.eval","version":"1"},"event":{"count":1,"data":{"created":1584054533543},"id":"registered"}}
{"recorder_version":"20","session":"fd630876499e","build":"192.5728.98","bucket":"213","time":1584054533536,"group":{"id":"build.maven.actions","version":"1"},"event":{"count":1,"data":{"created":1584054533543},"id":"registered"}}
{"recorder_version":"20","session":"fd630876499e","build":"192.5728.98","bucket":"213","time":1584054533536,"group":{"id":"ui.event","version":"1"},"event":{"count":1,"data":{"created":1584054533544},"id":"registered"}}
{"recorder_version":"20","session":"fd630876499e","build":"192.5728.98","bucket":"213","time":1584054533536,"group":{"id":"new.project.wizard","version":"1"},"event":{"count":1,"data":{"created":1584054533544},"id":"registered"}}
{"recorder_version":"20","session":"fd630876499e","build":"192.5728.98","bucket":"213","time":1584054533536,"group":{"id":"kotlin.ide.npwizards","version":"1"},"event":{"count":1,"data":{"created":1584054533545},"id":"registered"}}
{"recorder_version":"20","session":"fd630876499e","build":"192.5728.98","bucket":"213","time":1584054533536,"group":{"id":"intentions","version":"20"},"event":{"count":1,"data":{"created":1584054533545},"id":"registered"}}
{"recorder_version":"20","session":"fd630876499e","build":"192.5728.98","bucket":"213","time":1584054533536,"group":{"id":"ui.dialogs","version":"20"},"event":{"count":1,"data":{"created":1584054533545},"id":"registered"}}
{"recorder_version":"20","session":"fd630876499e","build":"192.5728.98","bucket":"213","time":1584054533536,"group":{"id":"vcs.back.forward.trigger","version":"1"},"event":{"count":1,"data":{"created":1584054533546},"id":"registered"}}
{"recorder_version":"20","session":"fd630876499e","build":"192.5728.98","bucket":"213","time":1584054533536,"group":{"id":"vcs.change.reminder","version":"1"},"event":{"count":1,"data":{"created":1584054533546},"id":"registered"}}
{"recorder_version":"20","session":"fd630876499e","build":"192.5728.98","bucket":"213","time":1584054533536,"group":{"id":"toolbar","version":"20"},"event":{"count":1,"data":{"created":1584054533546},"id":"registered"}}
{"recorder_version":"20","session":"fd630876499e","build":"192.5728.98","bucket":"213","time":1584054533536,"group":{"id":"build.gradle.actions","version":"1"},"event":{"count":1,"data":{"created":1584054533546},"id":"registered"}}
{"recorder_version":"20","session":"fd630876499e","build":"192.5728.98","bucket":"213","time":1584054533536,"group":{"id":"kotlin.maven.target","version":"1"},"event":{"count":1,"data":{"created":1584054533547},"id":"registered"}}
{"recorder_version":"20","session":"fd630876499e","build":"192.5728.98","bucket":"213","time":1584054533536,"group":{"id":"performance","version":"20"},"event":{"count":1,"data":{"created":1584054533547},"id":"registered"}}
{"recorder_version":"20","session":"fd630876499e","build":"192.5728.98","bucket":"213","time":1584054533536,"group":{"id":"searchEverywhere","version":"1"},"event":{"count":1,"data":{"created":1584054533547},"id":"registered"}}
{"recorder_version":"20","session":"fd630876499e","build":"192.5728.98","bucket":"213","time":1584054533536,"group":{"id":"kotlin.ide.action.refactoring","version":"1"},"event":{"count":1,"data":{"created":1584054533547},"id":"registered"}}
{"recorder_version":"20","session":"fd630876499e","build":"192.5728.98","bucket":"213","time":1584054533536,"group":{"id":"ui.tips","version":"2"},"event":{"count":1,"data":{"created":1584054533547},"id":"registered"}}
{"recorder_version":"20","session":"fd630876499e","build":"192.5728.98","bucket":"213","time":1584054533536,"group":{"id":"surround.with","version":"1"},"event":{"count":1,"data":{"created":1584054533548},"id":"registered"}}
{"recorder_version":"20","session":"fd630876499e","build":"192.5728.98","bucket":"213","time":1584054533536,"group":{"id":"import.old.config","version":"1"},"event":{"count":1,"data":{"created":1584054533548},"id":"registered"}}
{"recorder_version":"20","session":"fd630876499e","build":"192.5728.98","bucket":"213","time":1584054533536,"group":{"id":"json.schema","version":"1"},"event":{"count":1,"data":{"created":1584054533548},"id":"registered"}}
{"recorder_version":"20","session":"fd630876499e","build":"192.5728.98","bucket":"213","time":1584054533536,"group":{"id":"kotlin.jps.target","version":"1"},"event":{"count":1,"data":{"created":1584054533548},"id":"registered"}}
{"recorder_version":"20","session":"fd630876499e","build":"192.5728.98","bucket":"213","time":1584054533536,"group":{"id":"terminalShell","version":"1"},"event":{"count":1,"data":{"created":1584054533548},"id":"registered"}}
{"recorder_version":"20","session":"fd630876499e","build":"192.5728.98","bucket":"213","time":1584054533536,"group":{"id":"completion.postfix","version":"20"},"event":{"count":1,"data":{"created":1584054533548},"id":"registered"}}
{"recorder_version":"20","session":"fd630876499e","build":"192.5728.98","bucket":"213","time":1584054533536,"group":{"id":"build.ant.actions","version":"1"},"event":{"count":1,"data":{"created":1584054533548},"id":"registered"}}
{"recorder_version":"20","session":"fd630876499e","build":"192.5728.98","bucket":"213","time":1584054533536,"group":{"id":"actions","version":"20"},"event":{"count":1,"data":{"created":1584054533549},"id":"registered"}}
{"recorder_version":"20","session":"fd630876499e","build":"192.5728.98","bucket":"213","time":1584054533536,"group":{"id":"event.log","version":"20"},"event":{"count":1,"data":{"created":1584054533549},"id":"registered"}}
{"recorder_version":"20","session":"fd630876499e","build":"192.5728.98","bucket":"213","time":1584054533536,"group":{"id":"run.configuration.exec","version":"20"},"event":{"count":1,"data":{"created":1584054533549},"id":"registered"}}
{"recorder_version":"20","session":"fd630876499e","build":"192.5728.98","bucket":"213","time":1584054533536,"group":{"id":"build.maven.packagesearch","version":"2"},"event":{"count":1,"data":{"created":1584054533549},"id":"registered"}}
{"recorder_version":"20","session":"fd630876499e","build":"192.5728.98","bucket":"213","time":1584054535432,"group":{"id":"performance","version":"20"},"event":{"count":1,"data":{"duration_ms":0,"created":1584054535432},"id":"ui.latency"}}
{"recorder_version":"20","session":"fd630876499e","build":"192.5728.98","bucket":"213","time":1584054574778,"group":{"id":"actions","version":"20"},"event":{"count":13,"data":{"context_menu":false,"last":1584054587764,"created":1584054574778,"plugin_type":"PLATFORM","project":"3ac4613ba6df8205a6772f403ddea29cb4b8e6dd420a4b1106d504d4a525f0ed","place":"keyboard_shortcut","class":"com.intellij.openapi.editor.actions.BackspaceAction","input_event":"Backspace"},"id":"EditorBackSpace"}}
{"recorder_version":"20","session":"fd630876499e","build":"192.5728.98","bucket":"213","time":1584054614809,"group":{"id":"lifecycle","version":"20"},"event":{"count":1,"data":{"created":1584054614809,"project":"3ac4613ba6df8205a6772f403ddea29cb4b8e6dd420a4b1106d504d4a525f0ed"},"id":"frame.deactivated"}}
{"recorder_version":"20","session":"fd630876499e","build":"192.5728.98","bucket":"213","time":1584054635695,"group":{"id":"performance","version":"20"},"event":{"count":1,"data":{"duration_ms":0,"created":1584054635695},"id":"ui.latency"}}
{"recorder_version":"20","session":"fd630876499e","build":"192.5728.98","bucket":"213","time":1584054735960,"group":{"id":"performance","version":"20"},"event":{"count":1,"data":{"duration_ms":1,"created":1584054735960},"id":"ui.latency"}}
{"recorder_version":"20","session":"fd630876499e","build":"192.5728.98","bucket":"213","time":1584054836204,"group":{"id":"performance","version":"20"},"event":{"count":1,"data":{"duration_ms":1,"created":1584054836204},"id":"ui.latency"}}
{"recorder_version":"20","session":"fd630876499e","build":"192.5728.98","bucket":"213","time":1584054936488,"group":{"id":"performance","version":"20"},"event":{"count":1,"data":{"duration_ms":0,"created":1584054936489},"id":"ui.latency"}}
{"recorder_version":"20","session":"fd630876499e","build":"192.5728.98","bucket":"213","time":1584055036924,"group":{"id":"performance","version":"20"},"event":{"count":1,"data":{"duration_ms":0,"created":1584055036924},"id":"ui.latency"}}
{"recorder_version":"20","session":"fd630876499e","build":"192.5728.98","bucket":"213","time":1584055112885,"group":{"id":"lifecycle","version":"20"},"event":{"count":1,"data":{"created":1584055112887,"project":"3ac4613ba6df8205a6772f403ddea29cb4b8e6dd420a4b1106d504d4a525f0ed"},"id":"frame.activated"}}
{"recorder_version":"20","session":"fd630876499e","build":"192.5728.98","bucket":"213","time":1584055113362,"group":{"id":"lifecycle","version":"20"},"event":{"count":1,"data":{"created":1584055113362,"project":"3ac4613ba6df8205a6772f403ddea29cb4b8e6dd420a4b1106d504d4a525f0ed"},"id":"frame.deactivated"}}
{"recorder_version":"20","session":"fd630876499e","build":"192.5728.98","bucket":"213","time":1584055133514,"group":{"id":"ui.accessibility.screen.reader","version":"1"},"event":{"state":true,"data":{"os":"Mac","created":1584055133514},"id":"screen.reader.DISABLED"}}
{"recorder_version":"20","session":"fd630876499e","build":"192.5728.98","bucket":"213","time":1584055133514,"group":{"id":"ui.accessibility.screen.reader","version":"1"},"event":{"state":true,"data":{"created":1584055133516},"id":"invoked"}}
{"recorder_version":"20","session":"fd630876499e","build":"192.5728.98","bucket":"213","time":1584055133514,"group":{"id":"user.advanced.info","version":"2"},"event":{"state":true,"data":{"created":1584055133517,"value":"release"},"id":"build"}}
{"recorder_version":"20","session":"fd630876499e","build":"192.5728.98","bucket":"213","time":1584055133514,"group":{"id":"user.advanced.info","version":"2"},"event":{"state":true,"data":{"created":1584055133518},"id":"release"}}
{"recorder_version":"20","session":"fd630876499e","build":"192.5728.98","bucket":"213","time":1584055133514,"group":{"id":"user.advanced.info","version":"2"},"event":{"state":true,"data":{"created":1584055133518},"id":"invoked"}}
{"recorder_version":"20","session":"fd630876499e","build":"192.5728.98","bucket":"213","time":1584055133518,"group":{"id":"platform.registry.application","version":"1"},"event":{"state":true,"data":{"created":1584055133518,"plugin_type":"PLATFORM"},"id":"recent.and.edited.files.together"}}
{"recorder_version":"20","session":"fd630876499e","build":"192.5728.98","bucket":"213","time":1584055133518,"group":{"id":"platform.registry.application","version":"1"},"event":{"state":true,"data":{"created":1584055133519,"plugin_type":"PLATFORM"},"id":"inline.browse.button"}}
{"recorder_version":"20","session":"fd630876499e","build":"192.5728.98","bucket":"213","time":1584055133518,"group":{"id":"platform.registry.application","version":"1"},"event":{"state":true,"data":{"created":1584055133519,"plugin_type":"PLATFORM"},"id":"show.create.new.element.in.popup"}}
{"recorder_version":"20","session":"fd630876499e","build":"192.5728.98","bucket":"213","time":1584055133518,"group":{"id":"platform.registry.application","version":"1"},"event":{"state":true,"data":{"created":1584055133519,"plugin_type":"PLATFORM"},"id":"property.value.inplace.editing"}}
{"recorder_version":"20","session":"fd630876499e","build":"192.5728.98","bucket":"213","time":1584055133518,"group":{"id":"platform.registry.application","version":"1"},"event":{"state":true,"data":{"created":1584055133520},"id":"java.completion.argument.hints.internal"}}
{"recorder_version":"20","session":"fd630876499e","build":"192.5728.98","bucket":"213","time":1584055133518,"group":{"id":"platform.registry.application","version":"1"},"event":{"state":true,"data":{"created":1584055133520,"plugin_type":"PLATFORM"},"id":"linux.native.menu"}}
{"recorder_version":"20","session":"fd630876499e","build":"192.5728.98","bucket":"213","time":1584055133518,"group":{"id":"platform.registry.application","version":"1"},"event":{"state":true,"data":{"created":1584055133520,"plugin_type":"PLATFORM"},"id":"new.large.text.file.viewer"}}
{"recorder_version":"20","session":"fd630876499e","build":"192.5728.98","bucket":"213","time":1584055133518,"group":{"id":"platform.registry.application","version":"1"},"event":{"state":true,"data":{"created":1584055133520},"id":"invoked"}}
{"recorder_version":"20","session":"fd630876499e","build":"192.5728.98","bucket":"213","time":1584055133520,"group":{"id":"vcs.application.configuration","version":"1"},"event":{"state":true,"data":{"created":1584055133521},"id":"invoked"}}
{"recorder_version":"20","session":"fd630876499e","build":"192.5728.98","bucket":"213","time":1584055133525,"group":{"id":"ui.screen.scale","version":"1"},"event":{"state":true,"data":{"os":"Mac","created":1584055133525},"id":"ScaledMode_1.0"}}
{"recorder_version":"20","session":"fd630876499e","build":"192.5728.98","bucket":"213","time":1584055133525,"group":{"id":"ui.screen.scale","version":"1"},"event":{"state":true,"data":{"created":1584055133525},"id":"invoked"}}
{"recorder_version":"20","session":"fd630876499e","build":"192.5728.98","bucket":"213","time":1584055133525,"group":{"id":"keymaps.name","version":"1"},"event":{"state":true,"data":{"os":"Mac","created":1584055133526},"id":"Mac_OS_X_10.5+"}}
{"recorder_version":"20","session":"fd630876499e","build":"192.5728.98","bucket":"213","time":1584055133525,"group":{"id":"keymaps.name","version":"1"},"event":{"state":true,"data":{"created":1584055133526},"id":"invoked"}}
{"recorder_version":"20","session":"fd630876499e","build":"192.5728.98","bucket":"213","time":1584055133526,"group":{"id":"ui.look.and.feel","version":"1"},"event":{"state":true,"data":{"os":"Mac","created":1584055133526},"id":"Light"}}
{"recorder_version":"20","session":"fd630876499e","build":"192.5728.98","bucket":"213","time":1584055133526,"group":{"id":"ui.look.and.feel","version":"1"},"event":{"state":true,"data":{"created":1584055133527},"id":"invoked"}}
{"recorder_version":"20","session":"fd630876499e","build":"192.5728.98","bucket":"213","time":1584055133526,"group":{"id":"ui.editor.color.schemes","version":"2"},"event":{"state":true,"data":{"os":"Mac","created":1584055133527,"value":false},"id":"Default"}}
{"recorder_version":"20","session":"fd630876499e","build":"192.5728.98","bucket":"213","time":1584055133526,"group":{"id":"ui.editor.color.schemes","version":"2"},"event":{"state":true,"data":{"created":1584055133527},"id":"invoked"}}
{"recorder_version":"20","session":"fd630876499e","build":"192.5728.98","bucket":"213","time":1584055133526,"group":{"id":"ui.fonts","version":"1"},"event":{"state":true,"data":{"os":"Mac","created":1584055133528,"value":1.2},"id":"editor.lineSpacing"}}
{"recorder_version":"20","session":"fd630876499e","build":"192.5728.98","bucket":"213","time":1584055133526,"group":{"id":"ui.fonts","version":"1"},"event":{"state":true,"data":{"os":"Mac","created":1584055133528},"id":"IDE.editor.font.size[12]"}}
{"recorder_version":"20","session":"fd630876499e","build":"192.5728.98","bucket":"213","time":1584055133526,"group":{"id":"ui.fonts","version":"1"},"event":{"state":true,"data":{"os":"Mac","created":1584055133528},"id":"UI.font.size[13]"}}
{"recorder_version":"20","session":"fd630876499e","build":"192.5728.98","bucket":"213","time":1584055133526,"group":{"id":"ui.fonts","version":"1"},"event":{"state":true,"data":{"os":"Mac","created":1584055133530},"id":"IDE.editor.font.name[Menlo]"}}
{"recorder_version":"20","session":"fd630876499e","build":"192.5728.98","bucket":"213","time":1584055133526,"group":{"id":"ui.fonts","version":"1"},"event":{"state":true,"data":{"os":"Mac","created":1584055133531},"id":"UI.font.name[.SF_NS_Text]"}}
{"recorder_version":"20","session":"fd630876499e","build":"192.5728.98","bucket":"213","time":1584055133526,"group":{"id":"ui.fonts","version":"1"},"event":{"state":true,"data":{"os":"Mac","created":1584055133531},"id":"Presentation.mode.font.size[24]"}}
{"recorder_version":"20","session":"fd630876499e","build":"192.5728.98","bucket":"213","time":1584055133526,"group":{"id":"ui.fonts","version":"1"},"event":{"state":true,"data":{"created":1584055133531},"id":"invoked"}}
{"recorder_version":"20","session":"fd630876499e","build":"192.5728.98","bucket":"213","time":1584055133526,"group":{"id":"os.linux.wm","version":"1"},"event":{"state":true,"data":{"created":1584055133532},"id":"invoked"}}
{"recorder_version":"20","session":"fd630876499e","build":"192.5728.98","bucket":"213","time":1584055133544,"group":{"id":"vcs.diff","version":"2"},"event":{"state":true,"data":{"created":1584055133544},"id":"invoked"}}
{"recorder_version":"20","session":"fd630876499e","build":"192.5728.98","bucket":"213","time":1584055133544,"group":{"id":"system.runtime","version":"2"},"event":{"state":true,"data":{"created":1584055133545,"name":"G1_Old_Generation"},"id":"garbage.collector"}}
{"recorder_version":"20","session":"fd630876499e","build":"192.5728.98","bucket":"213","time":1584055133544,"group":{"id":"system.runtime","version":"2"},"event":{"state":true,"data":{"created":1584055133545,"name":"Xmx","value":512},"id":"jvm.option"}}
{"recorder_version":"20","session":"fd630876499e","build":"192.5728.98","bucket":"213","time":1584055133544,"group":{"id":"system.runtime","version":"2"},"event":{"state":true,"data":{"vendor":"JetBrains","created":1584055133546,"bit":"64","version":"1.11"},"id":"jvm"}}
{"recorder_version":"20","session":"fd630876499e","build":"192.5728.98","bucket":"213","time":1584055133544,"group":{"id":"system.runtime","version":"2"},"event":{"state":true,"data":{"created":1584055133546,"name":"G1_Young_Generation"},"id":"garbage.collector"}}
{"recorder_version":"20","session":"fd630876499e","build":"192.5728.98","bucket":"213","time":1584055133544,"group":{"id":"system.runtime","version":"2"},"event":{"state":true,"data":{"created":1584055133547,"value":4},"id":"cores"}}
{"recorder_version":"20","session":"fd630876499e","build":"192.5728.98","bucket":"213","time":1584055133544,"group":{"id":"system.runtime","version":"2"},"event":{"state":true,"data":{"created":1584055133547,"name":"Xms","value":256},"id":"jvm.option"}}
{"recorder_version":"20","session":"fd630876499e","build":"192.5728.98","bucket":"213","time":1584055133544,"group":{"id":"system.runtime","version":"2"},"event":{"state":true,"data":{"created":1584055133547},"id":"invoked"}}
{"recorder_version":"20","session":"fd630876499e","build":"192.5728.98","bucket":"213","time":1584055133561,"group":{"id":"editor.settings.ide","version":"2"},"event":{"state":true,"data":{"created":1584055133561,"enabled":true},"id":"completionHints"}}
{"recorder_version":"20","session":"fd630876499e","build":"192.5728.98","bucket":"213","time":1584055133561,"group":{"id":"editor.settings.ide","version":"2"},"event":{"state":true,"data":{"created":1584055133561},"id":"invoked"}}
{"recorder_version":"20","session":"fd630876499e","build":"192.5728.98","bucket":"213","time":1584055133561,"group":{"id":"ui.hidpi.mode","version":"1"},"event":{"state":true,"data":{"os":"Mac","created":1584055133562},"id":"per_monitor_dpi"}}
{"recorder_version":"20","session":"fd630876499e","build":"192.5728.98","bucket":"213","time":1584055133561,"group":{"id":"ui.hidpi.mode","version":"1"},"event":{"state":true,"data":{"created":1584055133562},"id":"invoked"}}
{"recorder_version":"20","session":"fd630876499e","build":"192.5728.98","bucket":"213","time":1584055133563,"group":{"id":"ui.info.features","version":"1"},"event":{"state":true,"data":{"os":"Mac","created":1584055133563},"id":"Allow.merging.buttons.enabled"}}
{"recorder_version":"20","session":"fd630876499e","build":"192.5728.98","bucket":"213","time":1584055133563,"group":{"id":"ui.info.features","version":"1"},"event":{"state":true,"data":{"os":"Mac","created":1584055133563},"id":"Hide.Editor.Tabs.If.Needed"}}
{"recorder_version":"20","session":"fd630876499e","build":"192.5728.98","bucket":"213","time":1584055133563,"group":{"id":"ui.info.features","version":"1"},"event":{"state":true,"data":{"grouped":"[30_50]","os":"Mac","created":1584055133563},"id":"recent.files"}}
{"recorder_version":"20","session":"fd630876499e","build":"192.5728.98","bucket":"213","time":1584055133563,"group":{"id":"ui.info.features","version":"1"},"event":{"state":true,"data":{"os":"Mac","created":1584055133564},"id":"Line.Numbers"}}
{"recorder_version":"20","session":"fd630876499e","build":"192.5728.98","bucket":"213","time":1584055133563,"group":{"id":"ui.info.features","version":"1"},"event":{"state":true,"data":{"os":"Mac","created":1584055133564},"id":"Tabs.Top"}}
{"recorder_version":"20","session":"fd630876499e","build":"192.5728.98","bucket":"213","time":1584055133563,"group":{"id":"ui.info.features","version":"1"},"event":{"state":true,"data":{"os":"Mac","created":1584055133564},"id":"Nav.Bar.visible"}}
{"recorder_version":"20","session":"fd630876499e","build":"192.5728.98","bucket":"213","time":1584055133563,"group":{"id":"ui.info.features","version":"1"},"event":{"state":true,"data":{"os":"Mac","created":1584055133564},"id":"Show.Editor.Tabs.In.Single.Row"}}
{"recorder_version":"20","session":"fd630876499e","build":"192.5728.98","bucket":"213","time":1584055133563,"group":{"id":"ui.info.features","version":"1"},"event":{"state":true,"data":{"os":"Mac","created":1584055133564},"id":"Recent.Files[30_50]"}}
{"recorder_version":"20","session":"fd630876499e","build":"192.5728.98","bucket":"213","time":1584055133563,"group":{"id":"ui.info.features","version":"1"},"event":{"state":true,"data":{"os":"Mac","created":1584055133564},"id":"Status.bar.visible"}}
{"recorder_version":"20","session":"fd630876499e","build":"192.5728.98","bucket":"213","time":1584055133563,"group":{"id":"ui.info.features","version":"1"},"event":{"state":true,"data":{"os":"Mac","created":1584055133565},"id":"Tool.Window.buttons.hidden"}}
{"recorder_version":"20","session":"fd630876499e","build":"192.5728.98","bucket":"213","time":1584055133563,"group":{"id":"ui.info.features","version":"1"},"event":{"state":true,"data":{"os":"Mac","created":1584055133565},"id":"Gutter.Icons"}}
{"recorder_version":"20","session":"fd630876499e","build":"192.5728.98","bucket":"213","time":1584055133563,"group":{"id":"ui.info.features","version":"1"},"event":{"state":true,"data":{"os":"Mac","created":1584055133565},"id":"Toolbar.hidden"}}
{"recorder_version":"20","session":"fd630876499e","build":"192.5728.98","bucket":"213","time":1584055133563,"group":{"id":"ui.info.features","version":"1"},"event":{"state":true,"data":{"os":"Mac","created":1584055133566},"id":"Toolbar.and.NavBar"}}
{"recorder_version":"20","session":"fd630876499e","build":"192.5728.98","bucket":"213","time":1584055133563,"group":{"id":"ui.info.features","version":"1"},"event":{"state":true,"data":{"created":1584055133566},"id":"invoked"}}
{"recorder_version":"20","session":"fd630876499e","build":"192.5728.98","bucket":"213","time":1584055133587,"group":{"id":"vcs.github","version":"1"},"event":{"state":true,"data":{"created":1584055133587},"id":"github.accounts.not.default.host.disabled"}}
{"recorder_version":"20","session":"fd630876499e","build":"192.5728.98","bucket":"213","time":1584055133587,"group":{"id":"vcs.github","version":"1"},"event":{"state":true,"data":{"created":1584055133588},"id":"github.accounts.count.0"}}
{"recorder_version":"20","session":"fd630876499e","build":"192.5728.98","bucket":"213","time":1584055133587,"group":{"id":"vcs.github","version":"1"},"event":{"state":true,"data":{"created":1584055133588},"id":"invoked"}}
{"recorder_version":"20","session":"fd630876499e","build":"192.5728.98","bucket":"213","time":1584055133588,"group":{"id":"vcs.log.index.application","version":"2"},"event":{"state":true,"data":{"created":1584055133588},"id":"invoked"}}
{"recorder_version":"20","session":"fd630876499e","build":"192.5728.98","bucket":"213","time":1584055133592,"group":{"id":"debugger.settings.ide","version":"2"},"event":{"state":true,"data":{"created":1584055133592},"id":"invoked"}}
{"recorder_version":"20","session":"fd630876499e","build":"192.5728.98","bucket":"213","time":1584055133593,"group":{"id":"plugins","version":"1"},"event":{"state":true,"data":{"created":1584055133593,"plugin_type":"NOT_LISTED"},"id":"enabled.not.bundled.plugin"}}
{"recorder_version":"20","session":"fd630876499e","build":"192.5728.98","bucket":"213","time":1584055133593,"group":{"id":"plugins","version":"1"},"event":{"state":true,"data":{"created":1584055133593},"id":"invoked"}}
{"recorder_version":"20","session":"fd630876499e","build":"192.5728.98","bucket":"213","time":1584055137251,"group":{"id":"performance","version":"20"},"event":{"count":1,"data":{"duration_ms":1,"created":1584055137251},"id":"ui.latency"}}
{"recorder_version":"20","session":"fd630876499e","build":"192.5728.98","bucket":"213","time":1584055237565,"group":{"id":"performance","version":"20"},"event":{"count":1,"data":{"duration_ms":0,"created":1584055237566},"id":"ui.latency"}}
{"recorder_version":"20","session":"fd630876499e","build":"192.5728.98","bucket":"213","time":1584055280049,"group":{"id":"lifecycle","version":"20"},"event":{"count":1,"data":{"created":1584055280049,"project":"3ac4613ba6df8205a6772f403ddea29cb4b8e6dd420a4b1106d504d4a525f0ed"},"id":"frame.activated"}}
{"recorder_version":"20","session":"fd630876499e","build":"192.5728.98","bucket":"213","time":1584055280614,"group":{"id":"lifecycle","version":"20"},"event":{"count":1,"data":{"created":1584055280614,"project":"3ac4613ba6df8205a6772f403ddea29cb4b8e6dd420a4b1106d504d4a525f0ed"},"id":"frame.deactivated"}}
{"recorder_version":"20","session":"fd630876499e","build":"192.5728.98","bucket":"213","time":1584055312018,"group":{"id":"lifecycle","version":"20"},"event":{"count":1,"data":{"created":1584055312020,"project":"3ac4613ba6df8205a6772f403ddea29cb4b8e6dd420a4b1106d504d4a525f0ed"},"id":"frame.activated"}}
{"recorder_version":"20","session":"fd630876499e","build":"192.5728.98","bucket":"213","time":1584055330951,"group":{"id":"lifecycle","version":"20"},"event":{"count":1,"data":{"created":1584055330953,"project":"3ac4613ba6df8205a6772f403ddea29cb4b8e6dd420a4b1106d504d4a525f0ed"},"id":"frame.deactivated"}}
{"recorder_version":"20","session":"fd630876499e","build":"192.5728.98","bucket":"213","time":1584055337842,"group":{"id":"performance","version":"20"},"event":{"count":1,"data":{"duration_ms":0,"created":1584055337842},"id":"ui.latency"}}
{"recorder_version":"20","session":"fd630876499e","build":"192.5728.98","bucket":"213","time":1584055413960,"group":{"id":"lifecycle","version":"20"},"event":{"count":1,"data":{"created":1584055413963,"project":"3ac4613ba6df8205a6772f403ddea29cb4b8e6dd420a4b1106d504d4a525f0ed"},"id":"frame.activated"}}
{"recorder_version":"20","session":"fd630876499e","build":"192.5728.98","bucket":"213","time":1584055424070,"group":{"id":"lifecycle","version":"20"},"event":{"count":1,"data":{"created":1584055424091,"project":"3ac4613ba6df8205a6772f403ddea29cb4b8e6dd420a4b1106d504d4a525f0ed"},"id":"frame.deactivated"}}
{"recorder_version":"20","session":"fd630876499e","build":"192.5728.98","bucket":"213","time":1584055438061,"group":{"id":"performance","version":"20"},"event":{"count":1,"data":{"duration_ms":0,"created":1584055438061},"id":"ui.latency"}}
{"recorder_version":"20","session":"fd630876499e","build":"192.5728.98","bucket":"213","time":1584055538330,"group":{"id":"performance","version":"20"},"event":{"count":1,"data":{"duration_ms":0,"created":1584055538330},"id":"ui.latency"}}
{"recorder_version":"20","session":"fd630876499e","build":"192.5728.98","bucket":"213","time":1584055638598,"group":{"id":"performance","version":"20"},"event":{"count":1,"data":{"duration_ms":0,"created":1584055638598},"id":"ui.latency"}}
{"recorder_version":"20","session":"fd630876499e","build":"192.5728.98","bucket":"213","time":1584055738853,"group":{"id":"performance","version":"20"},"event":{"count":1,"data":{"duration_ms":0,"created":1584055738854},"id":"ui.latency"}}
{"recorder_version":"20","session":"fd630876499e","build":"192.5728.98","bucket":"213","time":1584055839162,"group":{"id":"performance","version":"20"},"event":{"count":1,"data":{"duration_ms":0,"created":1584055839162},"id":"ui.latency"}}
{"recorder_version":"20","session":"fd630876499e","build":"192.5728.98","bucket":"213","time":1584055939449,"group":{"id":"performance","version":"20"},"event":{"count":1,"data":{"duration_ms":0,"created":1584055939449},"id":"ui.latency"}}
{"recorder_version":"20","session":"fd630876499e","build":"192.5728.98","bucket":"213","time":1584056037930,"group":{"id":"inspections","version":"1"},"event":{"state":true,"data":{"created":1584056037931,"project":"3ac4613ba6df8205a6772f403ddea29cb4b8e6dd420a4b1106d504d4a525f0ed"},"id":"invoked"}}
{"recorder_version":"20","session":"fd630876499e","build":"192.5728.98","bucket":"213","time":1584056038965,"group":{"id":"javaLibraryJars","version":"1"},"event":{"state":true,"data":{"created":1584056038965,"project":"3ac4613ba6df8205a6772f403ddea29cb4b8e6dd420a4b1106d504d4a525f0ed"},"id":"invoked"}}
{"recorder_version":"20","session":"fd630876499e","build":"192.5728.98","bucket":"213","time":1584056038981,"group":{"id":"git.configuration","version":"2"},"event":{"state":true,"data":{"created":1584056038982,"project":"3ac4613ba6df8205a6772f403ddea29cb4b8e6dd420a4b1106d504d4a525f0ed","type":"NULL","version":"0.0.0"},"id":"executable"}}
{"recorder_version":"20","session":"fd630876499e","build":"192.5728.98","bucket":"213","time":1584056038982,"group":{"id":"git.configuration","version":"2"},"event":{"state":true,"data":{"created":1584056038982,"project":"3ac4613ba6df8205a6772f403ddea29cb4b8e6dd420a4b1106d504d4a525f0ed"},"id":"invoked"}}
{"recorder_version":"20","session":"fd630876499e","build":"192.5728.98","bucket":"213","time":1584056038982,"group":{"id":"build.ant.state","version":"1"},"event":{"state":true,"data":{"created":1584056038982,"project":"3ac4613ba6df8205a6772f403ddea29cb4b8e6dd420a4b1106d504d4a525f0ed"},"id":"invoked"}}
{"recorder_version":"20","session":"fd630876499e","build":"192.5728.98","bucket":"213","time":1584056038983,"group":{"id":"vcs.log.index.project","version":"2"},"event":{"state":true,"data":{"created":1584056038983,"project":"3ac4613ba6df8205a6772f403ddea29cb4b8e6dd420a4b1106d504d4a525f0ed"},"id":"invoked"}}
{"recorder_version":"20","session":"fd630876499e","build":"192.5728.98","bucket":"213","time":1584056039055,"group":{"id":"build.gradle.state","version":"1"},"event":{"state":true,"data":{"created":1584056039056,"project":"3ac4613ba6df8205a6772f403ddea29cb4b8e6dd420a4b1106d504d4a525f0ed","enabled":true},"id":"hasGradleProject"}}
{"recorder_version":"20","session":"fd630876499e","build":"192.5728.98","bucket":"213","time":1584056039056,"group":{"id":"build.gradle.state","version":"1"},"event":{"state":true,"data":{"created":1584056039056,"project":"3ac4613ba6df8205a6772f403ddea29cb4b8e6dd420a4b1106d504d4a525f0ed","enabled":false},"id":"offlineWork"}}
{"recorder_version":"20","session":"fd630876499e","build":"192.5728.98","bucket":"213","time":1584056039056,"group":{"id":"build.gradle.state","version":"1"},"event":{"state":true,"data":{"created":1584056039056,"project":"3ac4613ba6df8205a6772f403ddea29cb4b8e6dd420a4b1106d504d4a525f0ed","enabled":false},"id":"hasCustomServiceDirectoryPath"}}
{"recorder_version":"20","session":"fd630876499e","build":"192.5728.98","bucket":"213","time":1584056039056,"group":{"id":"build.gradle.state","version":"1"},"event":{"state":true,"data":{"created":1584056039057,"project":"3ac4613ba6df8205a6772f403ddea29cb4b8e6dd420a4b1106d504d4a525f0ed","enabled":false},"id":"hasCustomGradleVmOptions"}}
{"recorder_version":"20","session":"fd630876499e","build":"192.5728.98","bucket":"213","time":1584056039056,"group":{"id":"build.gradle.state","version":"1"},"event":{"state":true,"data":{"created":1584056039057,"project":"3ac4613ba6df8205a6772f403ddea29cb4b8e6dd420a4b1106d504d4a525f0ed","enabled":false},"id":"showSelectiveImportDialogOnInitialImport"}}
{"recorder_version":"20","session":"fd630876499e","build":"192.5728.98","bucket":"213","time":1584056039056,"group":{"id":"build.gradle.state","version":"1"},"event":{"state":true,"data":{"created":1584056039057,"project":"3ac4613ba6df8205a6772f403ddea29cb4b8e6dd420a4b1106d504d4a525f0ed","enabled":true},"id":"storeProjectFilesExternally"}}
{"recorder_version":"20","session":"fd630876499e","build":"192.5728.98","bucket":"213","time":1584056039056,"group":{"id":"build.gradle.state","version":"1"},"event":{"state":true,"data":{"created":1584056039057,"project":"3ac4613ba6df8205a6772f403ddea29cb4b8e6dd420a4b1106d504d4a525f0ed","enabled":true},"id":"isUseQualifiedModuleNames"}}
{"recorder_version":"20","session":"fd630876499e","build":"192.5728.98","bucket":"213","time":1584056039056,"group":{"id":"build.gradle.state","version":"1"},"event":{"state":true,"data":{"created":1584056039058,"project":"3ac4613ba6df8205a6772f403ddea29cb4b8e6dd420a4b1106d504d4a525f0ed","enabled":true},"id":"createModulePerSourceSet"}}
{"recorder_version":"20","session":"fd630876499e","build":"192.5728.98","bucket":"213","time":1584056039056,"group":{"id":"build.gradle.state","version":"1"},"event":{"state":true,"data":{"created":1584056039058,"project":"3ac4613ba6df8205a6772f403ddea29cb4b8e6dd420a4b1106d504d4a525f0ed","value":"default_wrapped"},"id":"distributionType"}}
{"recorder_version":"20","session":"fd630876499e","build":"192.5728.98","bucket":"213","time":1584056039056,"group":{"id":"build.gradle.state","version":"1"},"event":{"state":true,"data":{"created":1584056039058,"project":"3ac4613ba6df8205a6772f403ddea29cb4b8e6dd420a4b1106d504d4a525f0ed","enabled":false},"id":"isCompositeBuilds"}}
{"recorder_version":"20","session":"fd630876499e","build":"192.5728.98","bucket":"213","time":1584056039056,"group":{"id":"build.gradle.state","version":"1"},"event":{"state":true,"data":{"created":1584056039058,"project":"3ac4613ba6df8205a6772f403ddea29cb4b8e6dd420a4b1106d504d4a525f0ed","enabled":false},"id":"disableWrapperSourceDistributionNotification"}}
{"recorder_version":"20","session":"fd630876499e","build":"192.5728.98","bucket":"213","time":1584056039056,"group":{"id":"build.gradle.state","version":"1"},"event":{"state":true,"data":{"created":1584056039059,"project":"3ac4613ba6df8205a6772f403ddea29cb4b8e6dd420a4b1106d504d4a525f0ed","value":"custom"},"id":"gradleJvmType"}}
{"recorder_version":"20","session":"fd630876499e","build":"192.5728.98","bucket":"213","time":1584056039056,"group":{"id":"build.gradle.state","version":"1"},"event":{"state":true,"data":{"created":1584056039059,"project":"3ac4613ba6df8205a6772f403ddea29cb4b8e6dd420a4b1106d504d4a525f0ed","value":"unknown"},"id":"gradleJvmVersion"}}
{"recorder_version":"20","session":"fd630876499e","build":"192.5728.98","bucket":"213","time":1584056039056,"group":{"id":"build.gradle.state","version":"1"},"event":{"state":true,"data":{"created":1584056039059,"project":"3ac4613ba6df8205a6772f403ddea29cb4b8e6dd420a4b1106d504d4a525f0ed","value":"5.2.1"},"id":"gradleVersion"}}
{"recorder_version":"20","session":"fd630876499e","build":"192.5728.98","bucket":"213","time":1584056039056,"group":{"id":"build.gradle.state","version":"1"},"event":{"state":true,"data":{"created":1584056039060,"project":"3ac4613ba6df8205a6772f403ddea29cb4b8e6dd420a4b1106d504d4a525f0ed","enabled":true},"id":"delegateBuildRun"}}
{"recorder_version":"20","session":"fd630876499e","build":"192.5728.98","bucket":"213","time":1584056039056,"group":{"id":"build.gradle.state","version":"1"},"event":{"state":true,"data":{"created":1584056039060,"project":"3ac4613ba6df8205a6772f403ddea29cb4b8e6dd420a4b1106d504d4a525f0ed","value":"gradle"},"id":"preferredTestRunner"}}
{"recorder_version":"20","session":"fd630876499e","build":"192.5728.98","bucket":"213","time":1584056039056,"group":{"id":"build.gradle.state","version":"1"},"event":{"state":true,"data":{"created":1584056039060,"project":"3ac4613ba6df8205a6772f403ddea29cb4b8e6dd420a4b1106d504d4a525f0ed"},"id":"invoked"}}
{"recorder_version":"20","session":"fd630876499e","build":"192.5728.98","bucket":"213","time":1584056039063,"group":{"id":"vcs.settings","version":"2"},"event":{"state":true,"data":{"created":1584056039064,"project":"3ac4613ba6df8205a6772f403ddea29cb4b8e6dd420a4b1106d504d4a525f0ed"},"id":"invoked"}}
{"recorder_version":"20","session":"fd630876499e","build":"192.5728.98","bucket":"213","time":1584056039069,"group":{"id":"debugger.breakpoints","version":"2"},"event":{"state":true,"data":{"created":1584056039069,"count":0,"project":"3ac4613ba6df8205a6772f403ddea29cb4b8e6dd420a4b1106d504d4a525f0ed"},"id":"total"}}
{"recorder_version":"20","session":"fd630876499e","build":"192.5728.98","bucket":"213","time":1584056039069,"group":{"id":"debugger.breakpoints","version":"2"},"event":{"state":true,"data":{"created":1584056039070,"count":0,"project":"3ac4613ba6df8205a6772f403ddea29cb4b8e6dd420a4b1106d504d4a525f0ed"},"id":"total.disabled"}}
{"recorder_version":"20","session":"fd630876499e","build":"192.5728.98","bucket":"213","time":1584056039069,"group":{"id":"debugger.breakpoints","version":"2"},"event":{"state":true,"data":{"created":1584056039070,"count":0,"project":"3ac4613ba6df8205a6772f403ddea29cb4b8e6dd420a4b1106d504d4a525f0ed"},"id":"total.non.suspending"}}
{"recorder_version":"20","session":"fd630876499e","build":"192.5728.98","bucket":"213","time":1584056039069,"group":{"id":"debugger.breakpoints","version":"2"},"event":{"state":true,"data":{"created":1584056039070,"project":"3ac4613ba6df8205a6772f403ddea29cb4b8e6dd420a4b1106d504d4a525f0ed"},"id":"invoked"}}
{"recorder_version":"20","session":"fd630876499e","build":"192.5728.98","bucket":"213","time":1584056039069,"group":{"id":"editor.settings.project","version":"2"},"event":{"state":true,"data":{"created":1584056039071,"project":"3ac4613ba6df8205a6772f403ddea29cb4b8e6dd420a4b1106d504d4a525f0ed"},"id":"invoked"}}
{"recorder_version":"20","session":"fd630876499e","build":"192.5728.98","bucket":"213","time":1584056039070,"group":{"id":"run.dashboard","version":"1"},"event":{"state":true,"data":{"created":1584056039072,"project":"3ac4613ba6df8205a6772f403ddea29cb4b8e6dd420a4b1106d504d4a525f0ed","enabled":false},"id":"run.dashboard"}}
{"recorder_version":"20","session":"fd630876499e","build":"192.5728.98","bucket":"213","time":1584056039070,"group":{"id":"run.dashboard","version":"1"},"event":{"state":true,"data":{"created":1584056039073,"project":"3ac4613ba6df8205a6772f403ddea29cb4b8e6dd420a4b1106d504d4a525f0ed"},"id":"invoked"}}
{"recorder_version":"20","session":"fd630876499e","build":"192.5728.98","bucket":"213","time":1584056039076,"group":{"id":"project.structure","version":"2"},"event":{"state":true,"data":{"created":1584056039076,"count":0,"project":"3ac4613ba6df8205a6772f403ddea29cb4b8e6dd420a4b1106d504d4a525f0ed"},"id":"package.prefix"}}
{"recorder_version":"20","session":"fd630876499e","build":"192.5728.98","bucket":"213","time":1584056039076,"group":{"id":"project.structure","version":"2"},"event":{"state":true,"data":{"created":1584056039076,"count":4,"project":"3ac4613ba6df8205a6772f403ddea29cb4b8e6dd420a4b1106d504d4a525f0ed"},"id":"source.roots.total"}}
{"recorder_version":"20","session":"fd630876499e","build":"192.5728.98","bucket":"213","time":1584056039076,"group":{"id":"project.structure","version":"2"},"event":{"state":true,"data":{"created":1584056039077,"count":3,"project":"3ac4613ba6df8205a6772f403ddea29cb4b8e6dd420a4b1106d504d4a525f0ed"},"id":"modules.total"}}
{"recorder_version":"20","session":"fd630876499e","build":"192.5728.98","bucket":"213","time":1584056039076,"group":{"id":"project.structure","version":"2"},"event":{"state":true,"data":{"created":1584056039077,"count":3,"project":"3ac4613ba6df8205a6772f403ddea29cb4b8e6dd420a4b1106d504d4a525f0ed"},"id":"content.roots.total"}}
{"recorder_version":"20","session":"fd630876499e","build":"192.5728.98","bucket":"213","time":1584056039076,"group":{"id":"project.structure","version":"2"},"event":{"state":true,"data":{"created":1584056039077,"count":1,"project":"3ac4613ba6df8205a6772f403ddea29cb4b8e6dd420a4b1106d504d4a525f0ed","type":"java-test"},"id":"source.root"}}
{"recorder_version":"20","session":"fd630876499e","build":"192.5728.98","bucket":"213","time":1584056039076,"group":{"id":"project.structure","version":"2"},"event":{"state":true,"data":{"created":1584056039078,"count":1,"project":"3ac4613ba6df8205a6772f403ddea29cb4b8e6dd420a4b1106d504d4a525f0ed","type":"java-test-resource"},"id":"source.root"}}
{"recorder_version":"20","session":"fd630876499e","build":"192.5728.98","bucket":"213","time":1584056039076,"group":{"id":"project.structure","version":"2"},"event":{"state":true,"data":{"created":1584056039078,"count":1,"project":"3ac4613ba6df8205a6772f403ddea29cb4b8e6dd420a4b1106d504d4a525f0ed"},"id":"excluded.roots.total"}}
{"recorder_version":"20","session":"fd630876499e","build":"192.5728.98","bucket":"213","time":1584056039076,"group":{"id":"project.structure","version":"2"},"event":{"state":true,"data":{"created":1584056039078,"count":1,"project":"3ac4613ba6df8205a6772f403ddea29cb4b8e6dd420a4b1106d504d4a525f0ed","type":"java-source"},"id":"source.root"}}
{"recorder_version":"20","session":"fd630876499e","build":"192.5728.98","bucket":"213","time":1584056039076,"group":{"id":"project.structure","version":"2"},"event":{"state":true,"data":{"created":1584056039079,"count":1,"project":"3ac4613ba6df8205a6772f403ddea29cb4b8e6dd420a4b1106d504d4a525f0ed","type":"java-resource"},"id":"source.root"}}
{"recorder_version":"20","session":"fd630876499e","build":"192.5728.98","bucket":"213","time":1584056039076,"group":{"id":"project.structure","version":"2"},"event":{"state":true,"data":{"created":1584056039079,"project":"3ac4613ba6df8205a6772f403ddea29cb4b8e6dd420a4b1106d504d4a525f0ed"},"id":"invoked"}}
{"recorder_version":"20","session":"fd630876499e","build":"192.5728.98","bucket":"213","time":1584056039172,"group":{"id":"file.types","version":"1"},"event":{"state":true,"data":{"plugin":"com.intellij.properties","created":1584056039172,"plugin_type":"JB_BUNDLED","project":"3ac4613ba6df8205a6772f403ddea29cb4b8e6dd420a4b1106d504d4a525f0ed"},"id":"Properties"}}
{"recorder_version":"20","session":"fd630876499e","build":"192.5728.98","bucket":"213","time":1584056039172,"group":{"id":"file.types","version":"1"},"event":{"state":true,"data":{"created":1584056039173,"plugin_type":"PLATFORM","project":"3ac4613ba6df8205a6772f403ddea29cb4b8e6dd420a4b1106d504d4a525f0ed"},"id":"ARCHIVE"}}
{"recorder_version":"20","session":"fd630876499e","build":"192.5728.98","bucket":"213","time":1584056039172,"group":{"id":"file.types","version":"1"},"event":{"state":true,"data":{"plugin":"com.jetbrains.sh","created":1584056039174,"plugin_type":"JB_BUNDLED","project":"3ac4613ba6df8205a6772f403ddea29cb4b8e6dd420a4b1106d504d4a525f0ed"},"id":"Shell_Script"}}
{"recorder_version":"20","session":"fd630876499e","build":"192.5728.98","bucket":"213","time":1584056039172,"group":{"id":"file.types","version":"1"},"event":{"state":true,"data":{"plugin":"com.intellij.java","created":1584056039174,"plugin_type":"JB_BUNDLED","project":"3ac4613ba6df8205a6772f403ddea29cb4b8e6dd420a4b1106d504d4a525f0ed"},"id":"JAVA"}}
{"recorder_version":"20","session":"fd630876499e","build":"192.5728.98","bucket":"213","time":1584056039172,"group":{"id":"file.types","version":"1"},"event":{"state":true,"data":{"plugin":"org.intellij.groovy","created":1584056039174,"plugin_type":"JB_BUNDLED","project":"3ac4613ba6df8205a6772f403ddea29cb4b8e6dd420a4b1106d504d4a525f0ed"},"id":"Groovy"}}
{"recorder_version":"20","session":"fd630876499e","build":"192.5728.98","bucket":"213","time":1584056039172,"group":{"id":"file.types","version":"1"},"event":{"state":true,"data":{"plugin":"org.jetbrains.plugins.textmate","created":1584056039175,"plugin_type":"JB_BUNDLED","project":"3ac4613ba6df8205a6772f403ddea29cb4b8e6dd420a4b1106d504d4a525f0ed"},"id":"textmate"}}
{"recorder_version":"20","session":"fd630876499e","build":"192.5728.98","bucket":"213","time":1584056039172,"group":{"id":"file.types","version":"1"},"event":{"state":true,"data":{"created":1584056039175,"project":"3ac4613ba6df8205a6772f403ddea29cb4b8e6dd420a4b1106d504d4a525f0ed"},"id":"invoked"}}
{"recorder_version":"20","session":"fd630876499e","build":"192.5728.98","bucket":"213","time":1584056039173,"group":{"id":"build.tools","version":"1"},"event":{"state":true,"data":{"created":1584056039175,"project":"3ac4613ba6df8205a6772f403ddea29cb4b8e6dd420a4b1106d504d4a525f0ed","value":"Gradle"},"id":"externalSystemId"}}
{"recorder_version":"20","session":"fd630876499e","build":"192.5728.98","bucket":"213","time":1584056039173,"group":{"id":"build.tools","version":"1"},"event":{"state":true,"data":{"created":1584056039176,"project":"3ac4613ba6df8205a6772f403ddea29cb4b8e6dd420a4b1106d504d4a525f0ed"},"id":"invoked"}}
{"recorder_version":"20","session":"fd630876499e","build":"192.5728.98","bucket":"213","time":1584056039174,"group":{"id":"module.facets","version":"2"},"event":{"state":true,"data":{"created":1584056039176,"project":"3ac4613ba6df8205a6772f403ddea29cb4b8e6dd420a4b1106d504d4a525f0ed"},"id":"invoked"}}
{"recorder_version":"20","session":"fd630876499e","build":"192.5728.98","bucket":"213","time":1584056039175,"group":{"id":"build.tools.state","version":"1"},"event":{"state":true,"data":{"created":1584056039176,"count":1,"externalSystemId":"Gradle","project":"3ac4613ba6df8205a6772f403ddea29cb4b8e6dd420a4b1106d504d4a525f0ed"},"id":"numberOfLinkedProject"}}
{"recorder_version":"20","session":"fd630876499e","build":"192.5728.98","bucket":"213","time":1584056039175,"group":{"id":"build.tools.state","version":"1"},"event":{"state":true,"data":{"created":1584056039177,"externalSystemId":"Gradle","project":"3ac4613ba6df8205a6772f403ddea29cb4b8e6dd420a4b1106d504d4a525f0ed","enabled":false},"id":"autoImport"}}
{"recorder_version":"20","session":"fd630876499e","build":"192.5728.98","bucket":"213","time":1584056039175,"group":{"id":"build.tools.state","version":"1"},"event":{"state":true,"data":{"created":1584056039177,"externalSystemId":"Gradle","project":"3ac4613ba6df8205a6772f403ddea29cb4b8e6dd420a4b1106d504d4a525f0ed","enabled":true},"id":"useQualifiedModuleNames"}}
{"recorder_version":"20","session":"fd630876499e","build":"192.5728.98","bucket":"213","time":1584056039175,"group":{"id":"build.tools.state","version":"1"},"event":{"state":true,"data":{"created":1584056039177,"count":1,"externalSystemId":"Gradle","project":"3ac4613ba6df8205a6772f403ddea29cb4b8e6dd420a4b1106d504d4a525f0ed"},"id":"modules.count"}}
{"recorder_version":"20","session":"fd630876499e","build":"192.5728.98","bucket":"213","time":1584056039175,"group":{"id":"build.tools.state","version":"1"},"event":{"state":true,"data":{"created":1584056039177,"project":"3ac4613ba6df8205a6772f403ddea29cb4b8e6dd420a4b1106d504d4a525f0ed"},"id":"invoked"}}
{"recorder_version":"20","session":"fd630876499e","build":"192.5728.98","bucket":"213","time":1584056039177,"group":{"id":"vcs.configuration","version":"2"},"event":{"state":true,"data":{"created":1584056039178,"count":0,"project":"3ac4613ba6df8205a6772f403ddea29cb4b8e6dd420a4b1106d504d4a525f0ed"},"id":"ignored.files"}}
{"recorder_version":"20","session":"fd630876499e","build":"192.5728.98","bucket":"213","time":1584056039177,"group":{"id":"vcs.configuration","version":"2"},"event":{"state":true,"data":{"created":1584056039178,"count":0,"project":"3ac4613ba6df8205a6772f403ddea29cb4b8e6dd420a4b1106d504d4a525f0ed"},"id":"unversioned.files"}}
{"recorder_version":"20","session":"fd630876499e","build":"192.5728.98","bucket":"213","time":1584056039177,"group":{"id":"vcs.configuration","version":"2"},"event":{"state":true,"data":{"created":1584056039178,"count":0,"project":"3ac4613ba6df8205a6772f403ddea29cb4b8e6dd420a4b1106d504d4a525f0ed"},"id":"mapped.roots"}}
{"recorder_version":"20","session":"fd630876499e","build":"192.5728.98","bucket":"213","time":1584056039177,"group":{"id":"vcs.configuration","version":"2"},"event":{"state":true,"data":{"created":1584056039179,"count":1,"project":"3ac4613ba6df8205a6772f403ddea29cb4b8e6dd420a4b1106d504d4a525f0ed"},"id":"changelists"}}
{"recorder_version":"20","session":"fd630876499e","build":"192.5728.98","bucket":"213","time":1584056039177,"group":{"id":"vcs.configuration","version":"2"},"event":{"state":true,"data":{"created":1584056039179,"project":"3ac4613ba6df8205a6772f403ddea29cb4b8e6dd420a4b1106d504d4a525f0ed"},"id":"invoked"}}
{"recorder_version":"20","session":"fd630876499e","build":"192.5728.98","bucket":"213","time":1584056039177,"group":{"id":"build.maven.state","version":"1"},"event":{"state":true,"data":{"created":1584056039179,"project":"3ac4613ba6df8205a6772f403ddea29cb4b8e6dd420a4b1106d504d4a525f0ed"},"id":"invoked"}}
{"recorder_version":"20","session":"fd630876499e","build":"192.5728.98","bucket":"213","time":1584056039179,"group":{"id":"run.configuration.type","version":"4"},"event":{"state":true,"data":{"created":1584056039179,"project":"3ac4613ba6df8205a6772f403ddea29cb4b8e6dd420a4b1106d504d4a525f0ed"},"id":"invoked"}}
{"recorder_version":"20","session":"fd630876499e","build":"192.5728.98","bucket":"213","time":1584056039182,"group":{"id":"vcs.log.ui","version":"2"},"event":{"state":true,"data":{"created":1584056039182,"project":"3ac4613ba6df8205a6772f403ddea29cb4b8e6dd420a4b1106d504d4a525f0ed"},"id":"invoked"}}
{"recorder_version":"20","session":"fd630876499e","build":"192.5728.98","bucket":"213","time":1584056039391,"group":{"id":"svn.configuration","version":"1"},"event":{"state":true,"data":{"created":1584056039391,"project":"3ac4613ba6df8205a6772f403ddea29cb4b8e6dd420a4b1106d504d4a525f0ed"},"id":"invoked"}}
{"recorder_version":"20","session":"fd630876499e","build":"192.5728.98","bucket":"213","time":1584056039391,"group":{"id":"java.compiler.settings.project","version":"1"},"event":{"state":true,"data":{"created":1584056039391,"project":"3ac4613ba6df8205a6772f403ddea29cb4b8e6dd420a4b1106d504d4a525f0ed","enabled":true},"id":"AUTO_SHOW_ERRORS_IN_EDITOR"}}
{"recorder_version":"20","session":"fd630876499e","build":"192.5728.98","bucket":"213","time":1584056039391,"group":{"id":"java.compiler.settings.project","version":"1"},"event":{"state":true,"data":{"created":1584056039392,"project":"3ac4613ba6df8205a6772f403ddea29cb4b8e6dd420a4b1106d504d4a525f0ed","enabled":true},"id":"DISPLAY_NOTIFICATION_POPUP"}}
{"recorder_version":"20","session":"fd630876499e","build":"192.5728.98","bucket":"213","time":1584056039391,"group":{"id":"java.compiler.settings.project","version":"1"},"event":{"state":true,"data":{"created":1584056039392,"project":"3ac4613ba6df8205a6772f403ddea29cb4b8e6dd420a4b1106d504d4a525f0ed","enabled":true},"id":"CLEAR_OUTPUT_DIRECTORY"}}
{"recorder_version":"20","session":"fd630876499e","build":"192.5728.98","bucket":"213","time":1584056039391,"group":{"id":"java.compiler.settings.project","version":"1"},"event":{"state":true,"data":{"created":1584056039393,"project":"3ac4613ba6df8205a6772f403ddea29cb4b8e6dd420a4b1106d504d4a525f0ed","enabled":false},"id":"MAKE_PROJECT_ON_SAVE"}}
{"recorder_version":"20","session":"fd630876499e","build":"192.5728.98","bucket":"213","time":1584056039391,"group":{"id":"java.compiler.settings.project","version":"1"},"event":{"state":true,"data":{"created":1584056039393,"project":"3ac4613ba6df8205a6772f403ddea29cb4b8e6dd420a4b1106d504d4a525f0ed","enabled":false},"id":"PARALLEL_COMPILATION"}}
{"recorder_version":"20","session":"fd630876499e","build":"192.5728.98","bucket":"213","time":1584056039391,"group":{"id":"java.compiler.settings.project","version":"1"},"event":{"state":true,"data":{"created":1584056039393,"project":"3ac4613ba6df8205a6772f403ddea29cb4b8e6dd420a4b1106d504d4a525f0ed","enabled":true},"id":"REBUILD_ON_DEPENDENCY_CHANGE"}}
{"recorder_version":"20","session":"fd630876499e","build":"192.5728.98","bucket":"213","time":1584056039391,"group":{"id":"java.compiler.settings.project","version":"1"},"event":{"state":true,"data":{"created":1584056039394,"project":"3ac4613ba6df8205a6772f403ddea29cb4b8e6dd420a4b1106d504d4a525f0ed","enabled":true},"id":"COMPILE_AFFECTED_UNLOADED_MODULES_BEFORE_COMMIT"}}
{"recorder_version":"20","session":"fd630876499e","build":"192.5728.98","bucket":"213","time":1584056039391,"group":{"id":"java.compiler.settings.project","version":"1"},"event":{"state":true,"data":{"created":1584056039394,"project":"3ac4613ba6df8205a6772f403ddea29cb4b8e6dd420a4b1106d504d4a525f0ed"},"id":"invoked"}}
{"recorder_version":"20","session":"fd630876499e","build":"192.5728.98","bucket":"213","time":1584056039392,"group":{"id":"vcs.log.data","version":"2"},"event":{"state":true,"data":{"created":1584056039394,"project":"3ac4613ba6df8205a6772f403ddea29cb4b8e6dd420a4b1106d504d4a525f0ed"},"id":"invoked"}}
{"recorder_version":"20","session":"fd630876499e","build":"192.5728.98","bucket":"213","time":1584056039684,"group":{"id":"performance","version":"20"},"event":{"count":1,"data":{"duration_ms":0,"created":1584056039684},"id":"ui.latency"}}
{"recorder_version":"20","session":"fd630876499e","build":"192.5728.98","bucket":"213","time":1584056139951,"group":{"id":"performance","version":"20"},"event":{"count":1,"data":{"duration_ms":0,"created":1584056139952},"id":"ui.latency"}}
{"recorder_version":"20","session":"fd630876499e","build":"192.5728.98","bucket":"213","time":1584056240206,"group":{"id":"performance","version":"20"},"event":{"count":1,"data":{"duration_ms":0,"created":1584056240206},"id":"ui.latency"}}
{"recorder_version":"20","session":"fd630876499e","build":"192.5728.98","bucket":"213","time":1584056340443,"group":{"id":"performance","version":"20"},"event":{"count":1,"data":{"duration_ms":0,"created":1584056340443},"id":"ui.latency"}}
{"recorder_version":"20","session":"fd630876499e","build":"192.5728.98","bucket":"213","time":1584056440733,"group":{"id":"performance","version":"20"},"event":{"count":1,"data":{"duration_ms":0,"created":1584056440733},"id":"ui.latency"}}
{"recorder_version":"20","session":"fd630876499e","build":"192.5728.98","bucket":"213","time":1584056470507,"group":{"id":"lifecycle","version":"20"},"event":{"count":1,"data":{"created":1584056470508,"project":"3ac4613ba6df8205a6772f403ddea29cb4b8e6dd420a4b1106d504d4a525f0ed"},"id":"frame.activated"}}
{"recorder_version":"20","session":"fd630876499e","build":"192.5728.98","bucket":"213","time":1584056471390,"group":{"id":"lifecycle","version":"20"},"event":{"count":1,"data":{"created":1584056471390,"project":"3ac4613ba6df8205a6772f403ddea29cb4b8e6dd420a4b1106d504d4a525f0ed"},"id":"frame.deactivated"}}
{"recorder_version":"20","session":"fd630876499e","build":"192.5728.98","bucket":"213","time":1584056513715,"group":{"id":"lifecycle","version":"20"},"event":{"count":1,"data":{"created":1584056513715,"project":"3ac4613ba6df8205a6772f403ddea29cb4b8e6dd420a4b1106d504d4a525f0ed"},"id":"frame.activated"}}
{"recorder_version":"20","session":"fd630876499e","build":"192.5728.98","bucket":"213","time":1584056519503,"group":{"id":"lifecycle","version":"20"},"event":{"count":1,"data":{"created":1584056519503,"project":"3ac4613ba6df8205a6772f403ddea29cb4b8e6dd420a4b1106d504d4a525f0ed"},"id":"frame.deactivated"}}
{"recorder_version":"20","session":"fd630876499e","build":"192.5728.98","bucket":"213","time":1584056539674,"group":{"id":"lifecycle","version":"20"},"event":{"count":1,"data":{"created":1584056539675,"project":"3ac4613ba6df8205a6772f403ddea29cb4b8e6dd420a4b1106d504d4a525f0ed"},"id":"frame.activated"}}
{"recorder_version":"20","session":"fd630876499e","build":"192.5728.98","bucket":"213","time":1584056540911,"group":{"id":"lifecycle","version":"20"},"event":{"count":1,"data":{"created":1584056540911,"project":"3ac4613ba6df8205a6772f403ddea29cb4b8e6dd420a4b1106d504d4a525f0ed"},"id":"frame.deactivated"}}
