{"recorder_version":"20","session":"0f71f8e73ab7","build":"192.5728.98","bucket":"213","time":1584058485208,"group":{"id":"settings","version":"4"},"event":{"state":true,"data":{"component":"NotRoamableUiSettings","created":1584058485542},"id":"invoked"}}
{"recorder_version":"20","session":"0f71f8e73ab7","build":"192.5728.98","bucket":"213","time":1584058485212,"group":{"id":"system.java","version":"1"},"event":{"state":true,"data":{"created":1584058485546,"version":"validation.undefined_rule"},"id":"validation.undefined_rule"}}
{"recorder_version":"20","session":"0f71f8e73ab7","build":"192.5728.98","bucket":"213","time":1584058485212,"group":{"id":"system.java","version":"1"},"event":{"state":true,"data":{"created":1584058485569},"id":"invoked"}}
{"recorder_version":"20","session":"0f71f8e73ab7","build":"192.5728.98","bucket":"213","time":1584058485213,"group":{"id":"settings","version":"4"},"event":{"state":true,"data":{"component":"UISettings","created":1584058485569},"id":"invoked"}}
{"recorder_version":"20","session":"0f71f8e73ab7","build":"192.5728.98","bucket":"213","time":1584058485249,"group":{"id":"system.os","version":"3"},"event":{"state":true,"data":{"created":1584058485571,"version":"10.14"},"id":"Mac"}}
{"recorder_version":"20","session":"0f71f8e73ab7","build":"192.5728.98","bucket":"213","time":1584058485249,"group":{"id":"system.os","version":"3"},"event":{"state":true,"data":{"created":1584058485572,"name":"Mac","version":"10.14"},"id":"os.name"}}
{"recorder_version":"20","session":"0f71f8e73ab7","build":"192.5728.98","bucket":"213","time":1584058485249,"group":{"id":"system.os","version":"3"},"event":{"state":true,"data":{"created":1584058485574,"value":"-05_00"},"id":"os.timezone"}}
{"recorder_version":"20","session":"0f71f8e73ab7","build":"192.5728.98","bucket":"213","time":1584058485249,"group":{"id":"system.os","version":"3"},"event":{"state":true,"data":{"created":1584058485575},"id":"invoked"}}
{"recorder_version":"20","session":"0f71f8e73ab7","build":"192.5728.98","bucket":"213","time":1584058485540,"group":{"id":"event.log","version":"20"},"event":{"count":1,"data":{"created":1584058485576,"version":"1156.0"},"id":"whitelist.loaded"}}
{"recorder_version":"20","session":"0f71f8e73ab7","build":"192.5728.98","bucket":"213","time":1584058488750,"group":{"id":"settings","version":"4"},"event":{"state":true,"data":{"component":"UpdatesConfigurable","created":1584058488751,"name":"checkNeeded","type":"bool","value":false},"id":"not.default"}}
{"recorder_version":"20","session":"0f71f8e73ab7","build":"192.5728.98","bucket":"213","time":1584058488751,"group":{"id":"settings","version":"4"},"event":{"state":true,"data":{"component":"UpdatesConfigurable","created":1584058488752},"id":"invoked"}}
{"recorder_version":"20","session":"0f71f8e73ab7","build":"192.5728.98","bucket":"213","time":1584058489039,"group":{"id":"settings","version":"4"},"event":{"state":true,"data":{"component":"GeneralSettings","created":1584058489040,"name":"showTipsOnStartup","type":"bool","value":false},"id":"not.default"}}
{"recorder_version":"20","session":"0f71f8e73ab7","build":"192.5728.98","bucket":"213","time":1584058489039,"group":{"id":"settings","version":"4"},"event":{"state":true,"data":{"component":"GeneralSettings","created":1584058489041},"id":"invoked"}}
{"recorder_version":"20","session":"0f71f8e73ab7","build":"192.5728.98","bucket":"213","time":1584058489046,"group":{"id":"lifecycle","version":"20"},"event":{"count":1,"data":{"internal":true,"eap":false,"created":1584058489046},"id":"ide.start"}}
{"recorder_version":"20","session":"0f71f8e73ab7","build":"192.5728.98","bucket":"213","time":1584058489628,"group":{"id":"lifecycle","version":"20"},"event":{"count":1,"data":{"created":1584058489628},"id":"frame.activated"}}
{"recorder_version":"20","session":"0f71f8e73ab7","build":"192.5728.98","bucket":"213","time":1584058489797,"group":{"id":"performance","version":"20"},"event":{"count":1,"data":{"duration_ms":921,"created":1584058489797},"id":"ui.latency"}}
{"recorder_version":"20","session":"0f71f8e73ab7","build":"192.5728.98","bucket":"213","time":1584058489799,"group":{"id":"performance","version":"20"},"event":{"count":1,"data":{"duration_ms":921,"created":1584058489800},"id":"ui.lagging"}}
{"recorder_version":"20","session":"0f71f8e73ab7","build":"192.5728.98","bucket":"213","time":1584058490327,"group":{"id":"ui.dialogs","version":"20"},"event":{"count":1,"data":{"created":1584058490330,"plugin_type":"PLATFORM","type":"show"},"id":"com.intellij.openapi.progress.util.ProgressDialog$MyDialogWrapper"}}
{"recorder_version":"20","session":"0f71f8e73ab7","build":"192.5728.98","bucket":"213","time":1584058493005,"group":{"id":"lifecycle","version":"20"},"event":{"count":1,"data":{"created":1584058493006,"project":"3ac4613ba6df8205a6772f403ddea29cb4b8e6dd420a4b1106d504d4a525f0ed"},"id":"project.opened"}}
{"recorder_version":"20","session":"0f71f8e73ab7","build":"192.5728.98","bucket":"213","time":1584058494556,"group":{"id":"performance","version":"20"},"event":{"count":1,"data":{"duration_ms":666,"created":1584058494556},"id":"ui.lagging"}}
{"recorder_version":"20","session":"0f71f8e73ab7","build":"192.5728.98","bucket":"213","time":1584058496540,"group":{"id":"settings","version":"4"},"event":{"state":true,"data":{"component":"XmlEditorOptions","created":1584058496540},"id":"invoked"}}
{"recorder_version":"20","session":"0f71f8e73ab7","build":"192.5728.98","bucket":"213","time":1584058496609,"group":{"id":"performance","version":"20"},"event":{"count":1,"data":{"duration_ms":714,"created":1584058496609},"id":"ui.lagging"}}
{"recorder_version":"20","session":"0f71f8e73ab7","build":"192.5728.98","bucket":"213","time":1584058498623,"group":{"id":"toolwindow","version":"20"},"event":{"count":1,"data":{"os":"Mac","created":1584058498628,"plugin_type":"NOT_LISTED"},"id":"third.party"}}
{"recorder_version":"20","session":"0f71f8e73ab7","build":"192.5728.98","bucket":"213","time":1584058499942,"group":{"id":"performance","version":"20"},"event":{"count":1,"data":{"duration_ms":1038,"created":1584058499942},"id":"ui.lagging"}}
{"recorder_version":"20","session":"0f71f8e73ab7","build":"192.5728.98","bucket":"213","time":1584058500575,"group":{"id":"performance","version":"20"},"event":{"count":1,"data":{"duration_ms":667,"created":1584058500575},"id":"ui.lagging"}}
{"recorder_version":"20","session":"0f71f8e73ab7","build":"192.5728.98","bucket":"213","time":1584058503903,"group":{"id":"project.fs","version":"1"},"event":{"state":true,"data":{"os":"Mac","cs-project":false,"created":1584058503903,"project":"3ac4613ba6df8205a6772f403ddea29cb4b8e6dd420a4b1106d504d4a525f0ed","cs-implicit":true,"cs-system":false},"id":"case-sensitivity"}}
{"recorder_version":"20","session":"0f71f8e73ab7","build":"192.5728.98","bucket":"213","time":1584058503903,"group":{"id":"project.fs","version":"1"},"event":{"state":true,"data":{"created":1584058503903},"id":"invoked"}}
{"recorder_version":"20","session":"0f71f8e73ab7","build":"192.5728.98","bucket":"213","time":1584058503904,"group":{"id":"project.fs","version":"1"},"event":{"state":true,"data":{"pct-non-watched":0,"created":1584058503905,"project":"3ac4613ba6df8205a6772f403ddea29cb4b8e6dd420a4b1106d504d4a525f0ed"},"id":"roots-watched"}}
{"recorder_version":"20","session":"0f71f8e73ab7","build":"192.5728.98","bucket":"213","time":1584058503904,"group":{"id":"project.fs","version":"1"},"event":{"state":true,"data":{"created":1584058503905},"id":"invoked"}}
{"recorder_version":"20","session":"0f71f8e73ab7","build":"192.5728.98","bucket":"213","time":1584058504046,"group":{"id":"ui.dialogs","version":"20"},"event":{"count":1,"data":{"code":1,"created":1584058504047,"plugin_type":"PLATFORM","type":"close"},"id":"com.intellij.openapi.progress.util.ProgressDialog$MyDialogWrapper"}}
{"recorder_version":"20","session":"0f71f8e73ab7","build":"192.5728.98","bucket":"213","time":1584058504445,"group":{"id":"lifecycle","version":"20"},"event":{"count":1,"data":{"duration_ms":14328,"created":1584058504446,"project":"3ac4613ba6df8205a6772f403ddea29cb4b8e6dd420a4b1106d504d4a525f0ed"},"id":"project.opening.finished"}}
{"recorder_version":"20","session":"0f71f8e73ab7","build":"192.5728.98","bucket":"213","time":1584058505060,"group":{"id":"performance","version":"20"},"event":{"count":1,"data":{"duration_ms":145,"created":1584058505061},"id":"ui.lagging"}}
{"recorder_version":"20","session":"0f71f8e73ab7","build":"192.5728.98","bucket":"213","time":1584058549744,"group":{"id":"lifecycle","version":"20"},"event":{"count":1,"data":{"created":1584058549745,"project":"3ac4613ba6df8205a6772f403ddea29cb4b8e6dd420a4b1106d504d4a525f0ed"},"id":"frame.deactivated"}}
{"recorder_version":"20","session":"0f71f8e73ab7","build":"192.5728.98","bucket":"213","time":1584058584151,"group":{"id":"lifecycle","version":"20"},"event":{"count":1,"data":{"created":1584058584151,"project":"3ac4613ba6df8205a6772f403ddea29cb4b8e6dd420a4b1106d504d4a525f0ed"},"id":"frame.activated"}}
{"recorder_version":"20","session":"0f71f8e73ab7","build":"192.5728.98","bucket":"213","time":1584058590142,"group":{"id":"performance","version":"20"},"event":{"count":1,"data":{"duration_ms":0,"created":1584058590142},"id":"ui.latency"}}
{"recorder_version":"20","session":"0f71f8e73ab7","build":"192.5728.98","bucket":"213","time":1584058641254,"group":{"id":"lifecycle","version":"20"},"event":{"count":1,"data":{"created":1584058641254,"project":"3ac4613ba6df8205a6772f403ddea29cb4b8e6dd420a4b1106d504d4a525f0ed"},"id":"frame.deactivated"}}
{"recorder_version":"20","session":"0f71f8e73ab7","build":"192.5728.98","bucket":"213","time":1584058690429,"group":{"id":"performance","version":"20"},"event":{"count":1,"data":{"duration_ms":0,"created":1584058690430},"id":"ui.latency"}}
{"recorder_version":"20","session":"0f71f8e73ab7","build":"192.5728.98","bucket":"213","time":1584058698390,"group":{"id":"lifecycle","version":"20"},"event":{"count":1,"data":{"created":1584058698390,"project":"3ac4613ba6df8205a6772f403ddea29cb4b8e6dd420a4b1106d504d4a525f0ed"},"id":"frame.activated"}}
{"recorder_version":"20","session":"0f71f8e73ab7","build":"192.5728.98","bucket":"213","time":1584058700999,"group":{"id":"lifecycle","version":"20"},"event":{"count":1,"data":{"created":1584058701000,"project":"3ac4613ba6df8205a6772f403ddea29cb4b8e6dd420a4b1106d504d4a525f0ed"},"id":"frame.deactivated"}}
{"recorder_version":"20","session":"0f71f8e73ab7","build":"192.5728.98","bucket":"213","time":1584058715671,"group":{"id":"lifecycle","version":"20"},"event":{"count":1,"data":{"created":1584058715672,"project":"3ac4613ba6df8205a6772f403ddea29cb4b8e6dd420a4b1106d504d4a525f0ed"},"id":"frame.activated"}}
{"recorder_version":"20","session":"0f71f8e73ab7","build":"192.5728.98","bucket":"213","time":1584058723679,"group":{"id":"lifecycle","version":"20"},"event":{"count":1,"data":{"created":1584058723680,"project":"3ac4613ba6df8205a6772f403ddea29cb4b8e6dd420a4b1106d504d4a525f0ed"},"id":"frame.deactivated"}}
{"recorder_version":"20","session":"0f71f8e73ab7","build":"192.5728.98","bucket":"213","time":1584058736043,"group":{"id":"lifecycle","version":"20"},"event":{"count":1,"data":{"created":1584058736046,"project":"3ac4613ba6df8205a6772f403ddea29cb4b8e6dd420a4b1106d504d4a525f0ed"},"id":"frame.activated"}}
{"recorder_version":"20","session":"0f71f8e73ab7","build":"192.5728.98","bucket":"213","time":1584058741874,"group":{"id":"lifecycle","version":"20"},"event":{"count":1,"data":{"created":1584058741874,"project":"3ac4613ba6df8205a6772f403ddea29cb4b8e6dd420a4b1106d504d4a525f0ed"},"id":"frame.deactivated"}}
{"recorder_version":"20","session":"0f71f8e73ab7","build":"192.5728.98","bucket":"213","time":1584058748090,"group":{"id":"lifecycle","version":"20"},"event":{"count":1,"data":{"created":1584058748092,"project":"3ac4613ba6df8205a6772f403ddea29cb4b8e6dd420a4b1106d504d4a525f0ed"},"id":"frame.activated"}}
{"recorder_version":"20","session":"0f71f8e73ab7","build":"192.5728.98","bucket":"213","time":1584058751072,"group":{"id":"lifecycle","version":"20"},"event":{"count":1,"data":{"created":1584058751074,"project":"3ac4613ba6df8205a6772f403ddea29cb4b8e6dd420a4b1106d504d4a525f0ed"},"id":"frame.deactivated"}}
{"recorder_version":"20","session":"0f71f8e73ab7","build":"192.5728.98","bucket":"213","time":1584058789057,"group":{"id":"build.tools.actions","version":"1"},"event":{"count":1,"data":{"created":1584058789057},"id":"registered"}}
{"recorder_version":"20","session":"0f71f8e73ab7","build":"192.5728.98","bucket":"213","time":1584058789057,"group":{"id":"file.types.usage","version":"20"},"event":{"count":1,"data":{"created":1584058789060},"id":"registered"}}
{"recorder_version":"20","session":"0f71f8e73ab7","build":"192.5728.98","bucket":"213","time":1584058789057,"group":{"id":"ide.script.engine","version":"1"},"event":{"count":1,"data":{"created":1584058789060},"id":"registered"}}
{"recorder_version":"20","session":"0f71f8e73ab7","build":"192.5728.98","bucket":"213","time":1584058789057,"group":{"id":"actions.runAnything","version":"1"},"event":{"count":1,"data":{"created":1584058789061},"id":"registered"}}
{"recorder_version":"20","session":"0f71f8e73ab7","build":"192.5728.98","bucket":"213","time":1584058789057,"group":{"id":"toolwindow","version":"20"},"event":{"count":1,"data":{"created":1584058789061},"id":"registered"}}
{"recorder_version":"20","session":"0f71f8e73ab7","build":"192.5728.98","bucket":"213","time":1584058789057,"group":{"id":"kotlin.ide.newFileTempl","version":"1"},"event":{"count":1,"data":{"created":1584058789061},"id":"registered"}}
{"recorder_version":"20","session":"0f71f8e73ab7","build":"192.5728.98","bucket":"213","time":1584058789057,"group":{"id":"live.templates","version":"20"},"event":{"count":1,"data":{"created":1584058789062},"id":"registered"}}
{"recorder_version":"20","session":"0f71f8e73ab7","build":"192.5728.98","bucket":"213","time":1584058789057,"group":{"id":"ide.self.update","version":"2"},"event":{"count":1,"data":{"created":1584058789062},"id":"registered"}}
{"recorder_version":"20","session":"0f71f8e73ab7","build":"192.5728.98","bucket":"213","time":1584058789057,"group":{"id":"ui.settings","version":"20"},"event":{"count":1,"data":{"created":1584058789062},"id":"registered"}}
{"recorder_version":"20","session":"0f71f8e73ab7","build":"192.5728.98","bucket":"213","time":1584058789057,"group":{"id":"lifecycle","version":"20"},"event":{"count":1,"data":{"created":1584058789062},"id":"registered"}}
{"recorder_version":"20","session":"0f71f8e73ab7","build":"192.5728.98","bucket":"213","time":1584058789057,"group":{"id":"vcs.diff.trigger","version":"1"},"event":{"count":1,"data":{"created":1584058789063},"id":"registered"}}
{"recorder_version":"20","session":"0f71f8e73ab7","build":"192.5728.98","bucket":"213","time":1584058789057,"group":{"id":"vcs.log.trigger","version":"2"},"event":{"count":1,"data":{"created":1584058789063},"id":"registered"}}
{"recorder_version":"20","session":"0f71f8e73ab7","build":"192.5728.98","bucket":"213","time":1584058789057,"group":{"id":"productivity","version":"20"},"event":{"count":1,"data":{"created":1584058789063},"id":"registered"}}
{"recorder_version":"20","session":"0f71f8e73ab7","build":"192.5728.98","bucket":"213","time":1584058789057,"group":{"id":"debugger.breakpoints.usage","version":"2"},"event":{"count":1,"data":{"created":1584058789063},"id":"registered"}}
{"recorder_version":"20","session":"0f71f8e73ab7","build":"192.5728.98","bucket":"213","time":1584058789057,"group":{"id":"kotlin.gradle.library","version":"1"},"event":{"count":1,"data":{"created":1584058789064},"id":"registered"}}
{"recorder_version":"20","session":"0f71f8e73ab7","build":"192.5728.98","bucket":"213","time":1584058789057,"group":{"id":"find","version":"1"},"event":{"count":1,"data":{"created":1584058789064},"id":"registered"}}
{"recorder_version":"20","session":"0f71f8e73ab7","build":"192.5728.98","bucket":"213","time":1584058789057,"group":{"id":"kotlin.gradle.target","version":"1"},"event":{"count":1,"data":{"created":1584058789064},"id":"registered"}}
{"recorder_version":"20","session":"0f71f8e73ab7","build":"192.5728.98","bucket":"213","time":1584058789057,"group":{"id":"gutter.icon.click","version":"1"},"event":{"count":1,"data":{"created":1584058789064},"id":"registered"}}
{"recorder_version":"20","session":"0f71f8e73ab7","build":"192.5728.98","bucket":"213","time":1584058789057,"group":{"id":"shell.script","version":"1"},"event":{"count":1,"data":{"created":1584058789064},"id":"registered"}}
{"recorder_version":"20","session":"0f71f8e73ab7","build":"192.5728.98","bucket":"213","time":1584058789057,"group":{"id":"kotlin.ide.debugger.eval","version":"1"},"event":{"count":1,"data":{"created":1584058789065},"id":"registered"}}
{"recorder_version":"20","session":"0f71f8e73ab7","build":"192.5728.98","bucket":"213","time":1584058789057,"group":{"id":"build.maven.actions","version":"1"},"event":{"count":1,"data":{"created":1584058789065},"id":"registered"}}
{"recorder_version":"20","session":"0f71f8e73ab7","build":"192.5728.98","bucket":"213","time":1584058789057,"group":{"id":"ui.event","version":"1"},"event":{"count":1,"data":{"created":1584058789065},"id":"registered"}}
{"recorder_version":"20","session":"0f71f8e73ab7","build":"192.5728.98","bucket":"213","time":1584058789057,"group":{"id":"new.project.wizard","version":"1"},"event":{"count":1,"data":{"created":1584058789065},"id":"registered"}}
{"recorder_version":"20","session":"0f71f8e73ab7","build":"192.5728.98","bucket":"213","time":1584058789057,"group":{"id":"kotlin.ide.npwizards","version":"1"},"event":{"count":1,"data":{"created":1584058789065},"id":"registered"}}
{"recorder_version":"20","session":"0f71f8e73ab7","build":"192.5728.98","bucket":"213","time":1584058789057,"group":{"id":"intentions","version":"20"},"event":{"count":1,"data":{"created":1584058789066},"id":"registered"}}
{"recorder_version":"20","session":"0f71f8e73ab7","build":"192.5728.98","bucket":"213","time":1584058789057,"group":{"id":"ui.dialogs","version":"20"},"event":{"count":1,"data":{"created":1584058789066},"id":"registered"}}
{"recorder_version":"20","session":"0f71f8e73ab7","build":"192.5728.98","bucket":"213","time":1584058789057,"group":{"id":"vcs.back.forward.trigger","version":"1"},"event":{"count":1,"data":{"created":1584058789066},"id":"registered"}}
{"recorder_version":"20","session":"0f71f8e73ab7","build":"192.5728.98","bucket":"213","time":1584058789057,"group":{"id":"vcs.change.reminder","version":"1"},"event":{"count":1,"data":{"created":1584058789066},"id":"registered"}}
{"recorder_version":"20","session":"0f71f8e73ab7","build":"192.5728.98","bucket":"213","time":1584058789057,"group":{"id":"toolbar","version":"20"},"event":{"count":1,"data":{"created":1584058789067},"id":"registered"}}
{"recorder_version":"20","session":"0f71f8e73ab7","build":"192.5728.98","bucket":"213","time":1584058789057,"group":{"id":"build.gradle.actions","version":"1"},"event":{"count":1,"data":{"created":1584058789067},"id":"registered"}}
{"recorder_version":"20","session":"0f71f8e73ab7","build":"192.5728.98","bucket":"213","time":1584058789057,"group":{"id":"kotlin.maven.target","version":"1"},"event":{"count":1,"data":{"created":1584058789067},"id":"registered"}}
{"recorder_version":"20","session":"0f71f8e73ab7","build":"192.5728.98","bucket":"213","time":1584058789057,"group":{"id":"performance","version":"20"},"event":{"count":1,"data":{"created":1584058789067},"id":"registered"}}
{"recorder_version":"20","session":"0f71f8e73ab7","build":"192.5728.98","bucket":"213","time":1584058789057,"group":{"id":"searchEverywhere","version":"1"},"event":{"count":1,"data":{"created":1584058789067},"id":"registered"}}
{"recorder_version":"20","session":"0f71f8e73ab7","build":"192.5728.98","bucket":"213","time":1584058789057,"group":{"id":"kotlin.ide.action.refactoring","version":"1"},"event":{"count":1,"data":{"created":1584058789068},"id":"registered"}}
{"recorder_version":"20","session":"0f71f8e73ab7","build":"192.5728.98","bucket":"213","time":1584058789057,"group":{"id":"ui.tips","version":"2"},"event":{"count":1,"data":{"created":1584058789068},"id":"registered"}}
{"recorder_version":"20","session":"0f71f8e73ab7","build":"192.5728.98","bucket":"213","time":1584058789057,"group":{"id":"surround.with","version":"1"},"event":{"count":1,"data":{"created":1584058789068},"id":"registered"}}
{"recorder_version":"20","session":"0f71f8e73ab7","build":"192.5728.98","bucket":"213","time":1584058789057,"group":{"id":"import.old.config","version":"1"},"event":{"count":1,"data":{"created":1584058789069},"id":"registered"}}
{"recorder_version":"20","session":"0f71f8e73ab7","build":"192.5728.98","bucket":"213","time":1584058789057,"group":{"id":"json.schema","version":"1"},"event":{"count":1,"data":{"created":1584058789069},"id":"registered"}}
{"recorder_version":"20","session":"0f71f8e73ab7","build":"192.5728.98","bucket":"213","time":1584058789057,"group":{"id":"kotlin.jps.target","version":"1"},"event":{"count":1,"data":{"created":1584058789069},"id":"registered"}}
{"recorder_version":"20","session":"0f71f8e73ab7","build":"192.5728.98","bucket":"213","time":1584058789057,"group":{"id":"terminalShell","version":"1"},"event":{"count":1,"data":{"created":1584058789070},"id":"registered"}}
{"recorder_version":"20","session":"0f71f8e73ab7","build":"192.5728.98","bucket":"213","time":1584058789057,"group":{"id":"completion.postfix","version":"20"},"event":{"count":1,"data":{"created":1584058789070},"id":"registered"}}
{"recorder_version":"20","session":"0f71f8e73ab7","build":"192.5728.98","bucket":"213","time":1584058789057,"group":{"id":"build.ant.actions","version":"1"},"event":{"count":1,"data":{"created":1584058789070},"id":"registered"}}
{"recorder_version":"20","session":"0f71f8e73ab7","build":"192.5728.98","bucket":"213","time":1584058789057,"group":{"id":"actions","version":"20"},"event":{"count":1,"data":{"created":1584058789070},"id":"registered"}}
{"recorder_version":"20","session":"0f71f8e73ab7","build":"192.5728.98","bucket":"213","time":1584058789057,"group":{"id":"event.log","version":"20"},"event":{"count":1,"data":{"created":1584058789071},"id":"registered"}}
{"recorder_version":"20","session":"0f71f8e73ab7","build":"192.5728.98","bucket":"213","time":1584058789057,"group":{"id":"run.configuration.exec","version":"20"},"event":{"count":1,"data":{"created":1584058789071},"id":"registered"}}
{"recorder_version":"20","session":"0f71f8e73ab7","build":"192.5728.98","bucket":"213","time":1584058789057,"group":{"id":"build.maven.packagesearch","version":"2"},"event":{"count":1,"data":{"created":1584058789071},"id":"registered"}}
{"recorder_version":"20","session":"0f71f8e73ab7","build":"192.5728.98","bucket":"213","time":1584058790705,"group":{"id":"performance","version":"20"},"event":{"count":1,"data":{"duration_ms":0,"created":1584058790705},"id":"ui.latency"}}
{"recorder_version":"20","session":"0f71f8e73ab7","build":"192.5728.98","bucket":"213","time":1584058890962,"group":{"id":"performance","version":"20"},"event":{"count":1,"data":{"duration_ms":0,"created":1584058890963},"id":"ui.latency"}}
{"recorder_version":"20","session":"0f71f8e73ab7","build":"192.5728.98","bucket":"213","time":1584058897781,"group":{"id":"lifecycle","version":"20"},"event":{"count":1,"data":{"created":1584058897781,"project":"3ac4613ba6df8205a6772f403ddea29cb4b8e6dd420a4b1106d504d4a525f0ed"},"id":"frame.activated"}}
{"recorder_version":"20","session":"0f71f8e73ab7","build":"192.5728.98","bucket":"213","time":1584058899885,"group":{"id":"lifecycle","version":"20"},"event":{"count":1,"data":{"created":1584058899885,"project":"3ac4613ba6df8205a6772f403ddea29cb4b8e6dd420a4b1106d504d4a525f0ed"},"id":"frame.deactivated"}}
{"recorder_version":"20","session":"0f71f8e73ab7","build":"192.5728.98","bucket":"213","time":1584058967785,"group":{"id":"lifecycle","version":"20"},"event":{"count":1,"data":{"created":1584058967786,"project":"3ac4613ba6df8205a6772f403ddea29cb4b8e6dd420a4b1106d504d4a525f0ed"},"id":"frame.activated"}}
