{"recorder_version":"20","session":"b5067c079e56","build":"192.5728.98","bucket":"213","time":1584057269341,"group":{"id":"settings","version":"4"},"event":{"state":true,"data":{"component":"NotRoamableUiSettings","created":1584057269642},"id":"invoked"}}
{"recorder_version":"20","session":"b5067c079e56","build":"192.5728.98","bucket":"213","time":1584057269345,"group":{"id":"system.java","version":"1"},"event":{"state":true,"data":{"created":1584057269647,"version":"validation.undefined_rule"},"id":"validation.undefined_rule"}}
{"recorder_version":"20","session":"b5067c079e56","build":"192.5728.98","bucket":"213","time":1584057269345,"group":{"id":"system.java","version":"1"},"event":{"state":true,"data":{"created":1584057269669},"id":"invoked"}}
{"recorder_version":"20","session":"b5067c079e56","build":"192.5728.98","bucket":"213","time":1584057269347,"group":{"id":"settings","version":"4"},"event":{"state":true,"data":{"component":"UISettings","created":1584057269671},"id":"invoked"}}
{"recorder_version":"20","session":"b5067c079e56","build":"192.5728.98","bucket":"213","time":1584057269392,"group":{"id":"system.os","version":"3"},"event":{"state":true,"data":{"created":1584057269673,"version":"10.14"},"id":"Mac"}}
{"recorder_version":"20","session":"b5067c079e56","build":"192.5728.98","bucket":"213","time":1584057269392,"group":{"id":"system.os","version":"3"},"event":{"state":true,"data":{"created":1584057269674,"name":"Mac","version":"10.14"},"id":"os.name"}}
{"recorder_version":"20","session":"b5067c079e56","build":"192.5728.98","bucket":"213","time":1584057269392,"group":{"id":"system.os","version":"3"},"event":{"state":true,"data":{"created":1584057269676,"value":"-05_00"},"id":"os.timezone"}}
{"recorder_version":"20","session":"b5067c079e56","build":"192.5728.98","bucket":"213","time":1584057269392,"group":{"id":"system.os","version":"3"},"event":{"state":true,"data":{"created":1584057269678},"id":"invoked"}}
{"recorder_version":"20","session":"b5067c079e56","build":"192.5728.98","bucket":"213","time":1584057269641,"group":{"id":"event.log","version":"20"},"event":{"count":1,"data":{"created":1584057269681,"version":"1156.0"},"id":"whitelist.loaded"}}
{"recorder_version":"20","session":"b5067c079e56","build":"192.5728.98","bucket":"213","time":1584057273746,"group":{"id":"settings","version":"4"},"event":{"state":true,"data":{"component":"UpdatesConfigurable","created":1584057273746,"name":"checkNeeded","type":"bool","value":false},"id":"not.default"}}
{"recorder_version":"20","session":"b5067c079e56","build":"192.5728.98","bucket":"213","time":1584057273746,"group":{"id":"settings","version":"4"},"event":{"state":true,"data":{"component":"UpdatesConfigurable","created":1584057273747},"id":"invoked"}}
{"recorder_version":"20","session":"b5067c079e56","build":"192.5728.98","bucket":"213","time":1584057274306,"group":{"id":"settings","version":"4"},"event":{"state":true,"data":{"component":"GeneralSettings","created":1584057274306,"name":"showTipsOnStartup","type":"bool","value":false},"id":"not.default"}}
{"recorder_version":"20","session":"b5067c079e56","build":"192.5728.98","bucket":"213","time":1584057274306,"group":{"id":"settings","version":"4"},"event":{"state":true,"data":{"component":"GeneralSettings","created":1584057274309},"id":"invoked"}}
{"recorder_version":"20","session":"b5067c079e56","build":"192.5728.98","bucket":"213","time":1584057274321,"group":{"id":"lifecycle","version":"20"},"event":{"count":1,"data":{"internal":true,"eap":false,"created":1584057274321},"id":"ide.start"}}
{"recorder_version":"20","session":"b5067c079e56","build":"192.5728.98","bucket":"213","time":1584057274961,"group":{"id":"lifecycle","version":"20"},"event":{"count":1,"data":{"created":1584057274962},"id":"frame.activated"}}
{"recorder_version":"20","session":"b5067c079e56","build":"192.5728.98","bucket":"213","time":1584057274975,"group":{"id":"performance","version":"20"},"event":{"count":1,"data":{"duration_ms":1628,"created":1584057274976},"id":"ui.latency"}}
{"recorder_version":"20","session":"b5067c079e56","build":"192.5728.98","bucket":"213","time":1584057274975,"group":{"id":"performance","version":"20"},"event":{"count":1,"data":{"duration_ms":1628,"created":1584057274977},"id":"ui.lagging"}}
{"recorder_version":"20","session":"b5067c079e56","build":"192.5728.98","bucket":"213","time":1584057275178,"group":{"id":"performance","version":"20"},"event":{"count":1,"data":{"duration_ms":827,"created":1584057275178},"id":"ui.lagging"}}
{"recorder_version":"20","session":"b5067c079e56","build":"192.5728.98","bucket":"213","time":1584057275633,"group":{"id":"ui.dialogs","version":"20"},"event":{"count":1,"data":{"created":1584057275636,"plugin_type":"PLATFORM","type":"show"},"id":"com.intellij.openapi.progress.util.ProgressDialog$MyDialogWrapper"}}
{"recorder_version":"20","session":"b5067c079e56","build":"192.5728.98","bucket":"213","time":1584057278408,"group":{"id":"lifecycle","version":"20"},"event":{"count":1,"data":{"created":1584057278409,"project":"3ac4613ba6df8205a6772f403ddea29cb4b8e6dd420a4b1106d504d4a525f0ed"},"id":"project.opened"}}
{"recorder_version":"20","session":"b5067c079e56","build":"192.5728.98","bucket":"213","time":1584057279668,"group":{"id":"performance","version":"20"},"event":{"count":1,"data":{"duration_ms":311,"created":1584057279669},"id":"ui.lagging"}}
{"recorder_version":"20","session":"b5067c079e56","build":"192.5728.98","bucket":"213","time":1584057281247,"group":{"id":"settings","version":"4"},"event":{"state":true,"data":{"component":"XmlEditorOptions","created":1584057281247},"id":"invoked"}}
{"recorder_version":"20","session":"b5067c079e56","build":"192.5728.98","bucket":"213","time":1584057281329,"group":{"id":"performance","version":"20"},"event":{"count":1,"data":{"duration_ms":969,"created":1584057281330},"id":"ui.lagging"}}
{"recorder_version":"20","session":"b5067c079e56","build":"192.5728.98","bucket":"213","time":1584057281462,"group":{"id":"performance","version":"20"},"event":{"count":1,"data":{"duration_ms":101,"created":1584057281462},"id":"ui.lagging"}}
{"recorder_version":"20","session":"b5067c079e56","build":"192.5728.98","bucket":"213","time":1584057283377,"group":{"id":"toolwindow","version":"20"},"event":{"count":1,"data":{"os":"Mac","created":1584057283380,"plugin_type":"NOT_LISTED"},"id":"third.party"}}
{"recorder_version":"20","session":"b5067c079e56","build":"192.5728.98","bucket":"213","time":1584057284471,"group":{"id":"performance","version":"20"},"event":{"count":1,"data":{"duration_ms":1107,"created":1584057284471},"id":"ui.lagging"}}
{"recorder_version":"20","session":"b5067c079e56","build":"192.5728.98","bucket":"213","time":1584057284489,"group":{"id":"performance","version":"20"},"event":{"count":1,"data":{"duration_ms":123,"created":1584057284490},"id":"ui.lagging"}}
{"recorder_version":"20","session":"b5067c079e56","build":"192.5728.98","bucket":"213","time":1584057286470,"group":{"id":"performance","version":"20"},"event":{"count":1,"data":{"duration_ms":102,"created":1584057286470},"id":"ui.lagging"}}
{"recorder_version":"20","session":"b5067c079e56","build":"192.5728.98","bucket":"213","time":1584057287548,"group":{"id":"performance","version":"20"},"event":{"count":1,"data":{"duration_ms":154,"created":1584057287548},"id":"ui.lagging"}}
{"recorder_version":"20","session":"b5067c079e56","build":"192.5728.98","bucket":"213","time":1584057289347,"group":{"id":"project.fs","version":"1"},"event":{"state":true,"data":{"os":"Mac","cs-project":false,"created":1584057289347,"project":"3ac4613ba6df8205a6772f403ddea29cb4b8e6dd420a4b1106d504d4a525f0ed","cs-implicit":true,"cs-system":false},"id":"case-sensitivity"}}
{"recorder_version":"20","session":"b5067c079e56","build":"192.5728.98","bucket":"213","time":1584057289347,"group":{"id":"project.fs","version":"1"},"event":{"state":true,"data":{"created":1584057289347},"id":"invoked"}}
{"recorder_version":"20","session":"b5067c079e56","build":"192.5728.98","bucket":"213","time":1584057289348,"group":{"id":"project.fs","version":"1"},"event":{"state":true,"data":{"pct-non-watched":0,"created":1584057289348,"project":"3ac4613ba6df8205a6772f403ddea29cb4b8e6dd420a4b1106d504d4a525f0ed"},"id":"roots-watched"}}
{"recorder_version":"20","session":"b5067c079e56","build":"192.5728.98","bucket":"213","time":1584057289348,"group":{"id":"project.fs","version":"1"},"event":{"state":true,"data":{"created":1584057289349},"id":"invoked"}}
{"recorder_version":"20","session":"b5067c079e56","build":"192.5728.98","bucket":"213","time":1584057289560,"group":{"id":"ui.dialogs","version":"20"},"event":{"count":1,"data":{"code":1,"created":1584057289560,"plugin_type":"PLATFORM","type":"close"},"id":"com.intellij.openapi.progress.util.ProgressDialog$MyDialogWrapper"}}
{"recorder_version":"20","session":"b5067c079e56","build":"192.5728.98","bucket":"213","time":1584057290019,"group":{"id":"lifecycle","version":"20"},"event":{"count":1,"data":{"duration_ms":14595,"created":1584057290020,"project":"3ac4613ba6df8205a6772f403ddea29cb4b8e6dd420a4b1106d504d4a525f0ed"},"id":"project.opening.finished"}}
{"recorder_version":"20","session":"b5067c079e56","build":"192.5728.98","bucket":"213","time":1584057290630,"group":{"id":"performance","version":"20"},"event":{"count":1,"data":{"duration_ms":232,"created":1584057290630},"id":"ui.lagging"}}
{"recorder_version":"20","session":"b5067c079e56","build":"192.5728.98","bucket":"213","time":1584057291593,"group":{"id":"performance","version":"20"},"event":{"count":1,"data":{"duration_ms":194,"created":1584057291593},"id":"ui.lagging"}}
{"recorder_version":"20","session":"b5067c079e56","build":"192.5728.98","bucket":"213","time":1584057306385,"group":{"id":"lifecycle","version":"20"},"event":{"count":1,"data":{"created":1584057306385,"project":"3ac4613ba6df8205a6772f403ddea29cb4b8e6dd420a4b1106d504d4a525f0ed"},"id":"frame.deactivated"}}
{"recorder_version":"20","session":"b5067c079e56","build":"192.5728.98","bucket":"213","time":1584057306577,"group":{"id":"performance","version":"20"},"event":{"count":1,"data":{"duration_ms":131,"created":1584057306577},"id":"ui.lagging"}}
{"recorder_version":"20","session":"b5067c079e56","build":"192.5728.98","bucket":"213","time":1584057312420,"group":{"id":"lifecycle","version":"20"},"event":{"count":1,"data":{"created":1584057312420,"project":"3ac4613ba6df8205a6772f403ddea29cb4b8e6dd420a4b1106d504d4a525f0ed"},"id":"frame.activated"}}
{"recorder_version":"20","session":"b5067c079e56","build":"192.5728.98","bucket":"213","time":1584057326033,"group":{"id":"actions","version":"20"},"event":{"count":2,"data":{"context_menu":false,"last":1584057326203,"created":1584057326033,"plugin_type":"PLATFORM","project":"3ac4613ba6df8205a6772f403ddea29cb4b8e6dd420a4b1106d504d4a525f0ed","place":"keyboard_shortcut","class":"com.intellij.openapi.editor.actions.BackspaceAction","input_event":"Backspace"},"id":"EditorBackSpace"}}
{"recorder_version":"20","session":"b5067c079e56","build":"192.5728.98","bucket":"213","time":1584057331246,"group":{"id":"lifecycle","version":"20"},"event":{"count":1,"data":{"created":1584057331248,"project":"3ac4613ba6df8205a6772f403ddea29cb4b8e6dd420a4b1106d504d4a525f0ed"},"id":"frame.deactivated"}}
{"recorder_version":"20","session":"b5067c079e56","build":"192.5728.98","bucket":"213","time":1584057336485,"group":{"id":"lifecycle","version":"20"},"event":{"count":1,"data":{"created":1584057336486,"project":"3ac4613ba6df8205a6772f403ddea29cb4b8e6dd420a4b1106d504d4a525f0ed"},"id":"frame.activated"}}
{"recorder_version":"20","session":"b5067c079e56","build":"192.5728.98","bucket":"213","time":1584057341768,"group":{"id":"lifecycle","version":"20"},"event":{"count":1,"data":{"created":1584057341768,"project":"3ac4613ba6df8205a6772f403ddea29cb4b8e6dd420a4b1106d504d4a525f0ed"},"id":"frame.deactivated"}}
{"recorder_version":"20","session":"b5067c079e56","build":"192.5728.98","bucket":"213","time":1584057349271,"group":{"id":"lifecycle","version":"20"},"event":{"count":1,"data":{"created":1584057349274,"project":"3ac4613ba6df8205a6772f403ddea29cb4b8e6dd420a4b1106d504d4a525f0ed"},"id":"frame.activated"}}
{"recorder_version":"20","session":"b5067c079e56","build":"192.5728.98","bucket":"213","time":1584057355074,"group":{"id":"lifecycle","version":"20"},"event":{"count":1,"data":{"created":1584057355076,"project":"3ac4613ba6df8205a6772f403ddea29cb4b8e6dd420a4b1106d504d4a525f0ed"},"id":"frame.deactivated"}}
