{"recorder_version":"20","session":"0845a43c542f","build":"192.5728.98","bucket":"213","time":1584058422399,"group":{"id":"settings","version":"4"},"event":{"state":true,"data":{"component":"NotRoamableUiSettings","created":1584058422748},"id":"invoked"}}
{"recorder_version":"20","session":"0845a43c542f","build":"192.5728.98","bucket":"213","time":1584058422402,"group":{"id":"system.java","version":"1"},"event":{"state":true,"data":{"created":1584058422751,"version":"validation.undefined_rule"},"id":"validation.undefined_rule"}}
{"recorder_version":"20","session":"0845a43c542f","build":"192.5728.98","bucket":"213","time":1584058422402,"group":{"id":"system.java","version":"1"},"event":{"state":true,"data":{"created":1584058422772},"id":"invoked"}}
{"recorder_version":"20","session":"0845a43c542f","build":"192.5728.98","bucket":"213","time":1584058422405,"group":{"id":"settings","version":"4"},"event":{"state":true,"data":{"component":"UISettings","created":1584058422789},"id":"invoked"}}
{"recorder_version":"20","session":"0845a43c542f","build":"192.5728.98","bucket":"213","time":1584058422442,"group":{"id":"system.os","version":"3"},"event":{"state":true,"data":{"created":1584058422791,"version":"10.14"},"id":"Mac"}}
{"recorder_version":"20","session":"0845a43c542f","build":"192.5728.98","bucket":"213","time":1584058422442,"group":{"id":"system.os","version":"3"},"event":{"state":true,"data":{"created":1584058422793,"name":"Mac","version":"10.14"},"id":"os.name"}}
{"recorder_version":"20","session":"0845a43c542f","build":"192.5728.98","bucket":"213","time":1584058422442,"group":{"id":"system.os","version":"3"},"event":{"state":true,"data":{"created":1584058422795,"value":"-05_00"},"id":"os.timezone"}}
{"recorder_version":"20","session":"0845a43c542f","build":"192.5728.98","bucket":"213","time":1584058422442,"group":{"id":"system.os","version":"3"},"event":{"state":true,"data":{"created":1584058422796},"id":"invoked"}}
{"recorder_version":"20","session":"0845a43c542f","build":"192.5728.98","bucket":"213","time":1584058422747,"group":{"id":"event.log","version":"20"},"event":{"count":1,"data":{"created":1584058422798,"version":"1156.0"},"id":"whitelist.loaded"}}
{"recorder_version":"20","session":"0845a43c542f","build":"192.5728.98","bucket":"213","time":1584058425871,"group":{"id":"settings","version":"4"},"event":{"state":true,"data":{"component":"UpdatesConfigurable","created":1584058425871,"name":"checkNeeded","type":"bool","value":false},"id":"not.default"}}
{"recorder_version":"20","session":"0845a43c542f","build":"192.5728.98","bucket":"213","time":1584058425871,"group":{"id":"settings","version":"4"},"event":{"state":true,"data":{"component":"UpdatesConfigurable","created":1584058425872},"id":"invoked"}}
{"recorder_version":"20","session":"0845a43c542f","build":"192.5728.98","bucket":"213","time":1584058426165,"group":{"id":"settings","version":"4"},"event":{"state":true,"data":{"component":"GeneralSettings","created":1584058426165,"name":"showTipsOnStartup","type":"bool","value":false},"id":"not.default"}}
{"recorder_version":"20","session":"0845a43c542f","build":"192.5728.98","bucket":"213","time":1584058426165,"group":{"id":"settings","version":"4"},"event":{"state":true,"data":{"component":"GeneralSettings","created":1584058426175},"id":"invoked"}}
{"recorder_version":"20","session":"0845a43c542f","build":"192.5728.98","bucket":"213","time":1584058426176,"group":{"id":"lifecycle","version":"20"},"event":{"count":1,"data":{"internal":true,"eap":false,"created":1584058426177},"id":"ide.start"}}
{"recorder_version":"20","session":"0845a43c542f","build":"192.5728.98","bucket":"213","time":1584058426758,"group":{"id":"lifecycle","version":"20"},"event":{"count":1,"data":{"created":1584058426758},"id":"frame.activated"}}
{"recorder_version":"20","session":"0845a43c542f","build":"192.5728.98","bucket":"213","time":1584058427077,"group":{"id":"performance","version":"20"},"event":{"count":1,"data":{"duration_ms":1113,"created":1584058427077},"id":"ui.latency"}}
{"recorder_version":"20","session":"0845a43c542f","build":"192.5728.98","bucket":"213","time":1584058427077,"group":{"id":"performance","version":"20"},"event":{"count":1,"data":{"duration_ms":1113,"created":1584058427078},"id":"ui.lagging"}}
{"recorder_version":"20","session":"0845a43c542f","build":"192.5728.98","bucket":"213","time":1584058427149,"group":{"id":"performance","version":"20"},"event":{"count":1,"data":{"duration_ms":185,"created":1584058427150},"id":"ui.lagging"}}
{"recorder_version":"20","session":"0845a43c542f","build":"192.5728.98","bucket":"213","time":1584058427508,"group":{"id":"ui.dialogs","version":"20"},"event":{"count":1,"data":{"created":1584058427511,"plugin_type":"PLATFORM","type":"show"},"id":"com.intellij.openapi.progress.util.ProgressDialog$MyDialogWrapper"}}
{"recorder_version":"20","session":"0845a43c542f","build":"192.5728.98","bucket":"213","time":1584058429968,"group":{"id":"lifecycle","version":"20"},"event":{"count":1,"data":{"created":1584058429968,"project":"3ac4613ba6df8205a6772f403ddea29cb4b8e6dd420a4b1106d504d4a525f0ed"},"id":"project.opened"}}
{"recorder_version":"20","session":"0845a43c542f","build":"192.5728.98","bucket":"213","time":1584058431185,"group":{"id":"performance","version":"20"},"event":{"count":1,"data":{"duration_ms":1214,"created":1584058431186},"id":"ui.lagging"}}
{"recorder_version":"20","session":"0845a43c542f","build":"192.5728.98","bucket":"213","time":1584058431291,"group":{"id":"performance","version":"20"},"event":{"count":1,"data":{"duration_ms":318,"created":1584058431292},"id":"ui.lagging"}}
{"recorder_version":"20","session":"0845a43c542f","build":"192.5728.98","bucket":"213","time":1584058432966,"group":{"id":"settings","version":"4"},"event":{"state":true,"data":{"component":"XmlEditorOptions","created":1584058432966},"id":"invoked"}}
{"recorder_version":"20","session":"0845a43c542f","build":"192.5728.98","bucket":"213","time":1584058433002,"group":{"id":"performance","version":"20"},"event":{"count":1,"data":{"duration_ms":1009,"created":1584058433002},"id":"ui.lagging"}}
{"recorder_version":"20","session":"0845a43c542f","build":"192.5728.98","bucket":"213","time":1584058435089,"group":{"id":"toolwindow","version":"20"},"event":{"count":1,"data":{"os":"Mac","created":1584058435094,"plugin_type":"NOT_LISTED"},"id":"third.party"}}
{"recorder_version":"20","session":"0845a43c542f","build":"192.5728.98","bucket":"213","time":1584058436105,"group":{"id":"performance","version":"20"},"event":{"count":1,"data":{"duration_ms":1103,"created":1584058436105},"id":"ui.lagging"}}
{"recorder_version":"20","session":"0845a43c542f","build":"192.5728.98","bucket":"213","time":1584058436185,"group":{"id":"performance","version":"20"},"event":{"count":1,"data":{"duration_ms":176,"created":1584058436185},"id":"ui.lagging"}}
{"recorder_version":"20","session":"0845a43c542f","build":"192.5728.98","bucket":"213","time":1584058438190,"group":{"id":"performance","version":"20"},"event":{"count":1,"data":{"duration_ms":180,"created":1584058438190},"id":"ui.lagging"}}
{"recorder_version":"20","session":"0845a43c542f","build":"192.5728.98","bucket":"213","time":1584058440909,"group":{"id":"project.fs","version":"1"},"event":{"state":true,"data":{"os":"Mac","cs-project":false,"created":1584058440909,"project":"3ac4613ba6df8205a6772f403ddea29cb4b8e6dd420a4b1106d504d4a525f0ed","cs-implicit":true,"cs-system":false},"id":"case-sensitivity"}}
{"recorder_version":"20","session":"0845a43c542f","build":"192.5728.98","bucket":"213","time":1584058440909,"group":{"id":"project.fs","version":"1"},"event":{"state":true,"data":{"created":1584058440912},"id":"invoked"}}
{"recorder_version":"20","session":"0845a43c542f","build":"192.5728.98","bucket":"213","time":1584058440910,"group":{"id":"project.fs","version":"1"},"event":{"state":true,"data":{"pct-non-watched":0,"created":1584058440913,"project":"3ac4613ba6df8205a6772f403ddea29cb4b8e6dd420a4b1106d504d4a525f0ed"},"id":"roots-watched"}}
{"recorder_version":"20","session":"0845a43c542f","build":"192.5728.98","bucket":"213","time":1584058440910,"group":{"id":"project.fs","version":"1"},"event":{"state":true,"data":{"created":1584058440913},"id":"invoked"}}
{"recorder_version":"20","session":"0845a43c542f","build":"192.5728.98","bucket":"213","time":1584058441072,"group":{"id":"ui.dialogs","version":"20"},"event":{"count":1,"data":{"code":1,"created":1584058441073,"plugin_type":"PLATFORM","type":"close"},"id":"com.intellij.openapi.progress.util.ProgressDialog$MyDialogWrapper"}}
{"recorder_version":"20","session":"0845a43c542f","build":"192.5728.98","bucket":"213","time":1584058441605,"group":{"id":"lifecycle","version":"20"},"event":{"count":1,"data":{"duration_ms":14304,"created":1584058441606,"project":"3ac4613ba6df8205a6772f403ddea29cb4b8e6dd420a4b1106d504d4a525f0ed"},"id":"project.opening.finished"}}
{"recorder_version":"20","session":"0845a43c542f","build":"192.5728.98","bucket":"213","time":1584058442319,"group":{"id":"performance","version":"20"},"event":{"count":1,"data":{"duration_ms":296,"created":1584058442319},"id":"ui.lagging"}}
