{"recorder_version":"20","session":"1bf3cfd91ed8","build":"192.5728.98","bucket":"213","time":1584059464261,"group":{"id":"system.java","version":"1"},"event":{"state":true,"data":{"created":1584059464565,"version":"validation.undefined_rule"},"id":"validation.undefined_rule"}}
{"recorder_version":"20","session":"1bf3cfd91ed8","build":"192.5728.98","bucket":"213","time":1584059464263,"group":{"id":"system.java","version":"1"},"event":{"state":true,"data":{"created":1584059464569},"id":"invoked"}}
{"recorder_version":"20","session":"1bf3cfd91ed8","build":"192.5728.98","bucket":"213","time":1584059464263,"group":{"id":"settings","version":"4"},"event":{"state":true,"data":{"component":"NotRoamableUiSettings","created":1584059464579},"id":"invoked"}}
{"recorder_version":"20","session":"1bf3cfd91ed8","build":"192.5728.98","bucket":"213","time":1584059464281,"group":{"id":"settings","version":"4"},"event":{"state":true,"data":{"component":"UISettings","created":1584059464581},"id":"invoked"}}
{"recorder_version":"20","session":"1bf3cfd91ed8","build":"192.5728.98","bucket":"213","time":1584059464324,"group":{"id":"system.os","version":"3"},"event":{"state":true,"data":{"created":1584059464583,"version":"10.14"},"id":"Mac"}}
{"recorder_version":"20","session":"1bf3cfd91ed8","build":"192.5728.98","bucket":"213","time":1584059464324,"group":{"id":"system.os","version":"3"},"event":{"state":true,"data":{"created":1584059464585,"name":"Mac","version":"10.14"},"id":"os.name"}}
{"recorder_version":"20","session":"1bf3cfd91ed8","build":"192.5728.98","bucket":"213","time":1584059464324,"group":{"id":"system.os","version":"3"},"event":{"state":true,"data":{"created":1584059464586,"value":"-05_00"},"id":"os.timezone"}}
{"recorder_version":"20","session":"1bf3cfd91ed8","build":"192.5728.98","bucket":"213","time":1584059464324,"group":{"id":"system.os","version":"3"},"event":{"state":true,"data":{"created":1584059464587},"id":"invoked"}}
{"recorder_version":"20","session":"1bf3cfd91ed8","build":"192.5728.98","bucket":"213","time":1584059464565,"group":{"id":"event.log","version":"20"},"event":{"count":1,"data":{"created":1584059464588,"version":"1156.0"},"id":"whitelist.loaded"}}
{"recorder_version":"20","session":"1bf3cfd91ed8","build":"192.5728.98","bucket":"213","time":1584059468682,"group":{"id":"settings","version":"4"},"event":{"state":true,"data":{"component":"UpdatesConfigurable","created":1584059468682,"name":"checkNeeded","type":"bool","value":false},"id":"not.default"}}
{"recorder_version":"20","session":"1bf3cfd91ed8","build":"192.5728.98","bucket":"213","time":1584059468682,"group":{"id":"settings","version":"4"},"event":{"state":true,"data":{"component":"UpdatesConfigurable","created":1584059468684},"id":"invoked"}}
{"recorder_version":"20","session":"1bf3cfd91ed8","build":"192.5728.98","bucket":"213","time":1584059469065,"group":{"id":"settings","version":"4"},"event":{"state":true,"data":{"component":"GeneralSettings","created":1584059469066,"name":"showTipsOnStartup","type":"bool","value":false},"id":"not.default"}}
{"recorder_version":"20","session":"1bf3cfd91ed8","build":"192.5728.98","bucket":"213","time":1584059469066,"group":{"id":"settings","version":"4"},"event":{"state":true,"data":{"component":"GeneralSettings","created":1584059469067},"id":"invoked"}}
{"recorder_version":"20","session":"1bf3cfd91ed8","build":"192.5728.98","bucket":"213","time":1584059469089,"group":{"id":"lifecycle","version":"20"},"event":{"count":1,"data":{"internal":true,"eap":false,"created":1584059469089},"id":"ide.start"}}
{"recorder_version":"20","session":"1bf3cfd91ed8","build":"192.5728.98","bucket":"213","time":1584059469720,"group":{"id":"performance","version":"20"},"event":{"count":1,"data":{"duration_ms":1139,"created":1584059469720},"id":"ui.latency"}}
{"recorder_version":"20","session":"1bf3cfd91ed8","build":"192.5728.98","bucket":"213","time":1584059469720,"group":{"id":"performance","version":"20"},"event":{"count":1,"data":{"duration_ms":1139,"created":1584059469721},"id":"ui.lagging"}}
{"recorder_version":"20","session":"1bf3cfd91ed8","build":"192.5728.98","bucket":"213","time":1584059470117,"group":{"id":"lifecycle","version":"20"},"event":{"count":1,"data":{"created":1584059470118},"id":"frame.activated"}}
{"recorder_version":"20","session":"1bf3cfd91ed8","build":"192.5728.98","bucket":"213","time":1584059470240,"group":{"id":"performance","version":"20"},"event":{"count":1,"data":{"duration_ms":657,"created":1584059470241},"id":"ui.lagging"}}
{"recorder_version":"20","session":"1bf3cfd91ed8","build":"192.5728.98","bucket":"213","time":1584059470632,"group":{"id":"ui.dialogs","version":"20"},"event":{"count":1,"data":{"created":1584059470635,"plugin_type":"PLATFORM","type":"show"},"id":"com.intellij.openapi.progress.util.ProgressDialog$MyDialogWrapper"}}
{"recorder_version":"20","session":"1bf3cfd91ed8","build":"192.5728.98","bucket":"213","time":1584059470807,"group":{"id":"performance","version":"20"},"event":{"count":1,"data":{"duration_ms":219,"created":1584059470807},"id":"ui.lagging"}}
{"recorder_version":"20","session":"1bf3cfd91ed8","build":"192.5728.98","bucket":"213","time":1584059470949,"group":{"id":"lifecycle","version":"20"},"event":{"count":1,"data":{"created":1584059470950},"id":"frame.deactivated"}}
{"recorder_version":"20","session":"1bf3cfd91ed8","build":"192.5728.98","bucket":"213","time":1584059472539,"group":{"id":"lifecycle","version":"20"},"event":{"count":1,"data":{"created":1584059472540},"id":"frame.activated"}}
{"recorder_version":"20","session":"1bf3cfd91ed8","build":"192.5728.98","bucket":"213","time":1584059473732,"group":{"id":"lifecycle","version":"20"},"event":{"count":1,"data":{"created":1584059473732,"project":"3ac4613ba6df8205a6772f403ddea29cb4b8e6dd420a4b1106d504d4a525f0ed"},"id":"project.opened"}}
{"recorder_version":"20","session":"1bf3cfd91ed8","build":"192.5728.98","bucket":"213","time":1584059475035,"group":{"id":"performance","version":"20"},"event":{"count":1,"data":{"duration_ms":444,"created":1584059475035},"id":"ui.lagging"}}
{"recorder_version":"20","session":"1bf3cfd91ed8","build":"192.5728.98","bucket":"213","time":1584059476544,"group":{"id":"settings","version":"4"},"event":{"state":true,"data":{"component":"XmlEditorOptions","created":1584059476544},"id":"invoked"}}
{"recorder_version":"20","session":"1bf3cfd91ed8","build":"192.5728.98","bucket":"213","time":1584059476585,"group":{"id":"performance","version":"20"},"event":{"count":1,"data":{"duration_ms":994,"created":1584059476586},"id":"ui.lagging"}}
{"recorder_version":"20","session":"1bf3cfd91ed8","build":"192.5728.98","bucket":"213","time":1584059478543,"group":{"id":"toolwindow","version":"20"},"event":{"count":1,"data":{"os":"Mac","created":1584059478549,"plugin_type":"NOT_LISTED"},"id":"third.party"}}
{"recorder_version":"20","session":"1bf3cfd91ed8","build":"192.5728.98","bucket":"213","time":1584059479473,"group":{"id":"performance","version":"20"},"event":{"count":1,"data":{"duration_ms":879,"created":1584059479473},"id":"ui.lagging"}}
{"recorder_version":"20","session":"1bf3cfd91ed8","build":"192.5728.98","bucket":"213","time":1584059480206,"group":{"id":"performance","version":"20"},"event":{"count":1,"data":{"duration_ms":611,"created":1584059480206},"id":"ui.lagging"}}
{"recorder_version":"20","session":"1bf3cfd91ed8","build":"192.5728.98","bucket":"213","time":1584059481760,"group":{"id":"performance","version":"20"},"event":{"count":1,"data":{"duration_ms":132,"created":1584059481762},"id":"ui.lagging"}}
{"recorder_version":"20","session":"1bf3cfd91ed8","build":"192.5728.98","bucket":"213","time":1584059484307,"group":{"id":"project.fs","version":"1"},"event":{"state":true,"data":{"os":"Mac","cs-project":false,"created":1584059484307,"project":"3ac4613ba6df8205a6772f403ddea29cb4b8e6dd420a4b1106d504d4a525f0ed","cs-implicit":true,"cs-system":false},"id":"case-sensitivity"}}
{"recorder_version":"20","session":"1bf3cfd91ed8","build":"192.5728.98","bucket":"213","time":1584059484307,"group":{"id":"project.fs","version":"1"},"event":{"state":true,"data":{"created":1584059484309},"id":"invoked"}}
{"recorder_version":"20","session":"1bf3cfd91ed8","build":"192.5728.98","bucket":"213","time":1584059484308,"group":{"id":"project.fs","version":"1"},"event":{"state":true,"data":{"pct-non-watched":0,"created":1584059484310,"project":"3ac4613ba6df8205a6772f403ddea29cb4b8e6dd420a4b1106d504d4a525f0ed"},"id":"roots-watched"}}
{"recorder_version":"20","session":"1bf3cfd91ed8","build":"192.5728.98","bucket":"213","time":1584059484308,"group":{"id":"project.fs","version":"1"},"event":{"state":true,"data":{"created":1584059484310},"id":"invoked"}}
{"recorder_version":"20","session":"1bf3cfd91ed8","build":"192.5728.98","bucket":"213","time":1584059484453,"group":{"id":"ui.dialogs","version":"20"},"event":{"count":1,"data":{"code":1,"created":1584059484453,"plugin_type":"PLATFORM","type":"close"},"id":"com.intellij.openapi.progress.util.ProgressDialog$MyDialogWrapper"}}
{"recorder_version":"20","session":"1bf3cfd91ed8","build":"192.5728.98","bucket":"213","time":1584059484927,"group":{"id":"lifecycle","version":"20"},"event":{"count":1,"data":{"duration_ms":14520,"created":1584059484927,"project":"3ac4613ba6df8205a6772f403ddea29cb4b8e6dd420a4b1106d504d4a525f0ed"},"id":"project.opening.finished"}}
{"recorder_version":"20","session":"1bf3cfd91ed8","build":"192.5728.98","bucket":"213","time":1584059507665,"group":{"id":"lifecycle","version":"20"},"event":{"count":1,"data":{"created":1584059507668,"project":"3ac4613ba6df8205a6772f403ddea29cb4b8e6dd420a4b1106d504d4a525f0ed"},"id":"frame.deactivated"}}
{"recorder_version":"20","session":"1bf3cfd91ed8","build":"192.5728.98","bucket":"213","time":1584059507879,"group":{"id":"performance","version":"20"},"event":{"count":1,"data":{"duration_ms":183,"created":1584059507881},"id":"ui.lagging"}}
{"recorder_version":"20","session":"1bf3cfd91ed8","build":"192.5728.98","bucket":"213","time":1584059525765,"group":{"id":"lifecycle","version":"20"},"event":{"count":1,"data":{"created":1584059525767,"project":"3ac4613ba6df8205a6772f403ddea29cb4b8e6dd420a4b1106d504d4a525f0ed"},"id":"frame.activated"}}
