{"recorder_version":"20","session":"cce63320a402","build":"192.5728.98","bucket":"213","time":1584059547173,"group":{"id":"settings","version":"4"},"event":{"state":true,"data":{"component":"NotRoamableUiSettings","created":1584059547475},"id":"invoked"}}
{"recorder_version":"20","session":"cce63320a402","build":"192.5728.98","bucket":"213","time":1584059547176,"group":{"id":"system.java","version":"1"},"event":{"state":true,"data":{"created":1584059547478,"version":"validation.undefined_rule"},"id":"validation.undefined_rule"}}
{"recorder_version":"20","session":"cce63320a402","build":"192.5728.98","bucket":"213","time":1584059547176,"group":{"id":"system.java","version":"1"},"event":{"state":true,"data":{"created":1584059547500},"id":"invoked"}}
{"recorder_version":"20","session":"cce63320a402","build":"192.5728.98","bucket":"213","time":1584059547179,"group":{"id":"settings","version":"4"},"event":{"state":true,"data":{"component":"UISettings","created":1584059547501},"id":"invoked"}}
{"recorder_version":"20","session":"cce63320a402","build":"192.5728.98","bucket":"213","time":1584059547216,"group":{"id":"system.os","version":"3"},"event":{"state":true,"data":{"created":1584059547502,"version":"10.14"},"id":"Mac"}}
{"recorder_version":"20","session":"cce63320a402","build":"192.5728.98","bucket":"213","time":1584059547216,"group":{"id":"system.os","version":"3"},"event":{"state":true,"data":{"created":1584059547503,"name":"Mac","version":"10.14"},"id":"os.name"}}
{"recorder_version":"20","session":"cce63320a402","build":"192.5728.98","bucket":"213","time":1584059547216,"group":{"id":"system.os","version":"3"},"event":{"state":true,"data":{"created":1584059547505,"value":"-05_00"},"id":"os.timezone"}}
{"recorder_version":"20","session":"cce63320a402","build":"192.5728.98","bucket":"213","time":1584059547216,"group":{"id":"system.os","version":"3"},"event":{"state":true,"data":{"created":1584059547506},"id":"invoked"}}
{"recorder_version":"20","session":"cce63320a402","build":"192.5728.98","bucket":"213","time":1584059547475,"group":{"id":"event.log","version":"20"},"event":{"count":1,"data":{"created":1584059547507,"version":"1156.0"},"id":"whitelist.loaded"}}
{"recorder_version":"20","session":"cce63320a402","build":"192.5728.98","bucket":"213","time":1584059550590,"group":{"id":"settings","version":"4"},"event":{"state":true,"data":{"component":"UpdatesConfigurable","created":1584059550591,"name":"checkNeeded","type":"bool","value":false},"id":"not.default"}}
{"recorder_version":"20","session":"cce63320a402","build":"192.5728.98","bucket":"213","time":1584059550591,"group":{"id":"settings","version":"4"},"event":{"state":true,"data":{"component":"UpdatesConfigurable","created":1584059550592},"id":"invoked"}}
{"recorder_version":"20","session":"cce63320a402","build":"192.5728.98","bucket":"213","time":1584059550922,"group":{"id":"settings","version":"4"},"event":{"state":true,"data":{"component":"GeneralSettings","created":1584059550922,"name":"showTipsOnStartup","type":"bool","value":false},"id":"not.default"}}
{"recorder_version":"20","session":"cce63320a402","build":"192.5728.98","bucket":"213","time":1584059550922,"group":{"id":"settings","version":"4"},"event":{"state":true,"data":{"component":"GeneralSettings","created":1584059550925},"id":"invoked"}}
{"recorder_version":"20","session":"cce63320a402","build":"192.5728.98","bucket":"213","time":1584059550932,"group":{"id":"lifecycle","version":"20"},"event":{"count":1,"data":{"internal":true,"eap":false,"created":1584059550932},"id":"ide.start"}}
{"recorder_version":"20","session":"cce63320a402","build":"192.5728.98","bucket":"213","time":1584059551505,"group":{"id":"lifecycle","version":"20"},"event":{"count":1,"data":{"created":1584059551505},"id":"frame.activated"}}
{"recorder_version":"20","session":"cce63320a402","build":"192.5728.98","bucket":"213","time":1584059551519,"group":{"id":"performance","version":"20"},"event":{"count":1,"data":{"duration_ms":853,"created":1584059551520},"id":"ui.latency"}}
{"recorder_version":"20","session":"cce63320a402","build":"192.5728.98","bucket":"213","time":1584059551520,"group":{"id":"performance","version":"20"},"event":{"count":1,"data":{"duration_ms":853,"created":1584059551521},"id":"ui.lagging"}}
{"recorder_version":"20","session":"cce63320a402","build":"192.5728.98","bucket":"213","time":1584059551876,"group":{"id":"performance","version":"20"},"event":{"count":1,"data":{"duration_ms":209,"created":1584059551876},"id":"ui.lagging"}}
{"recorder_version":"20","session":"cce63320a402","build":"192.5728.98","bucket":"213","time":1584059552236,"group":{"id":"ui.dialogs","version":"20"},"event":{"count":1,"data":{"created":1584059552238,"plugin_type":"PLATFORM","type":"show"},"id":"com.intellij.openapi.progress.util.ProgressDialog$MyDialogWrapper"}}
{"recorder_version":"20","session":"cce63320a402","build":"192.5728.98","bucket":"213","time":1584059554817,"group":{"id":"lifecycle","version":"20"},"event":{"count":1,"data":{"created":1584059554817,"project":"3ac4613ba6df8205a6772f403ddea29cb4b8e6dd420a4b1106d504d4a525f0ed"},"id":"project.opened"}}
{"recorder_version":"20","session":"cce63320a402","build":"192.5728.98","bucket":"213","time":1584059556134,"group":{"id":"performance","version":"20"},"event":{"count":1,"data":{"duration_ms":457,"created":1584059556134},"id":"ui.lagging"}}
{"recorder_version":"20","session":"cce63320a402","build":"192.5728.98","bucket":"213","time":1584059557746,"group":{"id":"settings","version":"4"},"event":{"state":true,"data":{"component":"XmlEditorOptions","created":1584059557746},"id":"invoked"}}
{"recorder_version":"20","session":"cce63320a402","build":"192.5728.98","bucket":"213","time":1584059557816,"group":{"id":"performance","version":"20"},"event":{"count":1,"data":{"duration_ms":136,"created":1584059557816},"id":"ui.lagging"}}
{"recorder_version":"20","session":"cce63320a402","build":"192.5728.98","bucket":"213","time":1584059559772,"group":{"id":"toolwindow","version":"20"},"event":{"count":1,"data":{"os":"Mac","created":1584059559777,"plugin_type":"NOT_LISTED"},"id":"third.party"}}
{"recorder_version":"20","session":"cce63320a402","build":"192.5728.98","bucket":"213","time":1584059560764,"group":{"id":"performance","version":"20"},"event":{"count":1,"data":{"duration_ms":1082,"created":1584059560765},"id":"ui.lagging"}}
{"recorder_version":"20","session":"cce63320a402","build":"192.5728.98","bucket":"213","time":1584059560856,"group":{"id":"performance","version":"20"},"event":{"count":1,"data":{"duration_ms":169,"created":1584059560856},"id":"ui.lagging"}}
{"recorder_version":"20","session":"cce63320a402","build":"192.5728.98","bucket":"213","time":1584059563866,"group":{"id":"performance","version":"20"},"event":{"count":1,"data":{"duration_ms":174,"created":1584059563866},"id":"ui.lagging"}}
{"recorder_version":"20","session":"cce63320a402","build":"192.5728.98","bucket":"213","time":1584059565374,"group":{"id":"project.fs","version":"1"},"event":{"state":true,"data":{"os":"Mac","cs-project":false,"created":1584059565375,"project":"3ac4613ba6df8205a6772f403ddea29cb4b8e6dd420a4b1106d504d4a525f0ed","cs-implicit":true,"cs-system":false},"id":"case-sensitivity"}}
{"recorder_version":"20","session":"cce63320a402","build":"192.5728.98","bucket":"213","time":1584059565374,"group":{"id":"project.fs","version":"1"},"event":{"state":true,"data":{"created":1584059565375},"id":"invoked"}}
{"recorder_version":"20","session":"cce63320a402","build":"192.5728.98","bucket":"213","time":1584059565376,"group":{"id":"project.fs","version":"1"},"event":{"state":true,"data":{"pct-non-watched":0,"created":1584059565376,"project":"3ac4613ba6df8205a6772f403ddea29cb4b8e6dd420a4b1106d504d4a525f0ed"},"id":"roots-watched"}}
{"recorder_version":"20","session":"cce63320a402","build":"192.5728.98","bucket":"213","time":1584059565376,"group":{"id":"project.fs","version":"1"},"event":{"state":true,"data":{"created":1584059565376},"id":"invoked"}}
{"recorder_version":"20","session":"cce63320a402","build":"192.5728.98","bucket":"213","time":1584059565518,"group":{"id":"ui.dialogs","version":"20"},"event":{"count":1,"data":{"code":1,"created":1584059565518,"plugin_type":"PLATFORM","type":"close"},"id":"com.intellij.openapi.progress.util.ProgressDialog$MyDialogWrapper"}}
{"recorder_version":"20","session":"cce63320a402","build":"192.5728.98","bucket":"213","time":1584059566051,"group":{"id":"lifecycle","version":"20"},"event":{"count":1,"data":{"duration_ms":14045,"created":1584059566051,"project":"3ac4613ba6df8205a6772f403ddea29cb4b8e6dd420a4b1106d504d4a525f0ed"},"id":"project.opening.finished"}}
{"recorder_version":"20","session":"cce63320a402","build":"192.5728.98","bucket":"213","time":1584059580817,"group":{"id":"lifecycle","version":"20"},"event":{"count":1,"data":{"created":1584059580817,"project":"3ac4613ba6df8205a6772f403ddea29cb4b8e6dd420a4b1106d504d4a525f0ed"},"id":"frame.deactivated"}}
{"recorder_version":"20","session":"cce63320a402","build":"192.5728.98","bucket":"213","time":1584059581890,"group":{"id":"performance","version":"20"},"event":{"count":1,"data":{"duration_ms":145,"created":1584059581890},"id":"ui.lagging"}}
{"recorder_version":"20","session":"cce63320a402","build":"192.5728.98","bucket":"213","time":1584059582587,"group":{"id":"lifecycle","version":"20"},"event":{"count":1,"data":{"created":1584059582589,"project":"3ac4613ba6df8205a6772f403ddea29cb4b8e6dd420a4b1106d504d4a525f0ed"},"id":"frame.activated"}}
{"recorder_version":"20","session":"cce63320a402","build":"192.5728.98","bucket":"213","time":1584059583887,"group":{"id":"lifecycle","version":"20"},"event":{"count":1,"data":{"created":1584059583888,"project":"3ac4613ba6df8205a6772f403ddea29cb4b8e6dd420a4b1106d504d4a525f0ed"},"id":"frame.deactivated"}}
{"recorder_version":"20","session":"cce63320a402","build":"192.5728.98","bucket":"213","time":1584059586329,"group":{"id":"lifecycle","version":"20"},"event":{"count":1,"data":{"created":1584059586332,"project":"3ac4613ba6df8205a6772f403ddea29cb4b8e6dd420a4b1106d504d4a525f0ed"},"id":"frame.activated"}}
{"recorder_version":"20","session":"cce63320a402","build":"192.5728.98","bucket":"213","time":1584059588253,"group":{"id":"lifecycle","version":"20"},"event":{"count":1,"data":{"created":1584059588254,"project":"3ac4613ba6df8205a6772f403ddea29cb4b8e6dd420a4b1106d504d4a525f0ed"},"id":"frame.deactivated"}}
{"recorder_version":"20","session":"cce63320a402","build":"192.5728.98","bucket":"213","time":1584059610023,"group":{"id":"lifecycle","version":"20"},"event":{"count":1,"data":{"created":1584059610025,"project":"3ac4613ba6df8205a6772f403ddea29cb4b8e6dd420a4b1106d504d4a525f0ed"},"id":"frame.activated"}}
{"recorder_version":"20","session":"cce63320a402","build":"192.5728.98","bucket":"213","time":1584059633073,"group":{"id":"lifecycle","version":"20"},"event":{"count":1,"data":{"created":1584059633075,"project":"3ac4613ba6df8205a6772f403ddea29cb4b8e6dd420a4b1106d504d4a525f0ed"},"id":"frame.deactivated"}}
{"recorder_version":"20","session":"cce63320a402","build":"192.5728.98","bucket":"213","time":1584059646640,"group":{"id":"lifecycle","version":"20"},"event":{"count":1,"data":{"created":1584059646644,"project":"3ac4613ba6df8205a6772f403ddea29cb4b8e6dd420a4b1106d504d4a525f0ed"},"id":"frame.activated"}}
{"recorder_version":"20","session":"cce63320a402","build":"192.5728.98","bucket":"213","time":1584059651304,"group":{"id":"lifecycle","version":"20"},"event":{"count":1,"data":{"created":1584059651304,"project":"3ac4613ba6df8205a6772f403ddea29cb4b8e6dd420a4b1106d504d4a525f0ed"},"id":"frame.deactivated"}}
{"recorder_version":"20","session":"cce63320a402","build":"192.5728.98","bucket":"213","time":1584059651955,"group":{"id":"performance","version":"20"},"event":{"count":1,"data":{"duration_ms":0,"created":1584059651955},"id":"ui.latency"}}
{"recorder_version":"20","session":"cce63320a402","build":"192.5728.98","bucket":"213","time":1584059656398,"group":{"id":"lifecycle","version":"20"},"event":{"count":1,"data":{"created":1584059656402,"project":"3ac4613ba6df8205a6772f403ddea29cb4b8e6dd420a4b1106d504d4a525f0ed"},"id":"frame.activated"}}
{"recorder_version":"20","session":"cce63320a402","build":"192.5728.98","bucket":"213","time":1584059657554,"group":{"id":"lifecycle","version":"20"},"event":{"count":1,"data":{"created":1584059657554,"project":"3ac4613ba6df8205a6772f403ddea29cb4b8e6dd420a4b1106d504d4a525f0ed"},"id":"frame.deactivated"}}
{"recorder_version":"20","session":"cce63320a402","build":"192.5728.98","bucket":"213","time":1584059671958,"group":{"id":"lifecycle","version":"20"},"event":{"count":1,"data":{"created":1584059671961,"project":"3ac4613ba6df8205a6772f403ddea29cb4b8e6dd420a4b1106d504d4a525f0ed"},"id":"frame.activated"}}
{"recorder_version":"20","session":"cce63320a402","build":"192.5728.98","bucket":"213","time":1584059673344,"group":{"id":"lifecycle","version":"20"},"event":{"count":1,"data":{"created":1584059673344,"project":"3ac4613ba6df8205a6772f403ddea29cb4b8e6dd420a4b1106d504d4a525f0ed"},"id":"frame.deactivated"}}
{"recorder_version":"20","session":"cce63320a402","build":"192.5728.98","bucket":"213","time":1584059679915,"group":{"id":"lifecycle","version":"20"},"event":{"count":1,"data":{"created":1584059679919,"project":"3ac4613ba6df8205a6772f403ddea29cb4b8e6dd420a4b1106d504d4a525f0ed"},"id":"frame.activated"}}
{"recorder_version":"20","session":"cce63320a402","build":"192.5728.98","bucket":"213","time":1584059685393,"group":{"id":"lifecycle","version":"20"},"event":{"count":1,"data":{"created":1584059685394,"project":"3ac4613ba6df8205a6772f403ddea29cb4b8e6dd420a4b1106d504d4a525f0ed"},"id":"frame.deactivated"}}
{"recorder_version":"20","session":"cce63320a402","build":"192.5728.98","bucket":"213","time":1584059699702,"group":{"id":"lifecycle","version":"20"},"event":{"count":1,"data":{"created":1584059699703,"project":"3ac4613ba6df8205a6772f403ddea29cb4b8e6dd420a4b1106d504d4a525f0ed"},"id":"frame.activated"}}
{"recorder_version":"20","session":"cce63320a402","build":"192.5728.98","bucket":"213","time":1584059702857,"group":{"id":"lifecycle","version":"20"},"event":{"count":1,"data":{"created":1584059702858,"project":"3ac4613ba6df8205a6772f403ddea29cb4b8e6dd420a4b1106d504d4a525f0ed"},"id":"frame.deactivated"}}
{"recorder_version":"20","session":"cce63320a402","build":"192.5728.98","bucket":"213","time":1584059710476,"group":{"id":"lifecycle","version":"20"},"event":{"count":1,"data":{"created":1584059710479,"project":"3ac4613ba6df8205a6772f403ddea29cb4b8e6dd420a4b1106d504d4a525f0ed"},"id":"frame.activated"}}
{"recorder_version":"20","session":"cce63320a402","build":"192.5728.98","bucket":"213","time":1584059725556,"group":{"id":"actions","version":"20"},"event":{"count":1,"data":{"context_menu":false,"created":1584059725556,"plugin_type":"PLATFORM","project":"3ac4613ba6df8205a6772f403ddea29cb4b8e6dd420a4b1106d504d4a525f0ed","place":"keyboard_shortcut","class":"com.intellij.ide.actions.SaveAllAction","input_event":"Meta+S"},"id":"SaveAll"}}
