{"recorder_version":"20","session":"64b99359ff4d","build":"192.5728.98","bucket":"213","time":1584057431823,"group":{"id":"settings","version":"4"},"event":{"state":true,"data":{"component":"NotRoamableUiSettings","created":1584057432122},"id":"invoked"}}
{"recorder_version":"20","session":"64b99359ff4d","build":"192.5728.98","bucket":"213","time":1584057431827,"group":{"id":"system.java","version":"1"},"event":{"state":true,"data":{"created":1584057432125,"version":"validation.undefined_rule"},"id":"validation.undefined_rule"}}
{"recorder_version":"20","session":"64b99359ff4d","build":"192.5728.98","bucket":"213","time":1584057431827,"group":{"id":"system.java","version":"1"},"event":{"state":true,"data":{"created":1584057432138},"id":"invoked"}}
{"recorder_version":"20","session":"64b99359ff4d","build":"192.5728.98","bucket":"213","time":1584057431828,"group":{"id":"settings","version":"4"},"event":{"state":true,"data":{"component":"UISettings","created":1584057432139},"id":"invoked"}}
{"recorder_version":"20","session":"64b99359ff4d","build":"192.5728.98","bucket":"213","time":1584057431865,"group":{"id":"system.os","version":"3"},"event":{"state":true,"data":{"created":1584057432142,"version":"10.14"},"id":"Mac"}}
{"recorder_version":"20","session":"64b99359ff4d","build":"192.5728.98","bucket":"213","time":1584057431865,"group":{"id":"system.os","version":"3"},"event":{"state":true,"data":{"created":1584057432143,"name":"Mac","version":"10.14"},"id":"os.name"}}
{"recorder_version":"20","session":"64b99359ff4d","build":"192.5728.98","bucket":"213","time":1584057431865,"group":{"id":"system.os","version":"3"},"event":{"state":true,"data":{"created":1584057432145,"value":"-05_00"},"id":"os.timezone"}}
{"recorder_version":"20","session":"64b99359ff4d","build":"192.5728.98","bucket":"213","time":1584057431865,"group":{"id":"system.os","version":"3"},"event":{"state":true,"data":{"created":1584057432147},"id":"invoked"}}
{"recorder_version":"20","session":"64b99359ff4d","build":"192.5728.98","bucket":"213","time":1584057432121,"group":{"id":"event.log","version":"20"},"event":{"count":1,"data":{"created":1584057432148,"version":"1156.0"},"id":"whitelist.loaded"}}
{"recorder_version":"20","session":"64b99359ff4d","build":"192.5728.98","bucket":"213","time":1584057435232,"group":{"id":"settings","version":"4"},"event":{"state":true,"data":{"component":"UpdatesConfigurable","created":1584057435233,"name":"checkNeeded","type":"bool","value":false},"id":"not.default"}}
{"recorder_version":"20","session":"64b99359ff4d","build":"192.5728.98","bucket":"213","time":1584057435232,"group":{"id":"settings","version":"4"},"event":{"state":true,"data":{"component":"UpdatesConfigurable","created":1584057435234},"id":"invoked"}}
{"recorder_version":"20","session":"64b99359ff4d","build":"192.5728.98","bucket":"213","time":1584057435485,"group":{"id":"settings","version":"4"},"event":{"state":true,"data":{"component":"GeneralSettings","created":1584057435486,"name":"showTipsOnStartup","type":"bool","value":false},"id":"not.default"}}
{"recorder_version":"20","session":"64b99359ff4d","build":"192.5728.98","bucket":"213","time":1584057435485,"group":{"id":"settings","version":"4"},"event":{"state":true,"data":{"component":"GeneralSettings","created":1584057435488},"id":"invoked"}}
{"recorder_version":"20","session":"64b99359ff4d","build":"192.5728.98","bucket":"213","time":1584057435493,"group":{"id":"lifecycle","version":"20"},"event":{"count":1,"data":{"internal":true,"eap":false,"created":1584057435494},"id":"ide.start"}}
{"recorder_version":"20","session":"64b99359ff4d","build":"192.5728.98","bucket":"213","time":1584057436164,"group":{"id":"lifecycle","version":"20"},"event":{"count":1,"data":{"created":1584057436164},"id":"frame.activated"}}
{"recorder_version":"20","session":"64b99359ff4d","build":"192.5728.98","bucket":"213","time":1584057436339,"group":{"id":"performance","version":"20"},"event":{"count":1,"data":{"duration_ms":984,"created":1584057436340},"id":"ui.latency"}}
{"recorder_version":"20","session":"64b99359ff4d","build":"192.5728.98","bucket":"213","time":1584057436339,"group":{"id":"performance","version":"20"},"event":{"count":1,"data":{"duration_ms":984,"created":1584057436341},"id":"ui.lagging"}}
{"recorder_version":"20","session":"64b99359ff4d","build":"192.5728.98","bucket":"213","time":1584057436802,"group":{"id":"ui.dialogs","version":"20"},"event":{"count":1,"data":{"created":1584057436805,"plugin_type":"PLATFORM","type":"show"},"id":"com.intellij.openapi.progress.util.ProgressDialog$MyDialogWrapper"}}
{"recorder_version":"20","session":"64b99359ff4d","build":"192.5728.98","bucket":"213","time":1584057439527,"group":{"id":"lifecycle","version":"20"},"event":{"count":1,"data":{"created":1584057439527,"project":"3ac4613ba6df8205a6772f403ddea29cb4b8e6dd420a4b1106d504d4a525f0ed"},"id":"project.opened"}}
{"recorder_version":"20","session":"64b99359ff4d","build":"192.5728.98","bucket":"213","time":1584057440830,"group":{"id":"performance","version":"20"},"event":{"count":1,"data":{"duration_ms":462,"created":1584057440830},"id":"ui.lagging"}}
{"recorder_version":"20","session":"64b99359ff4d","build":"192.5728.98","bucket":"213","time":1584057442440,"group":{"id":"settings","version":"4"},"event":{"state":true,"data":{"component":"XmlEditorOptions","created":1584057442440},"id":"invoked"}}
{"recorder_version":"20","session":"64b99359ff4d","build":"192.5728.98","bucket":"213","time":1584057442510,"group":{"id":"performance","version":"20"},"event":{"count":1,"data":{"duration_ms":141,"created":1584057442510},"id":"ui.lagging"}}
{"recorder_version":"20","session":"64b99359ff4d","build":"192.5728.98","bucket":"213","time":1584057444476,"group":{"id":"toolwindow","version":"20"},"event":{"count":1,"data":{"os":"Mac","created":1584057444481,"plugin_type":"NOT_LISTED"},"id":"third.party"}}
{"recorder_version":"20","session":"64b99359ff4d","build":"192.5728.98","bucket":"213","time":1584057445310,"group":{"id":"performance","version":"20"},"event":{"count":1,"data":{"duration_ms":937,"created":1584057445311},"id":"ui.lagging"}}
{"recorder_version":"20","session":"64b99359ff4d","build":"192.5728.98","bucket":"213","time":1584057445994,"group":{"id":"performance","version":"20"},"event":{"count":1,"data":{"duration_ms":619,"created":1584057445994},"id":"ui.lagging"}}
{"recorder_version":"20","session":"64b99359ff4d","build":"192.5728.98","bucket":"213","time":1584057449569,"group":{"id":"performance","version":"20"},"event":{"count":1,"data":{"duration_ms":190,"created":1584057449569},"id":"ui.lagging"}}
{"recorder_version":"20","session":"64b99359ff4d","build":"192.5728.98","bucket":"213","time":1584057449870,"group":{"id":"project.fs","version":"1"},"event":{"state":true,"data":{"os":"Mac","cs-project":false,"created":1584057449870,"project":"3ac4613ba6df8205a6772f403ddea29cb4b8e6dd420a4b1106d504d4a525f0ed","cs-implicit":true,"cs-system":false},"id":"case-sensitivity"}}
{"recorder_version":"20","session":"64b99359ff4d","build":"192.5728.98","bucket":"213","time":1584057449870,"group":{"id":"project.fs","version":"1"},"event":{"state":true,"data":{"created":1584057449870},"id":"invoked"}}
{"recorder_version":"20","session":"64b99359ff4d","build":"192.5728.98","bucket":"213","time":1584057449871,"group":{"id":"project.fs","version":"1"},"event":{"state":true,"data":{"pct-non-watched":0,"created":1584057449871,"project":"3ac4613ba6df8205a6772f403ddea29cb4b8e6dd420a4b1106d504d4a525f0ed"},"id":"roots-watched"}}
{"recorder_version":"20","session":"64b99359ff4d","build":"192.5728.98","bucket":"213","time":1584057449871,"group":{"id":"project.fs","version":"1"},"event":{"state":true,"data":{"created":1584057449872},"id":"invoked"}}
{"recorder_version":"20","session":"64b99359ff4d","build":"192.5728.98","bucket":"213","time":1584057450003,"group":{"id":"ui.dialogs","version":"20"},"event":{"count":1,"data":{"code":1,"created":1584057450003,"plugin_type":"PLATFORM","type":"close"},"id":"com.intellij.openapi.progress.util.ProgressDialog$MyDialogWrapper"}}
{"recorder_version":"20","session":"64b99359ff4d","build":"192.5728.98","bucket":"213","time":1584057450381,"group":{"id":"lifecycle","version":"20"},"event":{"count":1,"data":{"duration_ms":13780,"created":1584057450381,"project":"3ac4613ba6df8205a6772f403ddea29cb4b8e6dd420a4b1106d504d4a525f0ed"},"id":"project.opening.finished"}}
{"recorder_version":"20","session":"64b99359ff4d","build":"192.5728.98","bucket":"213","time":1584057452537,"group":{"id":"performance","version":"20"},"event":{"count":1,"data":{"duration_ms":154,"created":1584057452537},"id":"ui.lagging"}}
{"recorder_version":"20","session":"64b99359ff4d","build":"192.5728.98","bucket":"213","time":1584057454789,"group":{"id":"toolwindow","version":"20"},"event":{"count":1,"data":{"os":"Mac","created":1584057454789,"plugin_type":"NOT_LISTED"},"id":"third.party"}}
